# JRE version: Java(TM) SE Runtime Environment (13.0.2+8) (build 13.0.2+8)
# Java VM: Java HotSpot(TM) 64-Bit Server VM (13.0.2+8, mixed mode, sharing, tiered, compressed oops, g1 gc, windows-amd64)
Heap:
 garbage-first heap   total 442368K, used 193351K [0x00000000c1600000, 0x0000000100000000)
  region size 1024K, 3 young (3072K), 3 survivors (3072K)
 Metaspace       used 23726K, capacity 24190K, committed 24320K, reserved 1071104K
  class space    used 2664K, capacity 2816K, committed 2816K, reserved 1048576K
GC Heap History (20 events):
Event: 1.050 GC heap before
{Heap before GC invocations=0 (full 0):
 garbage-first heap   total 65536K, used 14336K [0x00000000c1600000, 0x0000000100000000)
  region size 1024K, 14 young (14336K), 0 survivors (0K)
 Metaspace       used 7217K, capacity 7547K, committed 7808K, reserved 1056768K
  class space    used 719K, capacity 834K, committed 896K, reserved 1048576K
}
Event: 1.056 GC heap after
{Heap after GC invocations=1 (full 0):
 garbage-first heap   total 65536K, used 4594K [0x00000000c1600000, 0x0000000100000000)
  region size 1024K, 2 young (2048K), 2 survivors (2048K)
 Metaspace       used 7217K, capacity 7547K, committed 7808K, reserved 1056768K
  class space    used 719K, capacity 834K, committed 896K, reserved 1048576K
}
Event: 2.459 GC heap before
{Heap before GC invocations=1 (full 0):
 garbage-first heap   total 65536K, used 10738K [0x00000000c1600000, 0x0000000100000000)
  region size 1024K, 8 young (8192K), 2 survivors (2048K)
 Metaspace       used 10092K, capacity 10448K, committed 10752K, reserved 1058816K
  class space    used 1025K, capacity 1161K, committed 1280K, reserved 1048576K
}
Event: 2.464 GC heap after
{Heap after GC invocations=2 (full 0):
 garbage-first heap   total 65536K, used 7055K [0x00000000c1600000, 0x0000000100000000)
  region size 1024K, 1 young (1024K), 1 survivors (1024K)
 Metaspace       used 10092K, capacity 10448K, committed 10752K, reserved 1058816K
  class space    used 1025K, capacity 1161K, committed 1280K, reserved 1048576K
}
Event: 7.898 GC heap before
{Heap before GC invocations=2 (full 0):
 garbage-first heap   total 65536K, used 26511K [0x00000000c1600000, 0x0000000100000000)
  region size 1024K, 21 young (21504K), 1 survivors (1024K)
 Metaspace       used 18347K, capacity 18763K, committed 19072K, reserved 1067008K
  class space    used 1980K, capacity 2117K, committed 2176K, reserved 1048576K
}
Event: 7.917 GC heap after
{Heap after GC invocations=3 (full 0):
 garbage-first heap   total 65536K, used 10132K [0x00000000c1600000, 0x0000000100000000)
  region size 1024K, 3 young (3072K), 3 survivors (3072K)
 Metaspace       used 18347K, capacity 18763K, committed 19072K, reserved 1067008K
  class space    used 1980K, capacity 2117K, committed 2176K, reserved 1048576K
}
Event: 11.705 GC heap before
{Heap before GC invocations=3 (full 0):
 garbage-first heap   total 65536K, used 15252K [0x00000000c1600000, 0x0000000100000000)
  region size 1024K, 10 young (10240K), 3 survivors (3072K)
 Metaspace       used 20770K, capacity 21148K, committed 21248K, reserved 1069056K
  class space    used 2314K, capacity 2464K, committed 2560K, reserved 1048576K
}
Event: 11.730 GC heap after
{Heap after GC invocations=4 (full 0):
 garbage-first heap   total 65536K, used 12995K [0x00000000c1600000, 0x0000000100000000)
  region size 1024K, 3 young (3072K), 3 survivors (3072K)
 Metaspace       used 20770K, capacity 21148K, committed 21248K, reserved 1069056K
  class space    used 2314K, capacity 2464K, committed 2560K, reserved 1048576K
}
Event: 13.000 GC heap before
{Heap before GC invocations=5 (full 0):
 garbage-first heap   total 48128K, used 14019K [0x00000000c1600000, 0x0000000100000000)
  region size 1024K, 5 young (5120K), 3 survivors (3072K)
 Metaspace       used 21104K, capacity 21487K, committed 21760K, reserved 1069056K
  class space    used 2390K, capacity 2534K, committed 2560K, reserved 1048576K
}
Event: 13.010 GC heap after
{Heap after GC invocations=6 (full 0):
 garbage-first heap   total 48128K, used 12920K [0x00000000c1600000, 0x0000000100000000)
  region size 1024K, 1 young (1024K), 1 survivors (1024K)
 Metaspace       used 21104K, capacity 21487K, committed 21760K, reserved 1069056K
  class space    used 2390K, capacity 2534K, committed 2560K, reserved 1048576K
}
Event: 13.736 GC heap before
{Heap before GC invocations=7 (full 0):
 garbage-first heap   total 327680K, used 201336K [0x00000000c1600000, 0x0000000100000000)
  region size 1024K, 12 young (12288K), 1 survivors (1024K)
 Metaspace       used 21106K, capacity 21487K, committed 21760K, reserved 1069056K
  class space    used 2390K, capacity 2534K, committed 2560K, reserved 1048576K
}
Event: 13.738 GC heap after
{Heap after GC invocations=8 (full 0):
 garbage-first heap   total 327680K, used 191042K [0x00000000c1600000, 0x0000000100000000)
  region size 1024K, 1 young (1024K), 1 survivors (1024K)
 Metaspace       used 21106K, capacity 21487K, committed 21760K, reserved 1069056K
  class space    used 2390K, capacity 2534K, committed 2560K, reserved 1048576K
}
Event: 20.254 GC heap before
{Heap before GC invocations=8 (full 0):
 garbage-first heap   total 327680K, used 228930K [0x00000000c1600000, 0x0000000100000000)
  region size 1024K, 39 young (39936K), 1 survivors (1024K)
 Metaspace       used 21106K, capacity 21487K, committed 21760K, reserved 1069056K
  class space    used 2390K, capacity 2534K, committed 2560K, reserved 1048576K
}
Event: 20.257 GC heap after
{Heap after GC invocations=9 (full 0):
 garbage-first heap   total 327680K, used 191033K [0x00000000c1600000, 0x0000000100000000)
  region size 1024K, 1 young (1024K), 1 survivors (1024K)
 Metaspace       used 21106K, capacity 21487K, committed 21760K, reserved 1069056K
  class space    used 2390K, capacity 2534K, committed 2560K, reserved 1048576K
}
Event: 28.544 GC heap before
{Heap before GC invocations=10 (full 0):
 garbage-first heap   total 327680K, used 247353K [0x00000000c1600000, 0x0000000100000000)
  region size 1024K, 57 young (58368K), 1 survivors (1024K)
 Metaspace       used 21106K, capacity 21487K, committed 21760K, reserved 1069056K
  class space    used 2390K, capacity 2534K, committed 2560K, reserved 1048576K
}
Event: 28.548 GC heap after
{Heap after GC invocations=11 (full 0):
 garbage-first heap   total 327680K, used 191037K [0x00000000c1600000, 0x0000000100000000)
  region size 1024K, 1 young (1024K), 1 survivors (1024K)
 Metaspace       used 21106K, capacity 21487K, committed 21760K, reserved 1069056K
  class space    used 2390K, capacity 2534K, committed 2560K, reserved 1048576K
}
Event: 36.046 GC heap before
{Heap before GC invocations=11 (full 0):
 garbage-first heap   total 327680K, used 258621K [0x00000000c1600000, 0x0000000100000000)
  region size 1024K, 68 young (69632K), 1 survivors (1024K)
 Metaspace       used 21106K, capacity 21487K, committed 21760K, reserved 1069056K
  class space    used 2390K, capacity 2534K, committed 2560K, reserved 1048576K
}
Event: 36.051 GC heap after
{Heap after GC invocations=12 (full 0):
 garbage-first heap   total 327680K, used 191038K [0x00000000c1600000, 0x0000000100000000)
  region size 1024K, 1 young (1024K), 1 survivors (1024K)
 Metaspace       used 21106K, capacity 21487K, committed 21760K, reserved 1069056K
  class space    used 2390K, capacity 2534K, committed 2560K, reserved 1048576K
}
Event: 68.963 GC heap before
{Heap before GC invocations=13 (full 0):
 garbage-first heap   total 327680K, used 207422K [0x00000000c1600000, 0x0000000100000000)
  region size 1024K, 19 young (19456K), 1 survivors (1024K)
 Metaspace       used 23726K, capacity 24190K, committed 24320K, reserved 1071104K
  class space    used 2664K, capacity 2816K, committed 2816K, reserved 1048576K
}
Event: 68.967 GC heap after
{Heap after GC invocations=14 (full 0):
 garbage-first heap   total 327680K, used 193351K [0x00000000c1600000, 0x0000000100000000)
  region size 1024K, 3 young (3072K), 3 survivors (3072K)
 Metaspace       used 23726K, capacity 24190K, committed 24320K, reserved 1071104K
  class space    used 2664K, capacity 2816K, committed 2816K, reserved 1048576K
}

