# JRE version: Java(TM) SE Runtime Environment (13.0.2+8) (build 13.0.2+8)
# Java VM: Java HotSpot(TM) 64-Bit Server VM (13.0.2+8, mixed mode, sharing, tiered, compressed oops, g1 gc, windows-amd64)
Heap:
 garbage-first heap   total 180224K, used 5234K [0x00000000c1600000, 0x0000000100000000)
  region size 1024K, 2 young (2048K), 2 survivors (2048K)
 Metaspace       used 11830K, capacity 12139K, committed 12288K, reserved 1060864K
  class space    used 1288K, capacity 1414K, committed 1536K, reserved 1048576K
GC Heap History (8 events):
Event: 0.893 GC heap before
{Heap before GC invocations=0 (full 0):
 garbage-first heap   total 65536K, used 14336K [0x00000000c1600000, 0x0000000100000000)
  region size 1024K, 14 young (14336K), 0 survivors (0K)
 Metaspace       used 6498K, capacity 6795K, committed 7040K, reserved 1056768K
  class space    used 704K, capacity 811K, committed 896K, reserved 1048576K
}
Event: 0.899 GC heap after
{Heap after GC invocations=1 (full 0):
 garbage-first heap   total 65536K, used 3312K [0x00000000c1600000, 0x0000000100000000)
  region size 1024K, 2 young (2048K), 2 survivors (2048K)
 Metaspace       used 6498K, capacity 6795K, committed 7040K, reserved 1056768K
  class space    used 704K, capacity 811K, committed 896K, reserved 1048576K
}
Event: 1.152 GC heap before
{Heap before GC invocations=1 (full 0):
 garbage-first heap   total 65536K, used 8432K [0x00000000c1600000, 0x0000000100000000)
  region size 1024K, 7 young (7168K), 2 survivors (2048K)
 Metaspace       used 9089K, capacity 9402K, committed 9728K, reserved 1058816K
  class space    used 1055K, capacity 1166K, committed 1280K, reserved 1048576K
}
Event: 1.159 GC heap after
{Heap after GC invocations=2 (full 0):
 garbage-first heap   total 65536K, used 4124K [0x00000000c1600000, 0x0000000100000000)
  region size 1024K, 1 young (1024K), 1 survivors (1024K)
 Metaspace       used 9089K, capacity 9402K, committed 9728K, reserved 1058816K
  class space    used 1055K, capacity 1166K, committed 1280K, reserved 1048576K
}
Event: 2.328 GC heap before
{Heap before GC invocations=2 (full 0):
 garbage-first heap   total 65536K, used 26652K [0x00000000c1600000, 0x0000000100000000)
  region size 1024K, 23 young (23552K), 1 survivors (1024K)
 Metaspace       used 11201K, capacity 11532K, committed 11648K, reserved 1058816K
  class space    used 1210K, capacity 1338K, committed 1408K, reserved 1048576K
}
Event: 2.331 GC heap after
{Heap after GC invocations=3 (full 0):
 garbage-first heap   total 65536K, used 4778K [0x00000000c1600000, 0x0000000100000000)
  region size 1024K, 2 young (2048K), 2 survivors (2048K)
 Metaspace       used 11201K, capacity 11532K, committed 11648K, reserved 1058816K
  class space    used 1210K, capacity 1338K, committed 1408K, reserved 1048576K
}
Event: 2.396 GC heap before
{Heap before GC invocations=3 (full 0):
 garbage-first heap   total 65536K, used 5802K [0x00000000c1600000, 0x0000000100000000)
  region size 1024K, 4 young (4096K), 2 survivors (2048K)
 Metaspace       used 11830K, capacity 12139K, committed 12288K, reserved 1060864K
  class space    used 1288K, capacity 1414K, committed 1536K, reserved 1048576K
}
Event: 2.400 GC heap after
{Heap after GC invocations=4 (full 0):
 garbage-first heap   total 65536K, used 5234K [0x00000000c1600000, 0x0000000100000000)
  region size 1024K, 2 young (2048K), 2 survivors (2048K)
 Metaspace       used 11830K, capacity 12139K, committed 12288K, reserved 1060864K
  class space    used 1288K, capacity 1414K, committed 1536K, reserved 1048576K
}

