# JRE version: Java(TM) SE Runtime Environment (13.0.2+8) (build 13.0.2+8)
# Java VM: Java HotSpot(TM) 64-Bit Server VM (13.0.2+8, mixed mode, sharing, tiered, compressed oops, g1 gc, windows-amd64)
Heap:
 garbage-first heap   total 180224K, used 6452K [0x00000000c1600000, 0x0000000100000000)
  region size 1024K, 3 young (3072K), 2 survivors (2048K)
 Metaspace       used 12262K, capacity 12591K, committed 12800K, reserved 1060864K
  class space    used 1379K, capacity 1521K, committed 1536K, reserved 1048576K
GC Heap History (8 events):
Event: 1.251 GC heap before
{Heap before GC invocations=0 (full 0):
 garbage-first heap   total 65536K, used 14336K [0x00000000c1600000, 0x0000000100000000)
  region size 1024K, 14 young (14336K), 0 survivors (0K)
 Metaspace       used 10489K, capacity 10749K, committed 10880K, reserved 1058816K
  class space    used 1251K, capacity 1376K, committed 1408K, reserved 1048576K
}
Event: 1.259 GC heap after
{Heap after GC invocations=1 (full 0):
 garbage-first heap   total 65536K, used 5038K [0x00000000c1600000, 0x0000000100000000)
  region size 1024K, 2 young (2048K), 2 survivors (2048K)
 Metaspace       used 10489K, capacity 10749K, committed 10880K, reserved 1058816K
  class space    used 1251K, capacity 1376K, committed 1408K, reserved 1048576K
}
Event: 1.388 GC heap before
{Heap before GC invocations=1 (full 0):
 garbage-first heap   total 65536K, used 8110K [0x00000000c1600000, 0x0000000100000000)
  region size 1024K, 5 young (5120K), 2 survivors (2048K)
 Metaspace       used 10825K, capacity 11069K, committed 11136K, reserved 1058816K
  class space    used 1270K, capacity 1376K, committed 1408K, reserved 1048576K
}
Event: 1.393 GC heap after
{Heap after GC invocations=2 (full 0):
 garbage-first heap   total 65536K, used 5383K [0x00000000c1600000, 0x0000000100000000)
  region size 1024K, 1 young (1024K), 1 survivors (1024K)
 Metaspace       used 10825K, capacity 11069K, committed 11136K, reserved 1058816K
  class space    used 1270K, capacity 1376K, committed 1408K, reserved 1048576K
}
Event: 1.879 GC heap before
{Heap before GC invocations=2 (full 0):
 garbage-first heap   total 65536K, used 23815K [0x00000000c1600000, 0x0000000100000000)
  region size 1024K, 19 young (19456K), 1 survivors (1024K)
 Metaspace       used 11209K, capacity 11460K, committed 11648K, reserved 1058816K
  class space    used 1272K, capacity 1377K, committed 1408K, reserved 1048576K
}
Event: 1.881 GC heap after
{Heap after GC invocations=3 (full 0):
 garbage-first heap   total 65536K, used 5781K [0x00000000c1600000, 0x0000000100000000)
  region size 1024K, 1 young (1024K), 1 survivors (1024K)
 Metaspace       used 11209K, capacity 11460K, committed 11648K, reserved 1058816K
  class space    used 1272K, capacity 1377K, committed 1408K, reserved 1048576K
}
Event: 2.572 GC heap before
{Heap before GC invocations=3 (full 0):
 garbage-first heap   total 65536K, used 30357K [0x00000000c1600000, 0x0000000100000000)
  region size 1024K, 26 young (26624K), 1 survivors (1024K)
 Metaspace       used 12261K, capacity 12591K, committed 12800K, reserved 1060864K
  class space    used 1379K, capacity 1521K, committed 1536K, reserved 1048576K
}
Event: 2.577 GC heap after
{Heap after GC invocations=4 (full 0):
 garbage-first heap   total 65536K, used 6452K [0x00000000c1600000, 0x0000000100000000)
  region size 1024K, 2 young (2048K), 2 survivors (2048K)
 Metaspace       used 12261K, capacity 12591K, committed 12800K, reserved 1060864K
  class space    used 1379K, capacity 1521K, committed 1536K, reserved 1048576K
}

