# JRE version: Java(TM) SE Runtime Environment (13.0.2+8) (build 13.0.2+8)
# Java VM: Java HotSpot(TM) 64-Bit Server VM (13.0.2+8, mixed mode, sharing, tiered, compressed oops, g1 gc, windows-amd64)
Heap:
 garbage-first heap   total 324608K, used 191311K [0x00000000c1600000, 0x0000000100000000)
  region size 1024K, 4 young (4096K), 1 survivors (1024K)
 Metaspace       used 18950K, capacity 19382K, committed 19584K, reserved 1067008K
  class space    used 2157K, capacity 2342K, committed 2432K, reserved 1048576K
GC Heap History (10 events):
Event: 1.635 GC heap before
{Heap before GC invocations=0 (full 0):
 garbage-first heap   total 65536K, used 13312K [0x00000000c1600000, 0x0000000100000000)
  region size 1024K, 14 young (14336K), 0 survivors (0K)
 Metaspace       used 6211K, capacity 7137K, committed 7424K, reserved 1056768K
  class space    used 585K, capacity 682K, committed 768K, reserved 1048576K
}
Event: 1.644 GC heap after
{Heap after GC invocations=1 (full 0):
 garbage-first heap   total 65536K, used 5481K [0x00000000c1600000, 0x0000000100000000)
  region size 1024K, 2 young (2048K), 2 survivors (2048K)
 Metaspace       used 6211K, capacity 7137K, committed 7424K, reserved 1056768K
  class space    used 585K, capacity 682K, committed 768K, reserved 1048576K
}
Event: 2.563 GC heap before
{Heap before GC invocations=1 (full 0):
 garbage-first heap   total 65536K, used 14697K [0x00000000c1600000, 0x0000000100000000)
  region size 1024K, 11 young (11264K), 2 survivors (2048K)
 Metaspace       used 11451K, capacity 11772K, committed 11904K, reserved 1060864K
  class space    used 1200K, capacity 1313K, committed 1408K, reserved 1048576K
}
Event: 2.569 GC heap after
{Heap after GC invocations=2 (full 0):
 garbage-first heap   total 65536K, used 7723K [0x00000000c1600000, 0x0000000100000000)
  region size 1024K, 2 young (2048K), 2 survivors (2048K)
 Metaspace       used 11451K, capacity 11772K, committed 11904K, reserved 1060864K
  class space    used 1200K, capacity 1313K, committed 1408K, reserved 1048576K
}
Event: 3.697 GC heap before
{Heap before GC invocations=2 (full 0):
 garbage-first heap   total 65536K, used 24107K [0x00000000c1600000, 0x0000000100000000)
  region size 1024K, 20 young (20480K), 2 survivors (2048K)
 Metaspace       used 18949K, capacity 19382K, committed 19584K, reserved 1067008K
  class space    used 2157K, capacity 2342K, committed 2432K, reserved 1048576K
}
Event: 3.707 GC heap after
{Heap after GC invocations=3 (full 0):
 garbage-first heap   total 65536K, used 11813K [0x00000000c1600000, 0x0000000100000000)
  region size 1024K, 3 young (3072K), 3 survivors (3072K)
 Metaspace       used 18949K, capacity 19382K, committed 19584K, reserved 1067008K
  class space    used 2157K, capacity 2342K, committed 2432K, reserved 1048576K
}
Event: 4.154 GC heap before
{Heap before GC invocations=4 (full 0):
 garbage-first heap   total 317440K, used 201253K [0x00000000c1600000, 0x0000000100000000)
  region size 1024K, 15 young (15360K), 3 survivors (3072K)
 Metaspace       used 18950K, capacity 19382K, committed 19584K, reserved 1067008K
  class space    used 2157K, capacity 2342K, committed 2432K, reserved 1048576K
}
Event: 4.161 GC heap after
{Heap after GC invocations=5 (full 0):
 garbage-first heap   total 317440K, used 190443K [0x00000000c1600000, 0x0000000100000000)
  region size 1024K, 1 young (1024K), 1 survivors (1024K)
 Metaspace       used 18950K, capacity 19382K, committed 19584K, reserved 1067008K
  class space    used 2157K, capacity 2342K, committed 2432K, reserved 1048576K
}
Event: 4.590 GC heap before
{Heap before GC invocations=5 (full 0):
 garbage-first heap   total 317440K, used 224235K [0x00000000c1600000, 0x0000000100000000)
  region size 1024K, 35 young (35840K), 1 survivors (1024K)
 Metaspace       used 18950K, capacity 19382K, committed 19584K, reserved 1067008K
  class space    used 2157K, capacity 2342K, committed 2432K, reserved 1048576K
}
Event: 4.590 GC heap after
{Heap after GC invocations=6 (full 0):
 garbage-first heap   total 317440K, used 190287K [0x00000000c1600000, 0x0000000100000000)
  region size 1024K, 1 young (1024K), 1 survivors (1024K)
 Metaspace       used 18950K, capacity 19382K, committed 19584K, reserved 1067008K
  class space    used 2157K, capacity 2342K, committed 2432K, reserved 1048576K
}

