# JRE version: Java(TM) SE Runtime Environment (13.0.2+8) (build 13.0.2+8)
# Java VM: Java HotSpot(TM) 64-Bit Server VM (13.0.2+8, mixed mode, sharing, tiered, compressed oops, g1 gc, windows-amd64)
Heap:
 garbage-first heap   total 180224K, used 7168K [0x00000000c1600000, 0x0000000100000000)
  region size 1024K, 4 young (4096K), 3 survivors (3072K)
 Metaspace       used 12597K, capacity 12922K, committed 13056K, reserved 1060864K
  class space    used 1388K, capacity 1502K, committed 1536K, reserved 1048576K
GC Heap History (10 events):
Event: 0.824 GC heap before
{Heap before GC invocations=0 (full 0):
 garbage-first heap   total 65536K, used 14336K [0x00000000c1600000, 0x0000000100000000)
  region size 1024K, 14 young (14336K), 0 survivors (0K)
 Metaspace       used 8431K, capacity 8753K, committed 8960K, reserved 1056768K
  class space    used 1043K, capacity 1182K, committed 1280K, reserved 1048576K
}
Event: 0.830 GC heap after
{Heap after GC invocations=1 (full 0):
 garbage-first heap   total 65536K, used 4000K [0x00000000c1600000, 0x0000000100000000)
  region size 1024K, 2 young (2048K), 2 survivors (2048K)
 Metaspace       used 8431K, capacity 8753K, committed 8960K, reserved 1056768K
  class space    used 1043K, capacity 1182K, committed 1280K, reserved 1048576K
}
Event: 0.947 GC heap before
{Heap before GC invocations=1 (full 0):
 garbage-first heap   total 65536K, used 14240K [0x00000000c1600000, 0x0000000100000000)
  region size 1024K, 12 young (12288K), 2 survivors (2048K)
 Metaspace       used 8714K, capacity 9033K, committed 9216K, reserved 1056768K
  class space    used 1056K, capacity 1190K, committed 1280K, reserved 1048576K
}
Event: 0.951 GC heap after
{Heap after GC invocations=2 (full 0):
 garbage-first heap   total 65536K, used 4877K [0x00000000c1600000, 0x0000000100000000)
  region size 1024K, 1 young (1024K), 1 survivors (1024K)
 Metaspace       used 8714K, capacity 9033K, committed 9216K, reserved 1056768K
  class space    used 1056K, capacity 1190K, committed 1280K, reserved 1048576K
}
Event: 1.766 GC heap before
{Heap before GC invocations=2 (full 0):
 garbage-first heap   total 65536K, used 29453K [0x00000000c1600000, 0x0000000100000000)
  region size 1024K, 26 young (26624K), 1 survivors (1024K)
 Metaspace       used 10006K, capacity 10290K, committed 10624K, reserved 1058816K
  class space    used 1160K, capacity 1287K, committed 1408K, reserved 1048576K
}
Event: 1.772 GC heap after
{Heap after GC invocations=3 (full 0):
 garbage-first heap   total 65536K, used 5864K [0x00000000c1600000, 0x0000000100000000)
  region size 1024K, 2 young (2048K), 2 survivors (2048K)
 Metaspace       used 10006K, capacity 10290K, committed 10624K, reserved 1058816K
  class space    used 1160K, capacity 1287K, committed 1408K, reserved 1048576K
}
Event: 2.536 GC heap before
{Heap before GC invocations=3 (full 0):
 garbage-first heap   total 65536K, used 34536K [0x00000000c1600000, 0x0000000100000000)
  region size 1024K, 30 young (30720K), 2 survivors (2048K)
 Metaspace       used 11885K, capacity 12187K, committed 12544K, reserved 1060864K
  class space    used 1308K, capacity 1426K, committed 1536K, reserved 1048576K
}
Event: 2.541 GC heap after
{Heap after GC invocations=4 (full 0):
 garbage-first heap   total 65536K, used 6559K [0x00000000c1600000, 0x0000000100000000)
  region size 1024K, 3 young (3072K), 3 survivors (3072K)
 Metaspace       used 11885K, capacity 12187K, committed 12544K, reserved 1060864K
  class space    used 1308K, capacity 1426K, committed 1536K, reserved 1048576K
}
Event: 2.876 GC heap before
{Heap before GC invocations=4 (full 0):
 garbage-first heap   total 65536K, used 24991K [0x00000000c1600000, 0x0000000100000000)
  region size 1024K, 23 young (23552K), 3 survivors (3072K)
 Metaspace       used 12597K, capacity 12922K, committed 13056K, reserved 1060864K
  class space    used 1388K, capacity 1502K, committed 1536K, reserved 1048576K
}
Event: 2.884 GC heap after
{Heap after GC invocations=5 (full 0):
 garbage-first heap   total 65536K, used 7168K [0x00000000c1600000, 0x0000000100000000)
  region size 1024K, 3 young (3072K), 3 survivors (3072K)
 Metaspace       used 12597K, capacity 12922K, committed 13056K, reserved 1060864K
  class space    used 1388K, capacity 1502K, committed 1536K, reserved 1048576K
}

