# JRE version: Java(TM) SE Runtime Environment (13.0.2+8) (build 13.0.2+8)
# Java VM: Java HotSpot(TM) 64-Bit Server VM (13.0.2+8, mixed mode, sharing, tiered, compressed oops, g1 gc, windows-amd64)
Heap:
 garbage-first heap   total 180224K, used 12737K [0x00000000c1600000, 0x0000000100000000)
  region size 1024K, 2 young (2048K), 1 survivors (1024K)
 Metaspace       used 20053K, capacity 20392K, committed 20736K, reserved 1067008K
  class space    used 2292K, capacity 2443K, committed 2560K, reserved 1048576K
GC Heap History (8 events):
Event: 0.740 GC heap before
{Heap before GC invocations=0 (full 0):
 garbage-first heap   total 65536K, used 13312K [0x00000000c1600000, 0x0000000100000000)
  region size 1024K, 14 young (14336K), 0 survivors (0K)
 Metaspace       used 6684K, capacity 7248K, committed 7424K, reserved 1056768K
  class space    used 638K, capacity 723K, committed 768K, reserved 1048576K
}
Event: 0.747 GC heap after
{Heap after GC invocations=1 (full 0):
 garbage-first heap   total 65536K, used 5615K [0x00000000c1600000, 0x0000000100000000)
  region size 1024K, 2 young (2048K), 2 survivors (2048K)
 Metaspace       used 6684K, capacity 7248K, committed 7424K, reserved 1056768K
  class space    used 638K, capacity 723K, committed 768K, reserved 1048576K
}
Event: 0.970 GC heap before
{Heap before GC invocations=1 (full 0):
 garbage-first heap   total 65536K, used 11759K [0x00000000c1600000, 0x0000000100000000)
  region size 1024K, 8 young (8192K), 2 survivors (2048K)
 Metaspace       used 8725K, capacity 9010K, committed 9216K, reserved 1056768K
  class space    used 849K, capacity 945K, committed 1024K, reserved 1048576K
}
Event: 0.976 GC heap after
{Heap after GC invocations=2 (full 0):
 garbage-first heap   total 65536K, used 6881K [0x00000000c1600000, 0x0000000100000000)
  region size 1024K, 1 young (1024K), 1 survivors (1024K)
 Metaspace       used 8725K, capacity 9010K, committed 9216K, reserved 1056768K
  class space    used 849K, capacity 945K, committed 1024K, reserved 1048576K
}
Event: 2.387 GC heap before
{Heap before GC invocations=2 (full 0):
 garbage-first heap   total 65536K, used 26337K [0x00000000c1600000, 0x0000000100000000)
  region size 1024K, 21 young (21504K), 1 survivors (1024K)
 Metaspace       used 18832K, capacity 19176K, committed 19456K, reserved 1067008K
  class space    used 2131K, capacity 2271K, committed 2304K, reserved 1048576K
}
Event: 2.392 GC heap after
{Heap after GC invocations=3 (full 0):
 garbage-first heap   total 65536K, used 11879K [0x00000000c1600000, 0x0000000100000000)
  region size 1024K, 3 young (3072K), 3 survivors (3072K)
 Metaspace       used 18832K, capacity 19176K, committed 19456K, reserved 1067008K
  class space    used 2131K, capacity 2271K, committed 2304K, reserved 1048576K
}
Event: 2.509 GC heap before
{Heap before GC invocations=3 (full 0):
 garbage-first heap   total 65536K, used 12903K [0x00000000c1600000, 0x0000000100000000)
  region size 1024K, 5 young (5120K), 3 survivors (3072K)
 Metaspace       used 20053K, capacity 20392K, committed 20736K, reserved 1067008K
  class space    used 2292K, capacity 2443K, committed 2560K, reserved 1048576K
}
Event: 2.514 GC heap after
{Heap after GC invocations=4 (full 0):
 garbage-first heap   total 65536K, used 12737K [0x00000000c1600000, 0x0000000100000000)
  region size 1024K, 1 young (1024K), 1 survivors (1024K)
 Metaspace       used 20053K, capacity 20392K, committed 20736K, reserved 1067008K
  class space    used 2292K, capacity 2443K, committed 2560K, reserved 1048576K
}

