# JRE version: Java(TM) SE Runtime Environment (13.0.2+8) (build 13.0.2+8)
# Java VM: Java HotSpot(TM) 64-Bit Server VM (13.0.2+8, mixed mode, sharing, tiered, compressed oops, g1 gc, windows-amd64)
Heap:
 garbage-first heap   total 37888K, used 15430K [0x00000000c1600000, 0x0000000100000000)
  region size 1024K, 4 young (4096K), 2 survivors (2048K)
 Metaspace       used 23532K, capacity 23995K, committed 24192K, reserved 1071104K
  class space    used 2492K, capacity 2677K, committed 2688K, reserved 1048576K
GC Heap History (12 events):
Event: 0.923 GC heap before
{Heap before GC invocations=0 (full 0):
 garbage-first heap   total 65536K, used 13312K [0x00000000c1600000, 0x0000000100000000)
  region size 1024K, 14 young (14336K), 0 survivors (0K)
 Metaspace       used 6402K, capacity 7151K, committed 7424K, reserved 1056768K
  class space    used 596K, capacity 680K, committed 768K, reserved 1048576K
}
Event: 0.955 GC heap after
{Heap after GC invocations=1 (full 0):
 garbage-first heap   total 65536K, used 5379K [0x00000000c1600000, 0x0000000100000000)
  region size 1024K, 2 young (2048K), 2 survivors (2048K)
 Metaspace       used 6402K, capacity 7151K, committed 7424K, reserved 1056768K
  class space    used 596K, capacity 680K, committed 768K, reserved 1048576K
}
Event: 1.217 GC heap before
{Heap before GC invocations=1 (full 0):
 garbage-first heap   total 65536K, used 12547K [0x00000000c1600000, 0x0000000100000000)
  region size 1024K, 9 young (9216K), 2 survivors (2048K)
 Metaspace       used 8823K, capacity 9110K, committed 9216K, reserved 1056768K
  class space    used 862K, capacity 973K, committed 1024K, reserved 1048576K
}
Event: 1.225 GC heap after
{Heap after GC invocations=2 (full 0):
 garbage-first heap   total 65536K, used 6995K [0x00000000c1600000, 0x0000000100000000)
  region size 1024K, 2 young (2048K), 2 survivors (2048K)
 Metaspace       used 8823K, capacity 9110K, committed 9216K, reserved 1056768K
  class space    used 862K, capacity 973K, committed 1024K, reserved 1048576K
}
Event: 5.992 GC heap before
{Heap before GC invocations=2 (full 0):
 garbage-first heap   total 65536K, used 27475K [0x00000000c1600000, 0x0000000100000000)
  region size 1024K, 22 young (22528K), 2 survivors (2048K)
 Metaspace       used 18692K, capacity 19099K, committed 19456K, reserved 1067008K
  class space    used 2023K, capacity 2178K, committed 2304K, reserved 1048576K
}
Event: 5.999 GC heap after
{Heap after GC invocations=3 (full 0):
 garbage-first heap   total 65536K, used 9748K [0x00000000c1600000, 0x0000000100000000)
  region size 1024K, 3 young (3072K), 3 survivors (3072K)
 Metaspace       used 18692K, capacity 19099K, committed 19456K, reserved 1067008K
  class space    used 2023K, capacity 2178K, committed 2304K, reserved 1048576K
}
Event: 6.184 GC heap before
{Heap before GC invocations=3 (full 0):
 garbage-first heap   total 65536K, used 12820K [0x00000000c1600000, 0x0000000100000000)
  region size 1024K, 7 young (7168K), 3 survivors (3072K)
 Metaspace       used 20677K, capacity 21120K, committed 21248K, reserved 1069056K
  class space    used 2262K, capacity 2448K, committed 2560K, reserved 1048576K
}
Event: 6.191 GC heap after
{Heap after GC invocations=4 (full 0):
 garbage-first heap   total 65536K, used 10749K [0x00000000c1600000, 0x0000000100000000)
  region size 1024K, 1 young (1024K), 1 survivors (1024K)
 Metaspace       used 20677K, capacity 21120K, committed 21248K, reserved 1069056K
  class space    used 2262K, capacity 2448K, committed 2560K, reserved 1048576K
}
Event: 6.263 GC heap before
{Heap before GC invocations=5 (full 0):
 garbage-first heap   total 40960K, used 11773K [0x00000000c1600000, 0x0000000100000000)
  region size 1024K, 3 young (3072K), 1 survivors (1024K)
 Metaspace       used 20960K, capacity 21408K, committed 21504K, reserved 1069056K
  class space    used 2302K, capacity 2480K, committed 2560K, reserved 1048576K
}
Event: 6.284 GC heap after
{Heap after GC invocations=6 (full 1):
 garbage-first heap   total 37888K, used 9904K [0x00000000c1600000, 0x0000000100000000)
  region size 1024K, 0 young (0K), 0 survivors (0K)
 Metaspace       used 20960K, capacity 21408K, committed 21504K, reserved 1069056K
  class space    used 2302K, capacity 2480K, committed 2560K, reserved 1048576K
}
Event: 35.422 GC heap before
{Heap before GC invocations=6 (full 1):
 garbage-first heap   total 37888K, used 21168K [0x00000000c1600000, 0x0000000100000000)
  region size 1024K, 9 young (9216K), 0 survivors (0K)
 Metaspace       used 23409K, capacity 23925K, committed 24192K, reserved 1071104K
  class space    used 2487K, capacity 2675K, committed 2688K, reserved 1048576K
}
Event: 35.426 GC heap after
{Heap after GC invocations=7 (full 1):
 garbage-first heap   total 37888K, used 14406K [0x00000000c1600000, 0x0000000100000000)
  region size 1024K, 2 young (2048K), 2 survivors (2048K)
 Metaspace       used 23409K, capacity 23925K, committed 24192K, reserved 1071104K
  class space    used 2487K, capacity 2675K, committed 2688K, reserved 1048576K
}

