# JRE version: Java(TM) SE Runtime Environment (13.0.2+8) (build 13.0.2+8)
# Java VM: Java HotSpot(TM) 64-Bit Server VM (13.0.2+8, mixed mode, sharing, tiered, compressed oops, g1 gc, windows-amd64)
Heap:
 garbage-first heap   total 227328K, used 132420K [0x00000000c1600000, 0x0000000100000000)
  region size 1024K, 5 young (5120K), 1 survivors (1024K)
 Metaspace       used 29255K, capacity 29833K, committed 30000K, reserved 1075200K
  class space    used 3434K, capacity 3634K, committed 3712K, reserved 1048576K
GC Heap History (20 events):
Event: 62.497 GC heap before
{Heap before GC invocations=0 (full 0):
 garbage-first heap   total 65536K, used 13312K [0x00000000c1600000, 0x0000000100000000)
  region size 1024K, 14 young (14336K), 0 survivors (0K)
 Metaspace       used 6471K, capacity 7143K, committed 7424K, reserved 1056768K
  class space    used 606K, capacity 684K, committed 768K, reserved 1048576K
}
Event: 62.511 GC heap after
{Heap after GC invocations=1 (full 0):
 garbage-first heap   total 65536K, used 5553K [0x00000000c1600000, 0x0000000100000000)
  region size 1024K, 2 young (2048K), 2 survivors (2048K)
 Metaspace       used 6471K, capacity 7143K, committed 7424K, reserved 1056768K
  class space    used 606K, capacity 684K, committed 768K, reserved 1048576K
}
Event: 65.896 GC heap before
{Heap before GC invocations=1 (full 0):
 garbage-first heap   total 65536K, used 6577K [0x00000000c1600000, 0x0000000100000000)
  region size 1024K, 3 young (3072K), 2 survivors (2048K)
 Metaspace       used 7151K, capacity 7384K, committed 7552K, reserved 1056768K
  class space    used 673K, capacity 791K, committed 896K, reserved 1048576K
}
Event: 65.900 GC heap after
{Heap after GC invocations=2 (full 0):
 garbage-first heap   total 65536K, used 6054K [0x00000000c1600000, 0x0000000100000000)
  region size 1024K, 1 young (1024K), 1 survivors (1024K)
 Metaspace       used 7151K, capacity 7384K, committed 7552K, reserved 1056768K
  class space    used 673K, capacity 791K, committed 896K, reserved 1048576K
}
Event: 104.185 GC heap before
{Heap before GC invocations=2 (full 0):
 garbage-first heap   total 65536K, used 23462K [0x00000000c1600000, 0x0000000100000000)
  region size 1024K, 19 young (19456K), 1 survivors (1024K)
 Metaspace       used 13920K, capacity 14238K, committed 14464K, reserved 1062912K
  class space    used 1458K, capacity 1580K, committed 1664K, reserved 1048576K
}
Event: 104.195 GC heap after
{Heap after GC invocations=3 (full 0):
 garbage-first heap   total 65536K, used 8586K [0x00000000c1600000, 0x0000000100000000)
  region size 1024K, 3 young (3072K), 3 survivors (3072K)
 Metaspace       used 13920K, capacity 14238K, committed 14464K, reserved 1062912K
  class space    used 1458K, capacity 1580K, committed 1664K, reserved 1048576K
}
Event: 119.525 GC heap before
{Heap before GC invocations=3 (full 0):
 garbage-first heap   total 65536K, used 29066K [0x00000000c1600000, 0x0000000100000000)
  region size 1024K, 24 young (24576K), 3 survivors (3072K)
 Metaspace       used 20821K, capacity 21204K, committed 21296K, reserved 1069056K
  class space    used 2256K, capacity 2414K, committed 2432K, reserved 1048576K
}
Event: 119.535 GC heap after
{Heap after GC invocations=4 (full 0):
 garbage-first heap   total 65536K, used 9874K [0x00000000c1600000, 0x0000000100000000)
  region size 1024K, 2 young (2048K), 2 survivors (2048K)
 Metaspace       used 20821K, capacity 21204K, committed 21296K, reserved 1069056K
  class space    used 2256K, capacity 2414K, committed 2432K, reserved 1048576K
}
Event: 155.322 GC heap before
{Heap before GC invocations=5 (full 0):
 garbage-first heap   total 40960K, used 31378K [0x00000000c1600000, 0x0000000100000000)
  region size 1024K, 24 young (24576K), 2 survivors (2048K)
 Metaspace       used 28339K, capacity 28873K, committed 29104K, reserved 1075200K
  class space    used 3330K, capacity 3526K, committed 3584K, reserved 1048576K
}
Event: 155.332 GC heap after
{Heap after GC invocations=6 (full 0):
 garbage-first heap   total 40960K, used 15086K [0x00000000c1600000, 0x0000000100000000)
  region size 1024K, 3 young (3072K), 3 survivors (3072K)
 Metaspace       used 28339K, capacity 28873K, committed 29104K, reserved 1075200K
  class space    used 3330K, capacity 3526K, committed 3584K, reserved 1048576K
}
Event: 166.758 GC heap before
{Heap before GC invocations=6 (full 0):
 garbage-first heap   total 40960K, used 15086K [0x00000000c1600000, 0x0000000100000000)
  region size 1024K, 5 young (5120K), 3 survivors (3072K)
 Metaspace       used 29254K, capacity 29833K, committed 30000K, reserved 1075200K
  class space    used 3434K, capacity 3634K, committed 3712K, reserved 1048576K
}
Event: 166.766 GC heap after
{Heap after GC invocations=7 (full 0):
 garbage-first heap   total 40960K, used 15854K [0x00000000c1600000, 0x0000000100000000)
  region size 1024K, 1 young (1024K), 1 survivors (1024K)
 Metaspace       used 29254K, capacity 29833K, committed 30000K, reserved 1075200K
  class space    used 3434K, capacity 3634K, committed 3712K, reserved 1048576K
}
Event: 167.197 GC heap before
{Heap before GC invocations=8 (full 0):
 garbage-first heap   total 222208K, used 137710K [0x00000000c1600000, 0x0000000100000000)
  region size 1024K, 9 young (9216K), 1 survivors (1024K)
 Metaspace       used 29255K, capacity 29833K, committed 30000K, reserved 1075200K
  class space    used 3434K, capacity 3634K, committed 3712K, reserved 1048576K
}
Event: 167.199 GC heap after
{Heap after GC invocations=9 (full 0):
 garbage-first heap   total 222208K, used 130396K [0x00000000c1600000, 0x0000000100000000)
  region size 1024K, 1 young (1024K), 1 survivors (1024K)
 Metaspace       used 29255K, capacity 29833K, committed 30000K, reserved 1075200K
  class space    used 3434K, capacity 3634K, committed 3712K, reserved 1048576K
}
Event: 167.587 GC heap before
{Heap before GC invocations=9 (full 0):
 garbage-first heap   total 222208K, used 158044K [0x00000000c1600000, 0x0000000100000000)
  region size 1024K, 29 young (29696K), 1 survivors (1024K)
 Metaspace       used 29255K, capacity 29833K, committed 30000K, reserved 1075200K
  class space    used 3434K, capacity 3634K, committed 3712K, reserved 1048576K
}
Event: 171.881 GC heap after
{Heap after GC invocations=10 (full 0):
 garbage-first heap   total 222208K, used 130380K [0x00000000c1600000, 0x0000000100000000)
  region size 1024K, 1 young (1024K), 1 survivors (1024K)
 Metaspace       used 29255K, capacity 29833K, committed 30000K, reserved 1075200K
  class space    used 3434K, capacity 3634K, committed 3712K, reserved 1048576K
}
Event: 172.558 GC heap before
{Heap before GC invocations=10 (full 0):
 garbage-first heap   total 222208K, used 138572K [0x00000000c1600000, 0x0000000100000000)
  region size 1024K, 10 young (10240K), 1 survivors (1024K)
 Metaspace       used 29255K, capacity 29833K, committed 30000K, reserved 1075200K
  class space    used 3434K, capacity 3634K, committed 3712K, reserved 1048576K
}
Event: 172.561 GC heap after
{Heap after GC invocations=11 (full 0):
 garbage-first heap   total 222208K, used 130372K [0x00000000c1600000, 0x0000000100000000)
  region size 1024K, 1 young (1024K), 1 survivors (1024K)
 Metaspace       used 29255K, capacity 29833K, committed 30000K, reserved 1075200K
  class space    used 3434K, capacity 3634K, committed 3712K, reserved 1048576K
}
Event: 173.346 GC heap before
{Heap before GC invocations=11 (full 0):
 garbage-first heap   total 222208K, used 139588K [0x00000000c1600000, 0x0000000100000000)
  region size 1024K, 10 young (10240K), 1 survivors (1024K)
 Metaspace       used 29255K, capacity 29833K, committed 30000K, reserved 1075200K
  class space    used 3434K, capacity 3634K, committed 3712K, reserved 1048576K
}
Event: 173.347 GC heap after
{Heap after GC invocations=12 (full 0):
 garbage-first heap   total 222208K, used 130372K [0x00000000c1600000, 0x0000000100000000)
  region size 1024K, 1 young (1024K), 1 survivors (1024K)
 Metaspace       used 29255K, capacity 29833K, committed 30000K, reserved 1075200K
  class space    used 3434K, capacity 3634K, committed 3712K, reserved 1048576K
}

