# JRE version: Java(TM) SE Runtime Environment (13.0.2+8) (build 13.0.2+8)
# Java VM: Java HotSpot(TM) 64-Bit Server VM (13.0.2+8, mixed mode, sharing, tiered, compressed oops, g1 gc, windows-amd64)
Heap:
 garbage-first heap   total 236544K, used 118791K [0x00000000c1600000, 0x0000000100000000)
  region size 1024K, 76 young (77824K), 12 survivors (12288K)
 Metaspace       used 12020K, capacity 12360K, committed 12544K, reserved 1060864K
  class space    used 1148K, capacity 1272K, committed 1280K, reserved 1048576K
GC Heap History (20 events):
Event: 34.458 GC heap before
{Heap before GC invocations=64 (full 0):
 garbage-first heap   total 168960K, used 133137K [0x00000000c1600000, 0x0000000100000000)
  region size 1024K, 99 young (101376K), 8 survivors (8192K)
 Metaspace       used 11967K, capacity 12296K, committed 12544K, reserved 1060864K
  class space    used 1145K, capacity 1272K, committed 1280K, reserved 1048576K
}
Event: 34.469 GC heap after
{Heap after GC invocations=65 (full 0):
 garbage-first heap   total 168960K, used 41565K [0x00000000c1600000, 0x0000000100000000)
  region size 1024K, 8 young (8192K), 8 survivors (8192K)
 Metaspace       used 11967K, capacity 12296K, committed 12544K, reserved 1060864K
  class space    used 1145K, capacity 1272K, committed 1280K, reserved 1048576K
}
Event: 34.792 GC heap before
{Heap before GC invocations=65 (full 0):
 garbage-first heap   total 168960K, used 134749K [0x00000000c1600000, 0x0000000100000000)
  region size 1024K, 99 young (101376K), 8 survivors (8192K)
 Metaspace       used 11967K, capacity 12296K, committed 12544K, reserved 1060864K
  class space    used 1145K, capacity 1272K, committed 1280K, reserved 1048576K
}
Event: 34.803 GC heap after
{Heap after GC invocations=66 (full 0):
 garbage-first heap   total 202752K, used 42605K [0x00000000c1600000, 0x0000000100000000)
  region size 1024K, 8 young (8192K), 8 survivors (8192K)
 Metaspace       used 11967K, capacity 12296K, committed 12544K, reserved 1060864K
  class space    used 1145K, capacity 1272K, committed 1280K, reserved 1048576K
}
Event: 35.196 GC heap before
{Heap before GC invocations=66 (full 0):
 garbage-first heap   total 202752K, used 155245K [0x00000000c1600000, 0x0000000100000000)
  region size 1024K, 118 young (120832K), 8 survivors (8192K)
 Metaspace       used 11967K, capacity 12296K, committed 12544K, reserved 1060864K
  class space    used 1145K, capacity 1272K, committed 1280K, reserved 1048576K
}
Event: 35.208 GC heap after
{Heap after GC invocations=67 (full 0):
 garbage-first heap   total 202752K, used 43989K [0x00000000c1600000, 0x0000000100000000)
  region size 1024K, 10 young (10240K), 10 survivors (10240K)
 Metaspace       used 11967K, capacity 12296K, committed 12544K, reserved 1060864K
  class space    used 1145K, capacity 1272K, committed 1280K, reserved 1048576K
}
Event: 35.550 GC heap before
{Heap before GC invocations=67 (full 0):
 garbage-first heap   total 202752K, used 154581K [0x00000000c1600000, 0x0000000100000000)
  region size 1024K, 118 young (120832K), 10 survivors (10240K)
 Metaspace       used 11967K, capacity 12296K, committed 12544K, reserved 1060864K
  class space    used 1145K, capacity 1272K, committed 1280K, reserved 1048576K
}
Event: 35.563 GC heap after
{Heap after GC invocations=68 (full 0):
 garbage-first heap   total 202752K, used 45352K [0x00000000c1600000, 0x0000000100000000)
  region size 1024K, 10 young (10240K), 10 survivors (10240K)
 Metaspace       used 11967K, capacity 12296K, committed 12544K, reserved 1060864K
  class space    used 1145K, capacity 1272K, committed 1280K, reserved 1048576K
}
Event: 35.891 GC heap before
{Heap before GC invocations=68 (full 0):
 garbage-first heap   total 202752K, used 155944K [0x00000000c1600000, 0x0000000100000000)
  region size 1024K, 118 young (120832K), 10 survivors (10240K)
 Metaspace       used 11967K, capacity 12296K, committed 12544K, reserved 1060864K
  class space    used 1145K, capacity 1272K, committed 1280K, reserved 1048576K
}
Event: 35.904 GC heap after
{Heap after GC invocations=69 (full 0):
 garbage-first heap   total 202752K, used 46099K [0x00000000c1600000, 0x0000000100000000)
  region size 1024K, 9 young (9216K), 9 survivors (9216K)
 Metaspace       used 11967K, capacity 12296K, committed 12544K, reserved 1060864K
  class space    used 1145K, capacity 1272K, committed 1280K, reserved 1048576K
}
Event: 36.211 GC heap before
{Heap before GC invocations=69 (full 0):
 garbage-first heap   total 202752K, used 157715K [0x00000000c1600000, 0x0000000100000000)
  region size 1024K, 118 young (120832K), 9 survivors (9216K)
 Metaspace       used 11967K, capacity 12296K, committed 12544K, reserved 1060864K
  class space    used 1145K, capacity 1272K, committed 1280K, reserved 1048576K
}
Event: 36.223 GC heap after
{Heap after GC invocations=70 (full 0):
 garbage-first heap   total 202752K, used 47813K [0x00000000c1600000, 0x0000000100000000)
  region size 1024K, 9 young (9216K), 9 survivors (9216K)
 Metaspace       used 11967K, capacity 12296K, committed 12544K, reserved 1060864K
  class space    used 1145K, capacity 1272K, committed 1280K, reserved 1048576K
}
Event: 36.508 GC heap before
{Heap before GC invocations=70 (full 0):
 garbage-first heap   total 202752K, used 159429K [0x00000000c1600000, 0x0000000100000000)
  region size 1024K, 118 young (120832K), 9 survivors (9216K)
 Metaspace       used 11967K, capacity 12296K, committed 12544K, reserved 1060864K
  class space    used 1145K, capacity 1272K, committed 1280K, reserved 1048576K
}
Event: 36.521 GC heap after
{Heap after GC invocations=71 (full 0):
 garbage-first heap   total 202752K, used 49054K [0x00000000c1600000, 0x0000000100000000)
  region size 1024K, 9 young (9216K), 9 survivors (9216K)
 Metaspace       used 11967K, capacity 12296K, committed 12544K, reserved 1060864K
  class space    used 1145K, capacity 1272K, committed 1280K, reserved 1048576K
}
Event: 36.782 GC heap before
{Heap before GC invocations=71 (full 0):
 garbage-first heap   total 202752K, used 160670K [0x00000000c1600000, 0x0000000100000000)
  region size 1024K, 118 young (120832K), 9 survivors (9216K)
 Metaspace       used 11967K, capacity 12296K, committed 12544K, reserved 1060864K
  class space    used 1145K, capacity 1272K, committed 1280K, reserved 1048576K
}
Event: 36.795 GC heap after
{Heap after GC invocations=72 (full 0):
 garbage-first heap   total 236544K, used 50176K [0x00000000c1600000, 0x0000000100000000)
  region size 1024K, 9 young (9216K), 9 survivors (9216K)
 Metaspace       used 11967K, capacity 12296K, committed 12544K, reserved 1060864K
  class space    used 1145K, capacity 1272K, committed 1280K, reserved 1048576K
}
Event: 37.102 GC heap before
{Heap before GC invocations=72 (full 0):
 garbage-first heap   total 236544K, used 182272K [0x00000000c1600000, 0x0000000100000000)
  region size 1024K, 138 young (141312K), 9 survivors (9216K)
 Metaspace       used 11967K, capacity 12296K, committed 12544K, reserved 1060864K
  class space    used 1145K, capacity 1272K, committed 1280K, reserved 1048576K
}
Event: 37.116 GC heap after
{Heap after GC invocations=73 (full 0):
 garbage-first heap   total 236544K, used 52060K [0x00000000c1600000, 0x0000000100000000)
  region size 1024K, 11 young (11264K), 11 survivors (11264K)
 Metaspace       used 11967K, capacity 12296K, committed 12544K, reserved 1060864K
  class space    used 1145K, capacity 1272K, committed 1280K, reserved 1048576K
}
Event: 37.367 GC heap before
{Heap before GC invocations=73 (full 0):
 garbage-first heap   total 236544K, used 182108K [0x00000000c1600000, 0x0000000100000000)
  region size 1024K, 138 young (141312K), 11 survivors (11264K)
 Metaspace       used 11967K, capacity 12296K, committed 12544K, reserved 1060864K
  class space    used 1145K, capacity 1272K, committed 1280K, reserved 1048576K
}
Event: 37.383 GC heap after
{Heap after GC invocations=74 (full 0):
 garbage-first heap   total 236544K, used 54279K [0x00000000c1600000, 0x0000000100000000)
  region size 1024K, 12 young (12288K), 12 survivors (12288K)
 Metaspace       used 11967K, capacity 12296K, committed 12544K, reserved 1060864K
  class space    used 1145K, capacity 1272K, committed 1280K, reserved 1048576K
}

