# JRE version: Java(TM) SE Runtime Environment (13.0.2+8) (build 13.0.2+8)
# Java VM: Java HotSpot(TM) 64-Bit Server VM (13.0.2+8, mixed mode, sharing, tiered, compressed oops, g1 gc, windows-amd64)
Heap:
 garbage-first heap   total 416768K, used 247123K [0x00000000c1600000, 0x0000000100000000)
  region size 1024K, 2 young (2048K), 1 survivors (1024K)
 Metaspace       used 24339K, capacity 24883K, committed 25216K, reserved 1071104K
  class space    used 2647K, capacity 2844K, committed 2944K, reserved 1048576K
GC Heap History (20 events):
Event: 6.464 GC heap before
{Heap before GC invocations=1 (full 0):
 garbage-first heap   total 65536K, used 7909K [0x00000000c1600000, 0x0000000100000000)
  region size 1024K, 5 young (5120K), 2 survivors (2048K)
 Metaspace       used 8630K, capacity 8948K, committed 9088K, reserved 1056768K
  class space    used 918K, capacity 1056K, committed 1152K, reserved 1048576K
}
Event: 6.470 GC heap after
{Heap after GC invocations=2 (full 0):
 garbage-first heap   total 65536K, used 6585K [0x00000000c1600000, 0x0000000100000000)
  region size 1024K, 1 young (1024K), 1 survivors (1024K)
 Metaspace       used 8630K, capacity 8948K, committed 9088K, reserved 1056768K
  class space    used 918K, capacity 1056K, committed 1152K, reserved 1048576K
}
Event: 14.372 GC heap before
{Heap before GC invocations=2 (full 0):
 garbage-first heap   total 65536K, used 22969K [0x00000000c1600000, 0x0000000100000000)
  region size 1024K, 18 young (18432K), 1 survivors (1024K)
 Metaspace       used 16566K, capacity 16971K, committed 17024K, reserved 1064960K
  class space    used 1773K, capacity 1915K, committed 1920K, reserved 1048576K
}
Event: 14.382 GC heap after
{Heap after GC invocations=3 (full 0):
 garbage-first heap   total 65536K, used 9472K [0x00000000c1600000, 0x0000000100000000)
  region size 1024K, 3 young (3072K), 3 survivors (3072K)
 Metaspace       used 16566K, capacity 16971K, committed 17024K, reserved 1064960K
  class space    used 1773K, capacity 1915K, committed 1920K, reserved 1048576K
}
Event: 20.467 GC heap before
{Heap before GC invocations=3 (full 0):
 garbage-first heap   total 65536K, used 19712K [0x00000000c1600000, 0x0000000100000000)
  region size 1024K, 13 young (13312K), 3 survivors (3072K)
 Metaspace       used 20693K, capacity 21171K, committed 21296K, reserved 1069056K
  class space    used 2240K, capacity 2419K, committed 2432K, reserved 1048576K
}
Event: 20.488 GC heap after
{Heap after GC invocations=4 (full 0):
 garbage-first heap   total 65536K, used 11977K [0x00000000c1600000, 0x0000000100000000)
  region size 1024K, 2 young (2048K), 2 survivors (2048K)
 Metaspace       used 20693K, capacity 21171K, committed 21296K, reserved 1069056K
  class space    used 2240K, capacity 2419K, committed 2432K, reserved 1048576K
}
Event: 46.079 GC heap before
{Heap before GC invocations=5 (full 0):
 garbage-first heap   total 48128K, used 30409K [0x00000000c1600000, 0x0000000100000000)
  region size 1024K, 20 young (20480K), 2 survivors (2048K)
 Metaspace       used 24108K, capacity 24655K, committed 24832K, reserved 1071104K
  class space    used 2612K, capacity 2811K, committed 2816K, reserved 1048576K
}
Event: 46.084 GC heap after
{Heap after GC invocations=6 (full 0):
 garbage-first heap   total 48128K, used 15320K [0x00000000c1600000, 0x0000000100000000)
  region size 1024K, 3 young (3072K), 3 survivors (3072K)
 Metaspace       used 24108K, capacity 24655K, committed 24832K, reserved 1071104K
  class space    used 2612K, capacity 2811K, committed 2816K, reserved 1048576K
}
Event: 48.685 GC heap before
{Heap before GC invocations=6 (full 0):
 garbage-first heap   total 48128K, used 17368K [0x00000000c1600000, 0x0000000100000000)
  region size 1024K, 6 young (6144K), 3 survivors (3072K)
 Metaspace       used 24188K, capacity 24787K, committed 24832K, reserved 1071104K
  class space    used 2631K, capacity 2812K, committed 2816K, reserved 1048576K
}
Event: 48.692 GC heap after
{Heap after GC invocations=7 (full 0):
 garbage-first heap   total 48128K, used 15198K [0x00000000c1600000, 0x0000000100000000)
  region size 1024K, 1 young (1024K), 1 survivors (1024K)
 Metaspace       used 24188K, capacity 24787K, committed 24832K, reserved 1071104K
  class space    used 2631K, capacity 2812K, committed 2816K, reserved 1048576K
}
Event: 48.915 GC heap before
{Heap before GC invocations=8 (full 0):
 garbage-first heap   total 220160K, used 140126K [0x00000000c1600000, 0x0000000100000000)
  region size 1024K, 12 young (12288K), 1 survivors (1024K)
 Metaspace       used 24189K, capacity 24787K, committed 24832K, reserved 1071104K
  class space    used 2631K, capacity 2812K, committed 2816K, reserved 1048576K
}
Event: 48.916 GC heap after
{Heap after GC invocations=9 (full 0):
 garbage-first heap   total 220160K, used 129733K [0x00000000c1600000, 0x0000000100000000)
  region size 1024K, 1 young (1024K), 1 survivors (1024K)
 Metaspace       used 24189K, capacity 24787K, committed 24832K, reserved 1071104K
  class space    used 2631K, capacity 2812K, committed 2816K, reserved 1048576K
}
Event: 49.066 GC heap before
{Heap before GC invocations=9 (full 0):
 garbage-first heap   total 220160K, used 157381K [0x00000000c1600000, 0x0000000100000000)
  region size 1024K, 29 young (29696K), 1 survivors (1024K)
 Metaspace       used 24190K, capacity 24787K, committed 24832K, reserved 1071104K
  class space    used 2631K, capacity 2812K, committed 2816K, reserved 1048576K
}
Event: 49.069 GC heap after
{Heap after GC invocations=10 (full 0):
 garbage-first heap   total 220160K, used 129701K [0x00000000c1600000, 0x0000000100000000)
  region size 1024K, 1 young (1024K), 1 survivors (1024K)
 Metaspace       used 24190K, capacity 24787K, committed 24832K, reserved 1071104K
  class space    used 2631K, capacity 2812K, committed 2816K, reserved 1048576K
}
Event: 49.360 GC heap before
{Heap before GC invocations=11 (full 0):
 garbage-first heap   total 227328K, used 176805K [0x00000000c1600000, 0x0000000100000000)
  region size 1024K, 47 young (48128K), 1 survivors (1024K)
 Metaspace       used 24190K, capacity 24787K, committed 24832K, reserved 1071104K
  class space    used 2631K, capacity 2812K, committed 2816K, reserved 1048576K
}
Event: 49.360 GC heap after
{Heap after GC invocations=12 (full 0):
 garbage-first heap   total 227328K, used 129685K [0x00000000c1600000, 0x0000000100000000)
  region size 1024K, 1 young (1024K), 1 survivors (1024K)
 Metaspace       used 24190K, capacity 24787K, committed 24832K, reserved 1071104K
  class space    used 2631K, capacity 2812K, committed 2816K, reserved 1048576K
}
Event: 58.312 GC heap before
{Heap before GC invocations=12 (full 0):
 garbage-first heap   total 227328K, used 163477K [0x00000000c1600000, 0x0000000100000000)
  region size 1024K, 35 young (35840K), 1 survivors (1024K)
 Metaspace       used 24216K, capacity 24787K, committed 24832K, reserved 1071104K
  class space    used 2632K, capacity 2812K, committed 2816K, reserved 1048576K
}
Event: 58.314 GC heap after
{Heap after GC invocations=13 (full 0):
 garbage-first heap   total 227328K, used 129356K [0x00000000c1600000, 0x0000000100000000)
  region size 1024K, 1 young (1024K), 1 survivors (1024K)
 Metaspace       used 24216K, capacity 24787K, committed 24832K, reserved 1071104K
  class space    used 2632K, capacity 2812K, committed 2816K, reserved 1048576K
}
Event: 59.819 GC heap before
{Heap before GC invocations=14 (full 0):
 garbage-first heap   total 227328K, used 133452K [0x00000000c1600000, 0x0000000100000000)
  region size 1024K, 2 young (2048K), 1 survivors (1024K)
 Metaspace       used 24339K, capacity 24883K, committed 25216K, reserved 1071104K
  class space    used 2647K, capacity 2844K, committed 2944K, reserved 1048576K
}
Event: 59.823 GC heap after
{Heap after GC invocations=15 (full 0):
 garbage-first heap   total 227328K, used 133459K [0x00000000c1600000, 0x0000000100000000)
  region size 1024K, 1 young (1024K), 1 survivors (1024K)
 Metaspace       used 24339K, capacity 24883K, committed 25216K, reserved 1071104K
  class space    used 2647K, capacity 2844K, committed 2944K, reserved 1048576K
}

