# JRE version: Java(TM) SE Runtime Environment (13.0.2+8) (build 13.0.2+8)
# Java VM: Java HotSpot(TM) 64-Bit Server VM (13.0.2+8, mixed mode, sharing, tiered, compressed oops, g1 gc, windows-amd64)
Heap:
 garbage-first heap   total 226304K, used 14202K [0x00000000c1600000, 0x0000000100000000)
  region size 1024K, 3 young (3072K), 3 survivors (3072K)
 Metaspace       used 23424K, capacity 23883K, committed 24064K, reserved 1071104K
  class space    used 2579K, capacity 2767K, committed 2816K, reserved 1048576K
GC Heap History (10 events):
Event: 1.460 GC heap before
{Heap before GC invocations=0 (full 0):
 garbage-first heap   total 65536K, used 14336K [0x00000000c1600000, 0x0000000100000000)
  region size 1024K, 14 young (14336K), 0 survivors (0K)
 Metaspace       used 7643K, capacity 7953K, committed 8192K, reserved 1056768K
  class space    used 807K, capacity 959K, committed 1024K, reserved 1048576K
}
Event: 1.466 GC heap after
{Heap after GC invocations=1 (full 0):
 garbage-first heap   total 65536K, used 4743K [0x00000000c1600000, 0x0000000100000000)
  region size 1024K, 2 young (2048K), 2 survivors (2048K)
 Metaspace       used 7643K, capacity 7953K, committed 8192K, reserved 1056768K
  class space    used 807K, capacity 959K, committed 1024K, reserved 1048576K
}
Event: 2.116 GC heap before
{Heap before GC invocations=1 (full 0):
 garbage-first heap   total 65536K, used 11911K [0x00000000c1600000, 0x0000000100000000)
  region size 1024K, 9 young (9216K), 2 survivors (2048K)
 Metaspace       used 11055K, capacity 11422K, committed 11648K, reserved 1058816K
  class space    used 1152K, capacity 1322K, committed 1408K, reserved 1048576K
}
Event: 2.122 GC heap after
{Heap after GC invocations=2 (full 0):
 garbage-first heap   total 65536K, used 7327K [0x00000000c1600000, 0x0000000100000000)
  region size 1024K, 2 young (2048K), 2 survivors (2048K)
 Metaspace       used 11055K, capacity 11422K, committed 11648K, reserved 1058816K
  class space    used 1152K, capacity 1322K, committed 1408K, reserved 1048576K
}
Event: 4.331 GC heap before
{Heap before GC invocations=2 (full 0):
 garbage-first heap   total 65536K, used 27807K [0x00000000c1600000, 0x0000000100000000)
  region size 1024K, 22 young (22528K), 2 survivors (2048K)
 Metaspace       used 20456K, capacity 20972K, committed 21120K, reserved 1069056K
  class space    used 2231K, capacity 2418K, committed 2432K, reserved 1048576K
}
Event: 4.338 GC heap after
{Heap after GC invocations=3 (full 0):
 garbage-first heap   total 65536K, used 11723K [0x00000000c1600000, 0x0000000100000000)
  region size 1024K, 3 young (3072K), 3 survivors (3072K)
 Metaspace       used 20456K, capacity 20972K, committed 21120K, reserved 1069056K
  class space    used 2231K, capacity 2418K, committed 2432K, reserved 1048576K
}
Event: 4.766 GC heap before
{Heap before GC invocations=3 (full 0):
 garbage-first heap   total 65536K, used 14795K [0x00000000c1600000, 0x0000000100000000)
  region size 1024K, 7 young (7168K), 3 survivors (3072K)
 Metaspace       used 20708K, capacity 21171K, committed 21296K, reserved 1069056K
  class space    used 2240K, capacity 2419K, committed 2432K, reserved 1048576K
}
Event: 4.786 GC heap after
{Heap after GC invocations=4 (full 0):
 garbage-first heap   total 65536K, used 12235K [0x00000000c1600000, 0x0000000100000000)
  region size 1024K, 1 young (1024K), 1 survivors (1024K)
 Metaspace       used 20708K, capacity 21171K, committed 21296K, reserved 1069056K
  class space    used 2240K, capacity 2419K, committed 2432K, reserved 1048576K
}
Event: 15.417 GC heap before
{Heap before GC invocations=5 (full 0):
 garbage-first heap   total 48128K, used 19403K [0x00000000c1600000, 0x0000000100000000)
  region size 1024K, 10 young (10240K), 1 survivors (1024K)
 Metaspace       used 23424K, capacity 23883K, committed 24064K, reserved 1071104K
  class space    used 2579K, capacity 2767K, committed 2816K, reserved 1048576K
}
Event: 15.421 GC heap after
{Heap after GC invocations=6 (full 0):
 garbage-first heap   total 48128K, used 14202K [0x00000000c1600000, 0x0000000100000000)
  region size 1024K, 3 young (3072K), 3 survivors (3072K)
 Metaspace       used 23424K, capacity 23883K, committed 24064K, reserved 1071104K
  class space    used 2579K, capacity 2767K, committed 2816K, reserved 1048576K
}

