# JRE version: Java(TM) SE Runtime Environment (13.0.2+8) (build 13.0.2+8)
# Java VM: Java HotSpot(TM) 64-Bit Server VM (13.0.2+8, mixed mode, sharing, tiered, compressed oops, g1 gc, windows-amd64)
Heap:
 garbage-first heap   total 243712K, used 12075K [0x00000000c1600000, 0x0000000100000000)
  region size 1024K, 3 young (3072K), 3 survivors (3072K)
 Metaspace       used 19067K, capacity 19447K, committed 19584K, reserved 1067008K
  class space    used 2188K, capacity 2342K, committed 2432K, reserved 1048576K
GC Heap History (8 events):
Event: 1.321 GC heap before
{Heap before GC invocations=0 (full 0):
 garbage-first heap   total 65536K, used 13312K [0x00000000c1600000, 0x0000000100000000)
  region size 1024K, 14 young (14336K), 0 survivors (0K)
 Metaspace       used 6289K, capacity 7143K, committed 7424K, reserved 1056768K
  class space    used 590K, capacity 684K, committed 768K, reserved 1048576K
}
Event: 1.329 GC heap after
{Heap after GC invocations=1 (full 0):
 garbage-first heap   total 65536K, used 5707K [0x00000000c1600000, 0x0000000100000000)
  region size 1024K, 2 young (2048K), 2 survivors (2048K)
 Metaspace       used 6289K, capacity 7143K, committed 7424K, reserved 1056768K
  class space    used 590K, capacity 684K, committed 768K, reserved 1048576K
}
Event: 1.383 GC heap before
{Heap before GC invocations=1 (full 0):
 garbage-first heap   total 65536K, used 6731K [0x00000000c1600000, 0x0000000100000000)
  region size 1024K, 3 young (3072K), 2 survivors (2048K)
 Metaspace       used 6848K, capacity 7346K, committed 7424K, reserved 1056768K
  class space    used 664K, capacity 757K, committed 768K, reserved 1048576K
}
Event: 1.388 GC heap after
{Heap after GC invocations=2 (full 0):
 garbage-first heap   total 65536K, used 6278K [0x00000000c1600000, 0x0000000100000000)
  region size 1024K, 1 young (1024K), 1 survivors (1024K)
 Metaspace       used 6848K, capacity 7346K, committed 7424K, reserved 1056768K
  class space    used 664K, capacity 757K, committed 768K, reserved 1048576K
}
Event: 3.024 GC heap before
{Heap before GC invocations=2 (full 0):
 garbage-first heap   total 65536K, used 23686K [0x00000000c1600000, 0x0000000100000000)
  region size 1024K, 19 young (19456K), 1 survivors (1024K)
 Metaspace       used 14239K, capacity 14509K, committed 14720K, reserved 1062912K
  class space    used 1493K, capacity 1605K, committed 1664K, reserved 1048576K
}
Event: 3.030 GC heap after
{Heap after GC invocations=3 (full 0):
 garbage-first heap   total 65536K, used 9042K [0x00000000c1600000, 0x0000000100000000)
  region size 1024K, 3 young (3072K), 3 survivors (3072K)
 Metaspace       used 14239K, capacity 14509K, committed 14720K, reserved 1062912K
  class space    used 1493K, capacity 1605K, committed 1664K, reserved 1048576K
}
Event: 4.497 GC heap before
{Heap before GC invocations=3 (full 0):
 garbage-first heap   total 65536K, used 15186K [0x00000000c1600000, 0x0000000100000000)
  region size 1024K, 11 young (11264K), 3 survivors (3072K)
 Metaspace       used 19067K, capacity 19447K, committed 19584K, reserved 1067008K
  class space    used 2188K, capacity 2342K, committed 2432K, reserved 1048576K
}
Event: 4.506 GC heap after
{Heap after GC invocations=4 (full 0):
 garbage-first heap   total 65536K, used 12075K [0x00000000c1600000, 0x0000000100000000)
  region size 1024K, 3 young (3072K), 3 survivors (3072K)
 Metaspace       used 19067K, capacity 19447K, committed 19584K, reserved 1067008K
  class space    used 2188K, capacity 2342K, committed 2432K, reserved 1048576K
}

