# JRE version: Java(TM) SE Runtime Environment (13.0.2+8) (build 13.0.2+8)
# Java VM: Java HotSpot(TM) 64-Bit Server VM (13.0.2+8, mixed mode, sharing, tiered, compressed oops, g1 gc, windows-amd64)
Heap:
 garbage-first heap   total 211968K, used 139648K [0x00000000c1600000, 0x0000000100000000)
  region size 1024K, 18 young (18432K), 3 survivors (3072K)
 Metaspace       used 12417K, capacity 12792K, committed 13056K, reserved 1060864K
  class space    used 1306K, capacity 1460K, committed 1536K, reserved 1048576K
GC Heap History (20 events):
Event: 1.382 GC heap before
{Heap before GC invocations=5 (full 0):
 garbage-first heap   total 204800K, used 160129K [0x00000000c1600000, 0x0000000100000000)
  region size 1024K, 43 young (44032K), 3 survivors (3072K)
 Metaspace       used 9114K, capacity 9361K, committed 9600K, reserved 1056768K
  class space    used 1136K, capacity 1281K, committed 1408K, reserved 1048576K
}
Event: 1.384 GC heap after
{Heap after GC invocations=6 (full 0):
 garbage-first heap   total 204800K, used 119145K [0x00000000c1600000, 0x0000000100000000)
  region size 1024K, 2 young (2048K), 2 survivors (2048K)
 Metaspace       used 9114K, capacity 9361K, committed 9600K, reserved 1056768K
  class space    used 1136K, capacity 1281K, committed 1408K, reserved 1048576K
}
Event: 1.647 GC heap before
{Heap before GC invocations=6 (full 0):
 garbage-first heap   total 204800K, used 125289K [0x00000000c1600000, 0x0000000100000000)
  region size 1024K, 9 young (9216K), 2 survivors (2048K)
 Metaspace       used 9960K, capacity 10199K, committed 10368K, reserved 1058816K
  class space    used 1223K, capacity 1345K, committed 1408K, reserved 1048576K
}
Event: 1.652 GC heap after
{Heap after GC invocations=7 (full 0):
 garbage-first heap   total 204800K, used 119497K [0x00000000c1600000, 0x0000000100000000)
  region size 1024K, 3 young (3072K), 3 survivors (3072K)
 Metaspace       used 9960K, capacity 10199K, committed 10368K, reserved 1058816K
  class space    used 1223K, capacity 1345K, committed 1408K, reserved 1048576K
}
Event: 3.214 GC heap before
{Heap before GC invocations=8 (full 0):
 garbage-first heap   total 209920K, used 154313K [0x00000000c1600000, 0x0000000100000000)
  region size 1024K, 34 young (34816K), 3 survivors (3072K)
 Metaspace       used 11520K, capacity 11888K, committed 12032K, reserved 1060864K
  class space    used 1304K, capacity 1460K, committed 1536K, reserved 1048576K
}
Event: 3.219 GC heap after
{Heap after GC invocations=9 (full 0):
 garbage-first heap   total 209920K, used 124843K [0x00000000c1600000, 0x0000000100000000)
  region size 1024K, 4 young (4096K), 4 survivors (4096K)
 Metaspace       used 11520K, capacity 11888K, committed 12032K, reserved 1060864K
  class space    used 1304K, capacity 1460K, committed 1536K, reserved 1048576K
}
Event: 4.281 GC heap before
{Heap before GC invocations=9 (full 0):
 garbage-first heap   total 209920K, used 159659K [0x00000000c1600000, 0x0000000100000000)
  region size 1024K, 39 young (39936K), 4 survivors (4096K)
 Metaspace       used 11896K, capacity 12274K, committed 12544K, reserved 1060864K
  class space    used 1305K, capacity 1460K, committed 1536K, reserved 1048576K
}
Event: 4.288 GC heap after
{Heap after GC invocations=10 (full 0):
 garbage-first heap   total 209920K, used 124976K [0x00000000c1600000, 0x0000000100000000)
  region size 1024K, 2 young (2048K), 2 survivors (2048K)
 Metaspace       used 11896K, capacity 12274K, committed 12544K, reserved 1060864K
  class space    used 1305K, capacity 1460K, committed 1536K, reserved 1048576K
}
Event: 5.399 GC heap before
{Heap before GC invocations=11 (full 0):
 garbage-first heap   total 211968K, used 162864K [0x00000000c1600000, 0x0000000100000000)
  region size 1024K, 39 young (39936K), 2 survivors (2048K)
 Metaspace       used 12027K, capacity 12403K, committed 12544K, reserved 1060864K
  class space    used 1306K, capacity 1460K, committed 1536K, reserved 1048576K
}
Event: 5.403 GC heap after
{Heap after GC invocations=12 (full 0):
 garbage-first heap   total 211968K, used 124992K [0x00000000c1600000, 0x0000000100000000)
  region size 1024K, 2 young (2048K), 2 survivors (2048K)
 Metaspace       used 12027K, capacity 12403K, committed 12544K, reserved 1060864K
  class space    used 1306K, capacity 1460K, committed 1536K, reserved 1048576K
}
Event: 6.676 GC heap before
{Heap before GC invocations=12 (full 0):
 garbage-first heap   total 211968K, used 165952K [0x00000000c1600000, 0x0000000100000000)
  region size 1024K, 42 young (43008K), 2 survivors (2048K)
 Metaspace       used 12219K, capacity 12595K, committed 12800K, reserved 1060864K
  class space    used 1306K, capacity 1460K, committed 1536K, reserved 1048576K
}
Event: 6.680 GC heap after
{Heap after GC invocations=13 (full 0):
 garbage-first heap   total 211968K, used 124873K [0x00000000c1600000, 0x0000000100000000)
  region size 1024K, 2 young (2048K), 2 survivors (2048K)
 Metaspace       used 12219K, capacity 12595K, committed 12800K, reserved 1060864K
  class space    used 1306K, capacity 1460K, committed 1536K, reserved 1048576K
}
Event: 7.907 GC heap before
{Heap before GC invocations=14 (full 0):
 garbage-first heap   total 211968K, used 167881K [0x00000000c1600000, 0x0000000100000000)
  region size 1024K, 44 young (45056K), 2 survivors (2048K)
 Metaspace       used 12295K, capacity 12659K, committed 12800K, reserved 1060864K
  class space    used 1306K, capacity 1460K, committed 1536K, reserved 1048576K
}
Event: 7.911 GC heap after
{Heap after GC invocations=15 (full 0):
 garbage-first heap   total 211968K, used 125105K [0x00000000c1600000, 0x0000000100000000)
  region size 1024K, 2 young (2048K), 2 survivors (2048K)
 Metaspace       used 12295K, capacity 12659K, committed 12800K, reserved 1060864K
  class space    used 1306K, capacity 1460K, committed 1536K, reserved 1048576K
}
Event: 9.166 GC heap before
{Heap before GC invocations=15 (full 0):
 garbage-first heap   total 211968K, used 169137K [0x00000000c1600000, 0x0000000100000000)
  region size 1024K, 45 young (46080K), 2 survivors (2048K)
 Metaspace       used 12315K, capacity 12660K, committed 12800K, reserved 1060864K
  class space    used 1306K, capacity 1460K, committed 1536K, reserved 1048576K
}
Event: 9.170 GC heap after
{Heap after GC invocations=16 (full 0):
 garbage-first heap   total 211968K, used 125074K [0x00000000c1600000, 0x0000000100000000)
  region size 1024K, 2 young (2048K), 2 survivors (2048K)
 Metaspace       used 12315K, capacity 12660K, committed 12800K, reserved 1060864K
  class space    used 1306K, capacity 1460K, committed 1536K, reserved 1048576K
}
Event: 10.391 GC heap before
{Heap before GC invocations=17 (full 0):
 garbage-first heap   total 211968K, used 170130K [0x00000000c1600000, 0x0000000100000000)
  region size 1024K, 46 young (47104K), 2 survivors (2048K)
 Metaspace       used 12360K, capacity 12726K, committed 13056K, reserved 1060864K
  class space    used 1306K, capacity 1460K, committed 1536K, reserved 1048576K
}
Event: 10.394 GC heap after
{Heap after GC invocations=18 (full 0):
 garbage-first heap   total 211968K, used 125104K [0x00000000c1600000, 0x0000000100000000)
  region size 1024K, 2 young (2048K), 2 survivors (2048K)
 Metaspace       used 12360K, capacity 12726K, committed 13056K, reserved 1060864K
  class space    used 1306K, capacity 1460K, committed 1536K, reserved 1048576K
}
Event: 11.634 GC heap before
{Heap before GC invocations=18 (full 0):
 garbage-first heap   total 211968K, used 171184K [0x00000000c1600000, 0x0000000100000000)
  region size 1024K, 47 young (48128K), 2 survivors (2048K)
 Metaspace       used 12377K, capacity 12727K, committed 13056K, reserved 1060864K
  class space    used 1306K, capacity 1460K, committed 1536K, reserved 1048576K
}
Event: 11.639 GC heap after
{Heap after GC invocations=19 (full 0):
 garbage-first heap   total 211968K, used 125126K [0x00000000c1600000, 0x0000000100000000)
  region size 1024K, 2 young (2048K), 2 survivors (2048K)
 Metaspace       used 12377K, capacity 12727K, committed 13056K, reserved 1060864K
  class space    used 1306K, capacity 1460K, committed 1536K, reserved 1048576K
}

