# JRE version: Java(TM) SE Runtime Environment (13.0.2+8) (build 13.0.2+8)
# Java VM: Java HotSpot(TM) 64-Bit Server VM (13.0.2+8, mixed mode, sharing, tiered, compressed oops, g1 gc, windows-amd64)
Heap:
 garbage-first heap   total 219136K, used 21659K [0x00000000c1600000, 0x0000000100000000)
  region size 1024K, 1 young (1024K), 1 survivors (1024K)
 Metaspace       used 30556K, capacity 31141K, committed 31232K, reserved 1077248K
  class space    used 3549K, capacity 3751K, committed 3840K, reserved 1048576K
GC Heap History (16 events):
Event: 0.861 GC heap before
{Heap before GC invocations=0 (full 0):
 garbage-first heap   total 65536K, used 14336K [0x00000000c1600000, 0x0000000100000000)
  region size 1024K, 14 young (14336K), 0 survivors (0K)
 Metaspace       used 7220K, capacity 7547K, committed 7808K, reserved 1056768K
  class space    used 719K, capacity 834K, committed 896K, reserved 1048576K
}
Event: 0.866 GC heap after
{Heap after GC invocations=1 (full 0):
 garbage-first heap   total 65536K, used 4642K [0x00000000c1600000, 0x0000000100000000)
  region size 1024K, 2 young (2048K), 2 survivors (2048K)
 Metaspace       used 7220K, capacity 7547K, committed 7808K, reserved 1056768K
  class space    used 719K, capacity 834K, committed 896K, reserved 1048576K
}
Event: 1.349 GC heap before
{Heap before GC invocations=1 (full 0):
 garbage-first heap   total 65536K, used 12834K [0x00000000c1600000, 0x0000000100000000)
  region size 1024K, 10 young (10240K), 2 survivors (2048K)
 Metaspace       used 10457K, capacity 10766K, committed 11008K, reserved 1058816K
  class space    used 1062K, capacity 1198K, committed 1280K, reserved 1048576K
}
Event: 1.357 GC heap after
{Heap after GC invocations=2 (full 0):
 garbage-first heap   total 65536K, used 7413K [0x00000000c1600000, 0x0000000100000000)
  region size 1024K, 2 young (2048K), 2 survivors (2048K)
 Metaspace       used 10457K, capacity 10766K, committed 11008K, reserved 1058816K
  class space    used 1062K, capacity 1198K, committed 1280K, reserved 1048576K
}
Event: 5.105 GC heap before
{Heap before GC invocations=2 (full 0):
 garbage-first heap   total 65536K, used 28917K [0x00000000c1600000, 0x0000000100000000)
  region size 1024K, 23 young (23552K), 2 survivors (2048K)
 Metaspace       used 19056K, capacity 19399K, committed 19584K, reserved 1067008K
  class space    used 2023K, capacity 2158K, committed 2176K, reserved 1048576K
}
Event: 5.112 GC heap after
{Heap after GC invocations=3 (full 0):
 garbage-first heap   total 65536K, used 10117K [0x00000000c1600000, 0x0000000100000000)
  region size 1024K, 3 young (3072K), 3 survivors (3072K)
 Metaspace       used 19056K, capacity 19399K, committed 19584K, reserved 1067008K
  class space    used 2023K, capacity 2158K, committed 2176K, reserved 1048576K
}
Event: 5.213 GC heap before
{Heap before GC invocations=3 (full 0):
 garbage-first heap   total 65536K, used 15237K [0x00000000c1600000, 0x0000000100000000)
  region size 1024K, 9 young (9216K), 3 survivors (3072K)
 Metaspace       used 20637K, capacity 21005K, committed 21248K, reserved 1069056K
  class space    used 2166K, capacity 2288K, committed 2304K, reserved 1048576K
}
Event: 5.217 GC heap after
{Heap after GC invocations=4 (full 0):
 garbage-first heap   total 65536K, used 10214K [0x00000000c1600000, 0x0000000100000000)
  region size 1024K, 1 young (1024K), 1 survivors (1024K)
 Metaspace       used 20637K, capacity 21005K, committed 21248K, reserved 1069056K
  class space    used 2166K, capacity 2288K, committed 2304K, reserved 1048576K
}
Event: 6.074 GC heap before
{Heap before GC invocations=5 (full 0):
 garbage-first heap   total 40960K, used 32742K [0x00000000c1600000, 0x0000000100000000)
  region size 1024K, 24 young (24576K), 1 survivors (1024K)
 Metaspace       used 26727K, capacity 27227K, committed 27264K, reserved 1073152K
  class space    used 2999K, capacity 3172K, committed 3200K, reserved 1048576K
}
Event: 6.080 GC heap after
{Heap after GC invocations=6 (full 0):
 garbage-first heap   total 40960K, used 12768K [0x00000000c1600000, 0x0000000100000000)
  region size 1024K, 3 young (3072K), 3 survivors (3072K)
 Metaspace       used 26727K, capacity 27227K, committed 27264K, reserved 1073152K
  class space    used 2999K, capacity 3172K, committed 3200K, reserved 1048576K
}
Event: 6.625 GC heap before
{Heap before GC invocations=6 (full 0):
 garbage-first heap   total 40960K, used 29152K [0x00000000c1600000, 0x0000000100000000)
  region size 1024K, 16 young (16384K), 3 survivors (3072K)
 Metaspace       used 30490K, capacity 30977K, committed 31232K, reserved 1077248K
  class space    used 3540K, capacity 3718K, committed 3840K, reserved 1048576K
}
Event: 6.632 GC heap after
{Heap after GC invocations=7 (full 0):
 garbage-first heap   total 40960K, used 19844K [0x00000000c1600000, 0x0000000100000000)
  region size 1024K, 2 young (2048K), 2 survivors (2048K)
 Metaspace       used 30490K, capacity 30977K, committed 31232K, reserved 1077248K
  class space    used 3540K, capacity 3718K, committed 3840K, reserved 1048576K
}
Event: 6.698 GC heap before
{Heap before GC invocations=7 (full 0):
 garbage-first heap   total 40960K, used 19844K [0x00000000c1600000, 0x0000000100000000)
  region size 1024K, 4 young (4096K), 2 survivors (2048K)
 Metaspace       used 30511K, capacity 30978K, committed 31232K, reserved 1077248K
  class space    used 3541K, capacity 3718K, committed 3840K, reserved 1048576K
}
Event: 6.701 GC heap after
{Heap after GC invocations=8 (full 0):
 garbage-first heap   total 40960K, used 19612K [0x00000000c1600000, 0x0000000100000000)
  region size 1024K, 1 young (1024K), 1 survivors (1024K)
 Metaspace       used 30511K, capacity 30978K, committed 31232K, reserved 1077248K
  class space    used 3541K, capacity 3718K, committed 3840K, reserved 1048576K
}
Event: 6.807 GC heap before
{Heap before GC invocations=9 (full 0):
 garbage-first heap   total 40960K, used 22684K [0x00000000c1600000, 0x0000000100000000)
  region size 1024K, 3 young (3072K), 1 survivors (1024K)
 Metaspace       used 30556K, capacity 31141K, committed 31232K, reserved 1077248K
  class space    used 3549K, capacity 3751K, committed 3840K, reserved 1048576K
}
Event: 6.809 GC heap after
{Heap after GC invocations=10 (full 0):
 garbage-first heap   total 40960K, used 21659K [0x00000000c1600000, 0x0000000100000000)
  region size 1024K, 1 young (1024K), 1 survivors (1024K)
 Metaspace       used 30556K, capacity 31141K, committed 31232K, reserved 1077248K
  class space    used 3549K, capacity 3751K, committed 3840K, reserved 1048576K
}

