# JRE version: Java(TM) SE Runtime Environment (13.0.2+8) (build 13.0.2+8)
# Java VM: Java HotSpot(TM) 64-Bit Server VM (13.0.2+8, mixed mode, sharing, tiered, compressed oops, g1 gc, windows-amd64)
Heap:
 garbage-first heap   total 180224K, used 6407K [0x00000000c1600000, 0x0000000100000000)
  region size 1024K, 2 young (2048K), 2 survivors (2048K)
 Metaspace       used 12219K, capacity 12530K, committed 12800K, reserved 1060864K
  class space    used 1382K, capacity 1521K, committed 1536K, reserved 1048576K
GC Heap History (8 events):
Event: 1.674 GC heap before
{Heap before GC invocations=0 (full 0):
 garbage-first heap   total 65536K, used 14336K [0x00000000c1600000, 0x0000000100000000)
  region size 1024K, 14 young (14336K), 0 survivors (0K)
 Metaspace       used 10480K, capacity 10721K, committed 10880K, reserved 1058816K
  class space    used 1251K, capacity 1344K, committed 1408K, reserved 1048576K
}
Event: 1.689 GC heap after
{Heap after GC invocations=1 (full 0):
 garbage-first heap   total 65536K, used 4943K [0x00000000c1600000, 0x0000000100000000)
  region size 1024K, 2 young (2048K), 2 survivors (2048K)
 Metaspace       used 10480K, capacity 10721K, committed 10880K, reserved 1058816K
  class space    used 1251K, capacity 1344K, committed 1408K, reserved 1048576K
}
Event: 1.912 GC heap before
{Heap before GC invocations=1 (full 0):
 garbage-first heap   total 65536K, used 6991K [0x00000000c1600000, 0x0000000100000000)
  region size 1024K, 5 young (5120K), 2 survivors (2048K)
 Metaspace       used 10819K, capacity 11073K, committed 11136K, reserved 1058816K
  class space    used 1271K, capacity 1376K, committed 1408K, reserved 1048576K
}
Event: 1.916 GC heap after
{Heap after GC invocations=2 (full 0):
 garbage-first heap   total 65536K, used 5385K [0x00000000c1600000, 0x0000000100000000)
  region size 1024K, 1 young (1024K), 1 survivors (1024K)
 Metaspace       used 10819K, capacity 11073K, committed 11136K, reserved 1058816K
  class space    used 1271K, capacity 1376K, committed 1408K, reserved 1048576K
}
Event: 2.839 GC heap before
{Heap before GC invocations=2 (full 0):
 garbage-first heap   total 65536K, used 23817K [0x00000000c1600000, 0x0000000100000000)
  region size 1024K, 19 young (19456K), 1 survivors (1024K)
 Metaspace       used 11486K, capacity 11784K, committed 12032K, reserved 1060864K
  class space    used 1304K, capacity 1441K, committed 1536K, reserved 1048576K
}
Event: 2.841 GC heap after
{Heap after GC invocations=3 (full 0):
 garbage-first heap   total 65536K, used 5689K [0x00000000c1600000, 0x0000000100000000)
  region size 1024K, 1 young (1024K), 1 survivors (1024K)
 Metaspace       used 11486K, capacity 11784K, committed 12032K, reserved 1060864K
  class space    used 1304K, capacity 1441K, committed 1536K, reserved 1048576K
}
Event: 3.472 GC heap before
{Heap before GC invocations=3 (full 0):
 garbage-first heap   total 65536K, used 19001K [0x00000000c1600000, 0x0000000100000000)
  region size 1024K, 15 young (15360K), 1 survivors (1024K)
 Metaspace       used 12219K, capacity 12530K, committed 12800K, reserved 1060864K
  class space    used 1382K, capacity 1521K, committed 1536K, reserved 1048576K
}
Event: 3.475 GC heap after
{Heap after GC invocations=4 (full 0):
 garbage-first heap   total 65536K, used 6407K [0x00000000c1600000, 0x0000000100000000)
  region size 1024K, 2 young (2048K), 2 survivors (2048K)
 Metaspace       used 12219K, capacity 12530K, committed 12800K, reserved 1060864K
  class space    used 1382K, capacity 1521K, committed 1536K, reserved 1048576K
}

