# JRE version: Java(TM) SE Runtime Environment (13.0.2+8) (build 13.0.2+8)
# Java VM: Java HotSpot(TM) 64-Bit Server VM (13.0.2+8, mixed mode, sharing, tiered, compressed oops, g1 gc, windows-amd64)
Heap:
 garbage-first heap   total 527360K, used 314210K [0x00000000c1600000, 0x0000000100000000)
  region size 1024K, 9 young (9216K), 4 survivors (4096K)
 Metaspace       used 21522K, capacity 21948K, committed 22272K, reserved 1069056K
  class space    used 2314K, capacity 2489K, committed 2560K, reserved 1048576K
GC Heap History (18 events):
Event: 0.827 GC heap before
{Heap before GC invocations=0 (full 0):
 garbage-first heap   total 65536K, used 14336K [0x00000000c1600000, 0x0000000100000000)
  region size 1024K, 14 young (14336K), 0 survivors (0K)
 Metaspace       used 6333K, capacity 7075K, committed 7168K, reserved 1056768K
  class space    used 593K, capacity 680K, committed 768K, reserved 1048576K
}
Event: 0.846 GC heap after
{Heap after GC invocations=1 (full 0):
 garbage-first heap   total 65536K, used 5598K [0x00000000c1600000, 0x0000000100000000)
  region size 1024K, 2 young (2048K), 2 survivors (2048K)
 Metaspace       used 6333K, capacity 7075K, committed 7168K, reserved 1056768K
  class space    used 593K, capacity 680K, committed 768K, reserved 1048576K
}
Event: 1.022 GC heap before
{Heap before GC invocations=1 (full 0):
 garbage-first heap   total 65536K, used 10718K [0x00000000c1600000, 0x0000000100000000)
  region size 1024K, 7 young (7168K), 2 survivors (2048K)
 Metaspace       used 8202K, capacity 8466K, committed 8576K, reserved 1056768K
  class space    used 784K, capacity 888K, committed 896K, reserved 1048576K
}
Event: 1.028 GC heap after
{Heap after GC invocations=2 (full 0):
 garbage-first heap   total 65536K, used 6821K [0x00000000c1600000, 0x0000000100000000)
  region size 1024K, 1 young (1024K), 1 survivors (1024K)
 Metaspace       used 8202K, capacity 8466K, committed 8576K, reserved 1056768K
  class space    used 784K, capacity 888K, committed 896K, reserved 1048576K
}
Event: 2.476 GC heap before
{Heap before GC invocations=2 (full 0):
 garbage-first heap   total 65536K, used 25253K [0x00000000c1600000, 0x0000000100000000)
  region size 1024K, 20 young (20480K), 1 survivors (1024K)
 Metaspace       used 17278K, capacity 17730K, committed 17920K, reserved 1064960K
  class space    used 1896K, capacity 2045K, committed 2048K, reserved 1048576K
}
Event: 2.482 GC heap after
{Heap after GC invocations=3 (full 0):
 garbage-first heap   total 65536K, used 10524K [0x00000000c1600000, 0x0000000100000000)
  region size 1024K, 3 young (3072K), 3 survivors (3072K)
 Metaspace       used 17278K, capacity 17730K, committed 17920K, reserved 1064960K
  class space    used 1896K, capacity 2045K, committed 2048K, reserved 1048576K
}
Event: 4.438 GC heap before
{Heap before GC invocations=3 (full 0):
 garbage-first heap   total 65536K, used 31004K [0x00000000c1600000, 0x0000000100000000)
  region size 1024K, 23 young (23552K), 3 survivors (3072K)
 Metaspace       used 17843K, capacity 18260K, committed 18560K, reserved 1064960K
  class space    used 1898K, capacity 2049K, committed 2176K, reserved 1048576K
}
Event: 4.445 GC heap after
{Heap after GC invocations=4 (full 0):
 garbage-first heap   total 65536K, used 13625K [0x00000000c1600000, 0x0000000100000000)
  region size 1024K, 3 young (3072K), 3 survivors (3072K)
 Metaspace       used 17843K, capacity 18260K, committed 18560K, reserved 1064960K
  class space    used 1898K, capacity 2049K, committed 2176K, reserved 1048576K
}
Event: 5.191 GC heap before
{Heap before GC invocations=4 (full 0):
 garbage-first heap   total 65536K, used 22841K [0x00000000c1600000, 0x0000000100000000)
  region size 1024K, 13 young (13312K), 3 survivors (3072K)
 Metaspace       used 18015K, capacity 18421K, committed 18560K, reserved 1064960K
  class space    used 1933K, capacity 2081K, committed 2176K, reserved 1048576K
}
Event: 5.196 GC heap after
{Heap after GC invocations=5 (full 0):
 garbage-first heap   total 65536K, used 15366K [0x00000000c1600000, 0x0000000100000000)
  region size 1024K, 2 young (2048K), 2 survivors (2048K)
 Metaspace       used 18015K, capacity 18421K, committed 18560K, reserved 1064960K
  class space    used 1933K, capacity 2081K, committed 2176K, reserved 1048576K
}
Event: 5.927 GC heap before
{Heap before GC invocations=6 (full 0):
 garbage-first heap   total 324608K, used 211974K [0x00000000c1600000, 0x0000000100000000)
  region size 1024K, 21 young (21504K), 2 survivors (2048K)
 Metaspace       used 18015K, capacity 18421K, committed 18560K, reserved 1064960K
  class space    used 1933K, capacity 2081K, committed 2176K, reserved 1048576K
}
Event: 5.930 GC heap after
{Heap after GC invocations=7 (full 0):
 garbage-first heap   total 324608K, used 193595K [0x00000000c1600000, 0x0000000100000000)
  region size 1024K, 2 young (2048K), 2 survivors (2048K)
 Metaspace       used 18015K, capacity 18421K, committed 18560K, reserved 1064960K
  class space    used 1933K, capacity 2081K, committed 2176K, reserved 1048576K
}
Event: 6.297 GC heap before
{Heap before GC invocations=7 (full 0):
 garbage-first heap   total 324608K, used 230459K [0x00000000c1600000, 0x0000000100000000)
  region size 1024K, 39 young (39936K), 2 survivors (2048K)
 Metaspace       used 18015K, capacity 18421K, committed 18560K, reserved 1064960K
  class space    used 1933K, capacity 2081K, committed 2176K, reserved 1048576K
}
Event: 6.300 GC heap after
{Heap after GC invocations=8 (full 0):
 garbage-first heap   total 324608K, used 193471K [0x00000000c1600000, 0x0000000100000000)
  region size 1024K, 2 young (2048K), 2 survivors (2048K)
 Metaspace       used 18015K, capacity 18421K, committed 18560K, reserved 1064960K
  class space    used 1933K, capacity 2081K, committed 2176K, reserved 1048576K
}
Event: 7.131 GC heap before
{Heap before GC invocations=9 (full 0):
 garbage-first heap   total 332800K, used 272319K [0x00000000c1600000, 0x0000000100000000)
  region size 1024K, 80 young (81920K), 2 survivors (2048K)
 Metaspace       used 18015K, capacity 18421K, committed 18560K, reserved 1064960K
  class space    used 1933K, capacity 2081K, committed 2176K, reserved 1048576K
}
Event: 7.133 GC heap after
{Heap after GC invocations=10 (full 0):
 garbage-first heap   total 332800K, used 193531K [0x00000000c1600000, 0x0000000100000000)
  region size 1024K, 2 young (2048K), 2 survivors (2048K)
 Metaspace       used 18015K, capacity 18421K, committed 18560K, reserved 1064960K
  class space    used 1933K, capacity 2081K, committed 2176K, reserved 1048576K
}
Event: 11.258 GC heap before
{Heap before GC invocations=10 (full 0):
 garbage-first heap   total 332800K, used 246779K [0x00000000c1600000, 0x0000000100000000)
  region size 1024K, 56 young (57344K), 2 survivors (2048K)
 Metaspace       used 21519K, capacity 21948K, committed 22272K, reserved 1069056K
  class space    used 2314K, capacity 2489K, committed 2560K, reserved 1048576K
}
Event: 11.263 GC heap after
{Heap after GC invocations=11 (full 0):
 garbage-first heap   total 332800K, used 195426K [0x00000000c1600000, 0x0000000100000000)
  region size 1024K, 4 young (4096K), 4 survivors (4096K)
 Metaspace       used 21519K, capacity 21948K, committed 22272K, reserved 1069056K
  class space    used 2314K, capacity 2489K, committed 2560K, reserved 1048576K
}

