# JRE version: Java(TM) SE Runtime Environment (13.0.2+8) (build 13.0.2+8)
# Java VM: Java HotSpot(TM) 64-Bit Server VM (13.0.2+8, mixed mode, sharing, tiered, compressed oops, g1 gc, windows-amd64)
Heap:
 garbage-first heap   total 521216K, used 310859K [0x00000000c1600000, 0x0000000100000000)
  region size 1024K, 7 young (7168K), 3 survivors (3072K)
 Metaspace       used 22444K, capacity 22849K, committed 22912K, reserved 1069056K
  class space    used 2514K, capacity 2686K, committed 2688K, reserved 1048576K
GC Heap History (14 events):
Event: 0.849 GC heap before
{Heap before GC invocations=0 (full 0):
 garbage-first heap   total 65536K, used 13312K [0x00000000c1600000, 0x0000000100000000)
  region size 1024K, 14 young (14336K), 0 survivors (0K)
 Metaspace       used 6212K, capacity 7137K, committed 7424K, reserved 1056768K
  class space    used 585K, capacity 682K, committed 768K, reserved 1048576K
}
Event: 0.866 GC heap after
{Heap after GC invocations=1 (full 0):
 garbage-first heap   total 65536K, used 5448K [0x00000000c1600000, 0x0000000100000000)
  region size 1024K, 2 young (2048K), 2 survivors (2048K)
 Metaspace       used 6212K, capacity 7137K, committed 7424K, reserved 1056768K
  class space    used 585K, capacity 682K, committed 768K, reserved 1048576K
}
Event: 1.685 GC heap before
{Heap before GC invocations=1 (full 0):
 garbage-first heap   total 65536K, used 13640K [0x00000000c1600000, 0x0000000100000000)
  region size 1024K, 10 young (10240K), 2 survivors (2048K)
 Metaspace       used 9910K, capacity 10112K, committed 10368K, reserved 1058816K
  class space    used 991K, capacity 1079K, committed 1152K, reserved 1048576K
}
Event: 1.691 GC heap after
{Heap after GC invocations=2 (full 0):
 garbage-first heap   total 65536K, used 7178K [0x00000000c1600000, 0x0000000100000000)
  region size 1024K, 2 young (2048K), 2 survivors (2048K)
 Metaspace       used 9910K, capacity 10112K, committed 10368K, reserved 1058816K
  class space    used 991K, capacity 1079K, committed 1152K, reserved 1048576K
}
Event: 2.747 GC heap before
{Heap before GC invocations=2 (full 0):
 garbage-first heap   total 65536K, used 25610K [0x00000000c1600000, 0x0000000100000000)
  region size 1024K, 22 young (22528K), 2 survivors (2048K)
 Metaspace       used 18973K, capacity 19379K, committed 19584K, reserved 1067008K
  class space    used 2157K, capacity 2341K, committed 2432K, reserved 1048576K
}
Event: 2.759 GC heap after
{Heap after GC invocations=3 (full 0):
 garbage-first heap   total 65536K, used 11804K [0x00000000c1600000, 0x0000000100000000)
  region size 1024K, 3 young (3072K), 3 survivors (3072K)
 Metaspace       used 18973K, capacity 19379K, committed 19584K, reserved 1067008K
  class space    used 2157K, capacity 2341K, committed 2432K, reserved 1048576K
}
Event: 3.088 GC heap before
{Heap before GC invocations=4 (full 0):
 garbage-first heap   total 317440K, used 201244K [0x00000000c1600000, 0x0000000100000000)
  region size 1024K, 15 young (15360K), 3 survivors (3072K)
 Metaspace       used 18974K, capacity 19379K, committed 19584K, reserved 1067008K
  class space    used 2157K, capacity 2341K, committed 2432K, reserved 1048576K
}
Event: 3.093 GC heap after
{Heap after GC invocations=5 (full 0):
 garbage-first heap   total 317440K, used 190583K [0x00000000c1600000, 0x0000000100000000)
  region size 1024K, 1 young (1024K), 1 survivors (1024K)
 Metaspace       used 18974K, capacity 19379K, committed 19584K, reserved 1067008K
  class space    used 2157K, capacity 2341K, committed 2432K, reserved 1048576K
}
Event: 3.363 GC heap before
{Heap before GC invocations=5 (full 0):
 garbage-first heap   total 317440K, used 224375K [0x00000000c1600000, 0x0000000100000000)
  region size 1024K, 35 young (35840K), 1 survivors (1024K)
 Metaspace       used 18974K, capacity 19379K, committed 19584K, reserved 1067008K
  class space    used 2157K, capacity 2341K, committed 2432K, reserved 1048576K
}
Event: 3.365 GC heap after
{Heap after GC invocations=6 (full 0):
 garbage-first heap   total 317440K, used 190496K [0x00000000c1600000, 0x0000000100000000)
  region size 1024K, 1 young (1024K), 1 survivors (1024K)
 Metaspace       used 18974K, capacity 19379K, committed 19584K, reserved 1067008K
  class space    used 2157K, capacity 2341K, committed 2432K, reserved 1048576K
}
Event: 4.044 GC heap before
{Heap before GC invocations=7 (full 0):
 garbage-first heap   total 324608K, used 265248K [0x00000000c1600000, 0x0000000100000000)
  region size 1024K, 75 young (76800K), 1 survivors (1024K)
 Metaspace       used 18974K, capacity 19379K, committed 19584K, reserved 1067008K
  class space    used 2157K, capacity 2341K, committed 2432K, reserved 1048576K
}
Event: 4.044 GC heap after
{Heap after GC invocations=8 (full 0):
 garbage-first heap   total 324608K, used 190421K [0x00000000c1600000, 0x0000000100000000)
  region size 1024K, 1 young (1024K), 1 survivors (1024K)
 Metaspace       used 18974K, capacity 19379K, committed 19584K, reserved 1067008K
  class space    used 2157K, capacity 2341K, committed 2432K, reserved 1048576K
}
Event: 9.513 GC heap before
{Heap before GC invocations=8 (full 0):
 garbage-first heap   total 324608K, used 261077K [0x00000000c1600000, 0x0000000100000000)
  region size 1024K, 72 young (73728K), 1 survivors (1024K)
 Metaspace       used 22443K, capacity 22849K, committed 22912K, reserved 1069056K
  class space    used 2514K, capacity 2686K, committed 2688K, reserved 1048576K
}
Event: 9.518 GC heap after
{Heap after GC invocations=9 (full 0):
 garbage-first heap   total 324608K, used 193099K [0x00000000c1600000, 0x0000000100000000)
  region size 1024K, 3 young (3072K), 3 survivors (3072K)
 Metaspace       used 22443K, capacity 22849K, committed 22912K, reserved 1069056K
  class space    used 2514K, capacity 2686K, committed 2688K, reserved 1048576K
}

