# JRE version: Java(TM) SE Runtime Environment (13.0.2+8) (build 13.0.2+8)
# Java VM: Java HotSpot(TM) 64-Bit Server VM (13.0.2+8, mixed mode, sharing, tiered, compressed oops, g1 gc, windows-amd64)
Heap:
 garbage-first heap   total 226304K, used 15336K [0x00000000c1600000, 0x0000000100000000)
  region size 1024K, 3 young (3072K), 3 survivors (3072K)
 Metaspace       used 23442K, capacity 23947K, committed 24240K, reserved 1071104K
  class space    used 2579K, capacity 2767K, committed 2816K, reserved 1048576K
GC Heap History (10 events):
Event: 1.194 GC heap before
{Heap before GC invocations=0 (full 0):
 garbage-first heap   total 65536K, used 13312K [0x00000000c1600000, 0x0000000100000000)
  region size 1024K, 14 young (14336K), 0 survivors (0K)
 Metaspace       used 7767K, capacity 8081K, committed 8192K, reserved 1056768K
  class space    used 806K, capacity 959K, committed 1024K, reserved 1048576K
}
Event: 1.200 GC heap after
{Heap after GC invocations=1 (full 0):
 garbage-first heap   total 65536K, used 4799K [0x00000000c1600000, 0x0000000100000000)
  region size 1024K, 2 young (2048K), 2 survivors (2048K)
 Metaspace       used 7767K, capacity 8081K, committed 8192K, reserved 1056768K
  class space    used 806K, capacity 959K, committed 1024K, reserved 1048576K
}
Event: 1.324 GC heap before
{Heap before GC invocations=1 (full 0):
 garbage-first heap   total 65536K, used 6847K [0x00000000c1600000, 0x0000000100000000)
  region size 1024K, 4 young (4096K), 2 survivors (2048K)
 Metaspace       used 8465K, capacity 8785K, committed 8960K, reserved 1056768K
  class space    used 899K, capacity 1023K, committed 1024K, reserved 1048576K
}
Event: 1.328 GC heap after
{Heap after GC invocations=2 (full 0):
 garbage-first heap   total 65536K, used 5896K [0x00000000c1600000, 0x0000000100000000)
  region size 1024K, 1 young (1024K), 1 survivors (1024K)
 Metaspace       used 8465K, capacity 8785K, committed 8960K, reserved 1056768K
  class space    used 899K, capacity 1023K, committed 1024K, reserved 1048576K
}
Event: 3.050 GC heap before
{Heap before GC invocations=2 (full 0):
 garbage-first heap   total 65536K, used 23304K [0x00000000c1600000, 0x0000000100000000)
  region size 1024K, 19 young (19456K), 1 survivors (1024K)
 Metaspace       used 16616K, capacity 17034K, committed 17280K, reserved 1064960K
  class space    used 1776K, capacity 1915K, committed 1920K, reserved 1048576K
}
Event: 3.056 GC heap after
{Heap after GC invocations=3 (full 0):
 garbage-first heap   total 65536K, used 9529K [0x00000000c1600000, 0x0000000100000000)
  region size 1024K, 3 young (3072K), 3 survivors (3072K)
 Metaspace       used 16616K, capacity 17034K, committed 17280K, reserved 1064960K
  class space    used 1776K, capacity 1915K, committed 1920K, reserved 1048576K
}
Event: 4.178 GC heap before
{Heap before GC invocations=3 (full 0):
 garbage-first heap   total 65536K, used 19769K [0x00000000c1600000, 0x0000000100000000)
  region size 1024K, 13 young (13312K), 3 survivors (3072K)
 Metaspace       used 20695K, capacity 21171K, committed 21296K, reserved 1069056K
  class space    used 2239K, capacity 2419K, committed 2432K, reserved 1048576K
}
Event: 4.187 GC heap after
{Heap after GC invocations=4 (full 0):
 garbage-first heap   total 65536K, used 12183K [0x00000000c1600000, 0x0000000100000000)
  region size 1024K, 2 young (2048K), 2 survivors (2048K)
 Metaspace       used 20695K, capacity 21171K, committed 21296K, reserved 1069056K
  class space    used 2239K, capacity 2419K, committed 2432K, reserved 1048576K
}
Event: 12.205 GC heap before
{Heap before GC invocations=5 (full 0):
 garbage-first heap   total 48128K, used 20375K [0x00000000c1600000, 0x0000000100000000)
  region size 1024K, 12 young (12288K), 2 survivors (2048K)
 Metaspace       used 23442K, capacity 23947K, committed 24240K, reserved 1071104K
  class space    used 2579K, capacity 2767K, committed 2816K, reserved 1048576K
}
Event: 12.211 GC heap after
{Heap after GC invocations=6 (full 0):
 garbage-first heap   total 48128K, used 15336K [0x00000000c1600000, 0x0000000100000000)
  region size 1024K, 3 young (3072K), 3 survivors (3072K)
 Metaspace       used 23442K, capacity 23947K, committed 24240K, reserved 1071104K
  class space    used 2579K, capacity 2767K, committed 2816K, reserved 1048576K
}

