# JRE version: Java(TM) SE Runtime Environment (13.0.2+8) (build 13.0.2+8)
# Java VM: Java HotSpot(TM) 64-Bit Server VM (13.0.2+8, mixed mode, sharing, tiered, compressed oops, g1 gc, windows-amd64)
Heap:
 garbage-first heap   total 230400K, used 182656K [0x00000000c1600000, 0x0000000100000000)
  region size 1024K, 50 young (51200K), 1 survivors (1024K)
 Metaspace       used 25236K, capacity 25700K, committed 25984K, reserved 1073152K
  class space    used 2714K, capacity 2882K, committed 2944K, reserved 1048576K
GC Heap History (20 events):
Event: 0.800 GC heap before
{Heap before GC invocations=0 (full 0):
 garbage-first heap   total 65536K, used 13312K [0x00000000c1600000, 0x0000000100000000)
  region size 1024K, 14 young (14336K), 0 survivors (0K)
 Metaspace       used 6712K, capacity 7312K, committed 7424K, reserved 1056768K
  class space    used 645K, capacity 723K, committed 768K, reserved 1048576K
}
Event: 0.807 GC heap after
{Heap after GC invocations=1 (full 0):
 garbage-first heap   total 65536K, used 5598K [0x00000000c1600000, 0x0000000100000000)
  region size 1024K, 2 young (2048K), 2 survivors (2048K)
 Metaspace       used 6712K, capacity 7312K, committed 7424K, reserved 1056768K
  class space    used 645K, capacity 723K, committed 768K, reserved 1048576K
}
Event: 1.016 GC heap before
{Heap before GC invocations=1 (full 0):
 garbage-first heap   total 65536K, used 9694K [0x00000000c1600000, 0x0000000100000000)
  region size 1024K, 7 young (7168K), 2 survivors (2048K)
 Metaspace       used 8536K, capacity 8830K, committed 8960K, reserved 1056768K
  class space    used 835K, capacity 945K, committed 1024K, reserved 1048576K
}
Event: 1.023 GC heap after
{Heap after GC invocations=2 (full 0):
 garbage-first heap   total 65536K, used 6871K [0x00000000c1600000, 0x0000000100000000)
  region size 1024K, 1 young (1024K), 1 survivors (1024K)
 Metaspace       used 8536K, capacity 8830K, committed 8960K, reserved 1056768K
  class space    used 835K, capacity 945K, committed 1024K, reserved 1048576K
}
Event: 2.490 GC heap before
{Heap before GC invocations=2 (full 0):
 garbage-first heap   total 65536K, used 24279K [0x00000000c1600000, 0x0000000100000000)
  region size 1024K, 19 young (19456K), 1 survivors (1024K)
 Metaspace       used 17090K, capacity 17449K, committed 17664K, reserved 1064960K
  class space    used 1842K, capacity 2012K, committed 2048K, reserved 1048576K
}
Event: 2.495 GC heap after
{Heap after GC invocations=3 (full 0):
 garbage-first heap   total 65536K, used 10664K [0x00000000c1600000, 0x0000000100000000)
  region size 1024K, 3 young (3072K), 3 survivors (3072K)
 Metaspace       used 17090K, capacity 17449K, committed 17664K, reserved 1064960K
  class space    used 1842K, capacity 2012K, committed 2048K, reserved 1048576K
}
Event: 2.752 GC heap before
{Heap before GC invocations=3 (full 0):
 garbage-first heap   total 65536K, used 14760K [0x00000000c1600000, 0x0000000100000000)
  region size 1024K, 8 young (8192K), 3 survivors (3072K)
 Metaspace       used 20064K, capacity 20404K, committed 20736K, reserved 1067008K
  class space    used 2296K, capacity 2443K, committed 2560K, reserved 1048576K
}
Event: 2.757 GC heap after
{Heap after GC invocations=4 (full 0):
 garbage-first heap   total 65536K, used 12737K [0x00000000c1600000, 0x0000000100000000)
  region size 1024K, 2 young (2048K), 2 survivors (2048K)
 Metaspace       used 20064K, capacity 20404K, committed 20736K, reserved 1067008K
  class space    used 2296K, capacity 2443K, committed 2560K, reserved 1048576K
}
Event: 3.179 GC heap before
{Heap before GC invocations=5 (full 0):
 garbage-first heap   total 215040K, used 144833K [0x00000000c1600000, 0x0000000100000000)
  region size 1024K, 20 young (20480K), 2 survivors (2048K)
 Metaspace       used 20066K, capacity 20404K, committed 20736K, reserved 1067008K
  class space    used 2296K, capacity 2443K, committed 2560K, reserved 1048576K
}
Event: 3.181 GC heap after
{Heap after GC invocations=6 (full 0):
 garbage-first heap   total 215040K, used 127558K [0x00000000c1600000, 0x0000000100000000)
  region size 1024K, 1 young (1024K), 1 survivors (1024K)
 Metaspace       used 20066K, capacity 20404K, committed 20736K, reserved 1067008K
  class space    used 2296K, capacity 2443K, committed 2560K, reserved 1048576K
}
Event: 3.305 GC heap before
{Heap before GC invocations=6 (full 0):
 garbage-first heap   total 215040K, used 153158K [0x00000000c1600000, 0x0000000100000000)
  region size 1024K, 27 young (27648K), 1 survivors (1024K)
 Metaspace       used 20066K, capacity 20404K, committed 20736K, reserved 1067008K
  class space    used 2296K, capacity 2443K, committed 2560K, reserved 1048576K
}
Event: 3.306 GC heap after
{Heap after GC invocations=7 (full 0):
 garbage-first heap   total 215040K, used 127478K [0x00000000c1600000, 0x0000000100000000)
  region size 1024K, 1 young (1024K), 1 survivors (1024K)
 Metaspace       used 20066K, capacity 20404K, committed 20736K, reserved 1067008K
  class space    used 2296K, capacity 2443K, committed 2560K, reserved 1048576K
}
Event: 3.571 GC heap before
{Heap before GC invocations=8 (full 0):
 garbage-first heap   total 219136K, used 176630K [0x00000000c1600000, 0x0000000100000000)
  region size 1024K, 49 young (50176K), 1 survivors (1024K)
 Metaspace       used 20066K, capacity 20404K, committed 20736K, reserved 1067008K
  class space    used 2296K, capacity 2443K, committed 2560K, reserved 1048576K
}
Event: 3.572 GC heap after
{Heap after GC invocations=9 (full 0):
 garbage-first heap   total 219136K, used 127446K [0x00000000c1600000, 0x0000000100000000)
  region size 1024K, 1 young (1024K), 1 survivors (1024K)
 Metaspace       used 20066K, capacity 20404K, committed 20736K, reserved 1067008K
  class space    used 2296K, capacity 2443K, committed 2560K, reserved 1048576K
}
Event: 4.647 GC heap before
{Heap before GC invocations=9 (full 0):
 garbage-first heap   total 219136K, used 153046K [0x00000000c1600000, 0x0000000100000000)
  region size 1024K, 27 young (27648K), 1 survivors (1024K)
 Metaspace       used 20654K, capacity 21049K, committed 21248K, reserved 1069056K
  class space    used 2348K, capacity 2507K, committed 2560K, reserved 1048576K
}
Event: 4.676 GC heap after
{Heap after GC invocations=10 (full 1):
 garbage-first heap   total 219136K, used 125964K [0x00000000c1600000, 0x0000000100000000)
  region size 1024K, 0 young (0K), 0 survivors (0K)
 Metaspace       used 20654K, capacity 21049K, committed 21248K, reserved 1069056K
  class space    used 2348K, capacity 2507K, committed 2560K, reserved 1048576K
}
Event: 4.729 GC heap before
{Heap before GC invocations=10 (full 1):
 garbage-first heap   total 219136K, used 125964K [0x00000000c1600000, 0x0000000100000000)
  region size 1024K, 1 young (1024K), 0 survivors (0K)
 Metaspace       used 20844K, capacity 21209K, committed 21248K, reserved 1069056K
  class space    used 2373K, capacity 2539K, committed 2560K, reserved 1048576K
}
Event: 4.732 GC heap after
{Heap after GC invocations=11 (full 1):
 garbage-first heap   total 219136K, used 125989K [0x00000000c1600000, 0x0000000100000000)
  region size 1024K, 1 young (1024K), 1 survivors (1024K)
 Metaspace       used 20844K, capacity 21209K, committed 21248K, reserved 1069056K
  class space    used 2373K, capacity 2539K, committed 2560K, reserved 1048576K
}
Event: 5.008 GC heap before
{Heap before GC invocations=12 (full 1):
 garbage-first heap   total 224256K, used 131109K [0x00000000c1600000, 0x0000000100000000)
  region size 1024K, 3 young (3072K), 1 survivors (1024K)
 Metaspace       used 21499K, capacity 21853K, committed 22144K, reserved 1069056K
  class space    used 2449K, capacity 2603K, committed 2688K, reserved 1048576K
}
Event: 5.012 GC heap after
{Heap after GC invocations=13 (full 1):
 garbage-first heap   total 224256K, used 130432K [0x00000000c1600000, 0x0000000100000000)
  region size 1024K, 1 young (1024K), 1 survivors (1024K)
 Metaspace       used 21499K, capacity 21853K, committed 22144K, reserved 1069056K
  class space    used 2449K, capacity 2603K, committed 2688K, reserved 1048576K
}

