# JRE version: Java(TM) SE Runtime Environment (13.0.2+8) (build 13.0.2+8)
# Java VM: Java HotSpot(TM) 64-Bit Server VM (13.0.2+8, mixed mode, sharing, tiered, compressed oops, g1 gc, windows-amd64)
Heap:
 garbage-first heap   total 342016K, used 132868K [0x00000000c1600000, 0x0000000100000000)
  region size 1024K, 2 young (2048K), 1 survivors (1024K)
 Metaspace       used 22957K, capacity 23445K, committed 23552K, reserved 1071104K
  class space    used 2546K, capacity 2732K, committed 2816K, reserved 1048576K
GC Heap History (18 events):
Event: 0.925 GC heap before
{Heap before GC invocations=0 (full 0):
 garbage-first heap   total 65536K, used 14336K [0x00000000c1600000, 0x0000000100000000)
  region size 1024K, 14 young (14336K), 0 survivors (0K)
 Metaspace       used 7687K, capacity 8065K, committed 8192K, reserved 1056768K
  class space    used 804K, capacity 959K, committed 1024K, reserved 1048576K
}
Event: 0.931 GC heap after
{Heap after GC invocations=1 (full 0):
 garbage-first heap   total 65536K, used 4802K [0x00000000c1600000, 0x0000000100000000)
  region size 1024K, 2 young (2048K), 2 survivors (2048K)
 Metaspace       used 7687K, capacity 8065K, committed 8192K, reserved 1056768K
  class space    used 804K, capacity 959K, committed 1024K, reserved 1048576K
}
Event: 1.309 GC heap before
{Heap before GC invocations=1 (full 0):
 garbage-first heap   total 65536K, used 9922K [0x00000000c1600000, 0x0000000100000000)
  region size 1024K, 7 young (7168K), 2 survivors (2048K)
 Metaspace       used 9976K, capacity 10288K, committed 10496K, reserved 1058816K
  class space    used 1038K, capacity 1188K, committed 1280K, reserved 1048576K
}
Event: 1.317 GC heap after
{Heap after GC invocations=2 (full 0):
 garbage-first heap   total 65536K, used 6951K [0x00000000c1600000, 0x0000000100000000)
  region size 1024K, 1 young (1024K), 1 survivors (1024K)
 Metaspace       used 9976K, capacity 10288K, committed 10496K, reserved 1058816K
  class space    used 1038K, capacity 1188K, committed 1280K, reserved 1048576K
}
Event: 2.498 GC heap before
{Heap before GC invocations=2 (full 0):
 garbage-first heap   total 65536K, used 25383K [0x00000000c1600000, 0x0000000100000000)
  region size 1024K, 20 young (20480K), 1 survivors (1024K)
 Metaspace       used 17706K, capacity 18126K, committed 18304K, reserved 1064960K
  class space    used 1895K, capacity 2070K, committed 2176K, reserved 1048576K
}
Event: 2.504 GC heap after
{Heap after GC invocations=3 (full 0):
 garbage-first heap   total 65536K, used 10005K [0x00000000c1600000, 0x0000000100000000)
  region size 1024K, 3 young (3072K), 3 survivors (3072K)
 Metaspace       used 17706K, capacity 18126K, committed 18304K, reserved 1064960K
  class space    used 1895K, capacity 2070K, committed 2176K, reserved 1048576K
}
Event: 2.936 GC heap before
{Heap before GC invocations=3 (full 0):
 garbage-first heap   total 65536K, used 16149K [0x00000000c1600000, 0x0000000100000000)
  region size 1024K, 9 young (9216K), 3 survivors (3072K)
 Metaspace       used 20694K, capacity 21154K, committed 21296K, reserved 1069056K
  class space    used 2238K, capacity 2419K, committed 2432K, reserved 1048576K
}
Event: 2.944 GC heap after
{Heap after GC invocations=4 (full 0):
 garbage-first heap   total 65536K, used 12057K [0x00000000c1600000, 0x0000000100000000)
  region size 1024K, 1 young (1024K), 1 survivors (1024K)
 Metaspace       used 20694K, capacity 21154K, committed 21296K, reserved 1069056K
  class space    used 2238K, capacity 2419K, committed 2432K, reserved 1048576K
}
Event: 9.673 GC heap before
{Heap before GC invocations=5 (full 0):
 garbage-first heap   total 45056K, used 18201K [0x00000000c1600000, 0x0000000100000000)
  region size 1024K, 9 young (9216K), 1 survivors (1024K)
 Metaspace       used 22557K, capacity 23068K, committed 23296K, reserved 1069056K
  class space    used 2492K, capacity 2692K, committed 2816K, reserved 1048576K
}
Event: 9.677 GC heap after
{Heap after GC invocations=6 (full 0):
 garbage-first heap   total 45056K, used 13988K [0x00000000c1600000, 0x0000000100000000)
  region size 1024K, 3 young (3072K), 3 survivors (3072K)
 Metaspace       used 22557K, capacity 23068K, committed 23296K, reserved 1069056K
  class space    used 2492K, capacity 2692K, committed 2816K, reserved 1048576K
}
Event: 10.158 GC heap before
{Heap before GC invocations=7 (full 0):
 garbage-first heap   total 219136K, used 138916K [0x00000000c1600000, 0x0000000100000000)
  region size 1024K, 14 young (14336K), 3 survivors (3072K)
 Metaspace       used 22558K, capacity 23068K, committed 23296K, reserved 1069056K
  class space    used 2492K, capacity 2692K, committed 2816K, reserved 1048576K
}
Event: 10.162 GC heap after
{Heap after GC invocations=8 (full 0):
 garbage-first heap   total 219136K, used 128735K [0x00000000c1600000, 0x0000000100000000)
  region size 1024K, 1 young (1024K), 1 survivors (1024K)
 Metaspace       used 22558K, capacity 23068K, committed 23296K, reserved 1069056K
  class space    used 2492K, capacity 2692K, committed 2816K, reserved 1048576K
}
Event: 10.292 GC heap before
{Heap before GC invocations=8 (full 0):
 garbage-first heap   total 219136K, used 153311K [0x00000000c1600000, 0x0000000100000000)
  region size 1024K, 26 young (26624K), 1 survivors (1024K)
 Metaspace       used 22559K, capacity 23068K, committed 23296K, reserved 1069056K
  class space    used 2492K, capacity 2692K, committed 2816K, reserved 1048576K
}
Event: 10.293 GC heap after
{Heap after GC invocations=9 (full 0):
 garbage-first heap   total 219136K, used 128736K [0x00000000c1600000, 0x0000000100000000)
  region size 1024K, 1 young (1024K), 1 survivors (1024K)
 Metaspace       used 22559K, capacity 23068K, committed 23296K, reserved 1069056K
  class space    used 2492K, capacity 2692K, committed 2816K, reserved 1048576K
}
Event: 10.617 GC heap before
{Heap before GC invocations=10 (full 0):
 garbage-first heap   total 227328K, used 173792K [0x00000000c1600000, 0x0000000100000000)
  region size 1024K, 46 young (47104K), 1 survivors (1024K)
 Metaspace       used 22563K, capacity 23068K, committed 23296K, reserved 1069056K
  class space    used 2492K, capacity 2692K, committed 2816K, reserved 1048576K
}
Event: 10.617 GC heap after
{Heap after GC invocations=11 (full 0):
 garbage-first heap   total 227328K, used 128707K [0x00000000c1600000, 0x0000000100000000)
  region size 1024K, 1 young (1024K), 1 survivors (1024K)
 Metaspace       used 22563K, capacity 23068K, committed 23296K, reserved 1069056K
  class space    used 2492K, capacity 2692K, committed 2816K, reserved 1048576K
}
Event: 10.904 GC heap before
{Heap before GC invocations=11 (full 0):
 garbage-first heap   total 227328K, used 163523K [0x00000000c1600000, 0x0000000100000000)
  region size 1024K, 36 young (36864K), 1 survivors (1024K)
 Metaspace       used 22782K, capacity 23312K, committed 23552K, reserved 1071104K
  class space    used 2527K, capacity 2730K, committed 2816K, reserved 1048576K
}
Event: 10.905 GC heap after
{Heap after GC invocations=12 (full 0):
 garbage-first heap   total 227328K, used 128772K [0x00000000c1600000, 0x0000000100000000)
  region size 1024K, 1 young (1024K), 1 survivors (1024K)
 Metaspace       used 22782K, capacity 23312K, committed 23552K, reserved 1071104K
  class space    used 2527K, capacity 2730K, committed 2816K, reserved 1048576K
}

