# JRE version: Java(TM) SE Runtime Environment (13.0.2+8) (build 13.0.2+8)
# Java VM: Java HotSpot(TM) 64-Bit Server VM (13.0.2+8, mixed mode, sharing, tiered, compressed oops, g1 gc, windows-amd64)
Heap:
 garbage-first heap   total 266240K, used 181732K [0x00000000c1600000, 0x0000000100000000)
  region size 1024K, 23 young (23552K), 5 survivors (5120K)
 Metaspace       used 25514K, capacity 25960K, committed 26240K, reserved 1073152K
  class space    used 2716K, capacity 2882K, committed 2944K, reserved 1048576K
GC Heap History (20 events):
Event: 2.516 GC heap before
{Heap before GC invocations=3 (full 0):
 garbage-first heap   total 65536K, used 13645K [0x00000000c1600000, 0x0000000100000000)
  region size 1024K, 8 young (8192K), 3 survivors (3072K)
 Metaspace       used 20034K, capacity 20404K, committed 20736K, reserved 1067008K
  class space    used 2292K, capacity 2443K, committed 2560K, reserved 1048576K
}
Event: 2.521 GC heap after
{Heap after GC invocations=4 (full 0):
 garbage-first heap   total 65536K, used 13005K [0x00000000c1600000, 0x0000000100000000)
  region size 1024K, 2 young (2048K), 2 survivors (2048K)
 Metaspace       used 20034K, capacity 20404K, committed 20736K, reserved 1067008K
  class space    used 2292K, capacity 2443K, committed 2560K, reserved 1048576K
}
Event: 2.940 GC heap before
{Heap before GC invocations=5 (full 0):
 garbage-first heap   total 215040K, used 145101K [0x00000000c1600000, 0x0000000100000000)
  region size 1024K, 20 young (20480K), 2 survivors (2048K)
 Metaspace       used 20036K, capacity 20404K, committed 20736K, reserved 1067008K
  class space    used 2292K, capacity 2443K, committed 2560K, reserved 1048576K
}
Event: 2.942 GC heap after
{Heap after GC invocations=6 (full 0):
 garbage-first heap   total 215040K, used 127204K [0x00000000c1600000, 0x0000000100000000)
  region size 1024K, 2 young (2048K), 2 survivors (2048K)
 Metaspace       used 20036K, capacity 20404K, committed 20736K, reserved 1067008K
  class space    used 2292K, capacity 2443K, committed 2560K, reserved 1048576K
}
Event: 3.065 GC heap before
{Heap before GC invocations=6 (full 0):
 garbage-first heap   total 215040K, used 152804K [0x00000000c1600000, 0x0000000100000000)
  region size 1024K, 28 young (28672K), 2 survivors (2048K)
 Metaspace       used 20036K, capacity 20404K, committed 20736K, reserved 1067008K
  class space    used 2292K, capacity 2443K, committed 2560K, reserved 1048576K
}
Event: 3.067 GC heap after
{Heap after GC invocations=7 (full 0):
 garbage-first heap   total 215040K, used 127208K [0x00000000c1600000, 0x0000000100000000)
  region size 1024K, 2 young (2048K), 2 survivors (2048K)
 Metaspace       used 20036K, capacity 20404K, committed 20736K, reserved 1067008K
  class space    used 2292K, capacity 2443K, committed 2560K, reserved 1048576K
}
Event: 3.314 GC heap before
{Heap before GC invocations=8 (full 0):
 garbage-first heap   total 217088K, used 173288K [0x00000000c1600000, 0x0000000100000000)
  region size 1024K, 47 young (48128K), 2 survivors (2048K)
 Metaspace       used 20036K, capacity 20404K, committed 20736K, reserved 1067008K
  class space    used 2292K, capacity 2443K, committed 2560K, reserved 1048576K
}
Event: 3.315 GC heap after
{Heap after GC invocations=9 (full 0):
 garbage-first heap   total 217088K, used 127186K [0x00000000c1600000, 0x0000000100000000)
  region size 1024K, 2 young (2048K), 2 survivors (2048K)
 Metaspace       used 20036K, capacity 20404K, committed 20736K, reserved 1067008K
  class space    used 2292K, capacity 2443K, committed 2560K, reserved 1048576K
}
Event: 3.617 GC heap before
{Heap before GC invocations=9 (full 0):
 garbage-first heap   total 217088K, used 154834K [0x00000000c1600000, 0x0000000100000000)
  region size 1024K, 30 young (30720K), 2 survivors (2048K)
 Metaspace       used 20602K, capacity 20985K, committed 21248K, reserved 1069056K
  class space    used 2343K, capacity 2507K, committed 2560K, reserved 1048576K
}
Event: 3.652 GC heap after
{Heap after GC invocations=10 (full 1):
 garbage-first heap   total 217088K, used 125937K [0x00000000c1600000, 0x0000000100000000)
  region size 1024K, 0 young (0K), 0 survivors (0K)
 Metaspace       used 20602K, capacity 20985K, committed 21248K, reserved 1069056K
  class space    used 2343K, capacity 2507K, committed 2560K, reserved 1048576K
}
Event: 3.658 GC heap before
{Heap before GC invocations=10 (full 1):
 garbage-first heap   total 217088K, used 125937K [0x00000000c1600000, 0x0000000100000000)
  region size 1024K, 1 young (1024K), 0 survivors (0K)
 Metaspace       used 20700K, capacity 21049K, committed 21248K, reserved 1069056K
  class space    used 2356K, capacity 2507K, committed 2560K, reserved 1048576K
}
Event: 3.659 GC heap after
{Heap after GC invocations=11 (full 1):
 garbage-first heap   total 217088K, used 126030K [0x00000000c1600000, 0x0000000100000000)
  region size 1024K, 1 young (1024K), 1 survivors (1024K)
 Metaspace       used 20700K, capacity 21049K, committed 21248K, reserved 1069056K
  class space    used 2356K, capacity 2507K, committed 2560K, reserved 1048576K
}
Event: 3.736 GC heap before
{Heap before GC invocations=12 (full 1):
 garbage-first heap   total 222208K, used 131150K [0x00000000c1600000, 0x0000000100000000)
  region size 1024K, 3 young (3072K), 1 survivors (1024K)
 Metaspace       used 21089K, capacity 21497K, committed 21632K, reserved 1069056K
  class space    used 2402K, capacity 2571K, committed 2688K, reserved 1048576K
}
Event: 3.738 GC heap after
{Heap after GC invocations=13 (full 1):
 garbage-first heap   total 222208K, used 130218K [0x00000000c1600000, 0x0000000100000000)
  region size 1024K, 1 young (1024K), 1 survivors (1024K)
 Metaspace       used 21089K, capacity 21497K, committed 21632K, reserved 1069056K
  class space    used 2402K, capacity 2571K, committed 2688K, reserved 1048576K
}
Event: 12.468 GC heap before
{Heap before GC invocations=14 (full 1):
 garbage-first heap   total 229376K, used 185514K [0x00000000c1600000, 0x0000000100000000)
  region size 1024K, 52 young (53248K), 1 survivors (1024K)
 Metaspace       used 25045K, capacity 25508K, committed 25728K, reserved 1073152K
  class space    used 2708K, capacity 2882K, committed 2944K, reserved 1048576K
}
Event: 12.481 GC heap after
{Heap after GC invocations=15 (full 1):
 garbage-first heap   total 229376K, used 142483K [0x00000000c1600000, 0x0000000100000000)
  region size 1024K, 7 young (7168K), 7 survivors (7168K)
 Metaspace       used 25045K, capacity 25508K, committed 25728K, reserved 1073152K
  class space    used 2708K, capacity 2882K, committed 2944K, reserved 1048576K
}
Event: 13.720 GC heap before
{Heap before GC invocations=15 (full 1):
 garbage-first heap   total 229376K, used 190611K [0x00000000c1600000, 0x0000000100000000)
  region size 1024K, 54 young (55296K), 7 survivors (7168K)
 Metaspace       used 25287K, capacity 25704K, committed 25984K, reserved 1073152K
  class space    used 2708K, capacity 2882K, committed 2944K, reserved 1048576K
}
Event: 13.778 GC heap after
{Heap after GC invocations=16 (full 1):
 garbage-first heap   total 229376K, used 155052K [0x00000000c1600000, 0x0000000100000000)
  region size 1024K, 7 young (7168K), 7 survivors (7168K)
 Metaspace       used 25287K, capacity 25704K, committed 25984K, reserved 1073152K
  class space    used 2708K, capacity 2882K, committed 2944K, reserved 1048576K
}
Event: 14.573 GC heap before
{Heap before GC invocations=17 (full 1):
 garbage-first heap   total 266240K, used 186796K [0x00000000c1600000, 0x0000000100000000)
  region size 1024K, 38 young (38912K), 7 survivors (7168K)
 Metaspace       used 25303K, capacity 25768K, committed 25984K, reserved 1073152K
  class space    used 2708K, capacity 2882K, committed 2944K, reserved 1048576K
}
Event: 14.594 GC heap after
{Heap after GC invocations=18 (full 1):
 garbage-first heap   total 266240K, used 164324K [0x00000000c1600000, 0x0000000100000000)
  region size 1024K, 5 young (5120K), 5 survivors (5120K)
 Metaspace       used 25303K, capacity 25768K, committed 25984K, reserved 1073152K
  class space    used 2708K, capacity 2882K, committed 2944K, reserved 1048576K
}

