# JRE version: Java(TM) SE Runtime Environment (13.0.2+8) (build 13.0.2+8)
# Java VM: Java HotSpot(TM) 64-Bit Server VM (13.0.2+8, mixed mode, sharing, tiered, compressed oops, g1 gc, windows-amd64)
Heap:
 garbage-first heap   total 224256K, used 129108K [0x00000000c1600000, 0x0000000100000000)
  region size 1024K, 3 young (3072K), 1 survivors (1024K)
 Metaspace       used 10566K, capacity 10794K, committed 11008K, reserved 1058816K
  class space    used 1288K, capacity 1411K, committed 1536K, reserved 1048576K
GC Heap History (16 events):
Event: 1.285 GC heap before
{Heap before GC invocations=0 (full 0):
 garbage-first heap   total 65536K, used 13312K [0x00000000c1600000, 0x0000000100000000)
  region size 1024K, 14 young (14336K), 0 survivors (0K)
 Metaspace       used 9161K, capacity 9384K, committed 9472K, reserved 1056768K
  class space    used 1143K, capacity 1241K, committed 1280K, reserved 1048576K
}
Event: 1.293 GC heap after
{Heap after GC invocations=1 (full 0):
 garbage-first heap   total 65536K, used 5947K [0x00000000c1600000, 0x0000000100000000)
  region size 1024K, 2 young (2048K), 2 survivors (2048K)
 Metaspace       used 9161K, capacity 9384K, committed 9472K, reserved 1056768K
  class space    used 1143K, capacity 1241K, committed 1280K, reserved 1048576K
}
Event: 1.330 GC heap before
{Heap before GC invocations=1 (full 0):
 garbage-first heap   total 65536K, used 5947K [0x00000000c1600000, 0x0000000100000000)
  region size 1024K, 3 young (3072K), 2 survivors (2048K)
 Metaspace       used 9315K, capacity 9565K, committed 9856K, reserved 1058816K
  class space    used 1160K, capacity 1281K, committed 1408K, reserved 1048576K
}
Event: 1.334 GC heap after
{Heap after GC invocations=2 (full 0):
 garbage-first heap   total 65536K, used 6621K [0x00000000c1600000, 0x0000000100000000)
  region size 1024K, 1 young (1024K), 1 survivors (1024K)
 Metaspace       used 9315K, capacity 9565K, committed 9856K, reserved 1058816K
  class space    used 1160K, capacity 1281K, committed 1408K, reserved 1048576K
}
Event: 1.937 GC heap before
{Heap before GC invocations=3 (full 0):
 garbage-first heap   total 203776K, used 133597K [0x00000000c1600000, 0x0000000100000000)
  region size 1024K, 14 young (14336K), 1 survivors (1024K)
 Metaspace       used 9316K, capacity 9565K, committed 9856K, reserved 1058816K
  class space    used 1160K, capacity 1281K, committed 1408K, reserved 1048576K
}
Event: 1.938 GC heap after
{Heap after GC invocations=4 (full 0):
 garbage-first heap   total 203776K, used 121179K [0x00000000c1600000, 0x0000000100000000)
  region size 1024K, 1 young (1024K), 1 survivors (1024K)
 Metaspace       used 9316K, capacity 9565K, committed 9856K, reserved 1058816K
  class space    used 1160K, capacity 1281K, committed 1408K, reserved 1048576K
}
Event: 2.066 GC heap before
{Heap before GC invocations=4 (full 0):
 garbage-first heap   total 203776K, used 147803K [0x00000000c1600000, 0x0000000100000000)
  region size 1024K, 28 young (28672K), 1 survivors (1024K)
 Metaspace       used 9316K, capacity 9565K, committed 9856K, reserved 1058816K
  class space    used 1160K, capacity 1281K, committed 1408K, reserved 1048576K
}
Event: 2.067 GC heap after
{Heap after GC invocations=5 (full 0):
 garbage-first heap   total 203776K, used 121191K [0x00000000c1600000, 0x0000000100000000)
  region size 1024K, 1 young (1024K), 1 survivors (1024K)
 Metaspace       used 9316K, capacity 9565K, committed 9856K, reserved 1058816K
  class space    used 1160K, capacity 1281K, committed 1408K, reserved 1048576K
}
Event: 2.368 GC heap before
{Heap before GC invocations=6 (full 0):
 garbage-first heap   total 204800K, used 166247K [0x00000000c1600000, 0x0000000100000000)
  region size 1024K, 45 young (46080K), 1 survivors (1024K)
 Metaspace       used 9316K, capacity 9565K, committed 9856K, reserved 1058816K
  class space    used 1160K, capacity 1281K, committed 1408K, reserved 1048576K
}
Event: 2.369 GC heap after
{Heap after GC invocations=7 (full 0):
 garbage-first heap   total 204800K, used 121186K [0x00000000c1600000, 0x0000000100000000)
  region size 1024K, 1 young (1024K), 1 survivors (1024K)
 Metaspace       used 9316K, capacity 9565K, committed 9856K, reserved 1058816K
  class space    used 1160K, capacity 1281K, committed 1408K, reserved 1048576K
}
Event: 3.670 GC heap before
{Heap before GC invocations=7 (full 0):
 garbage-first heap   total 204800K, used 156002K [0x00000000c1600000, 0x0000000100000000)
  region size 1024K, 36 young (36864K), 1 survivors (1024K)
 Metaspace       used 9967K, capacity 10243K, committed 10368K, reserved 1058816K
  class space    used 1216K, capacity 1313K, committed 1408K, reserved 1048576K
}
Event: 3.677 GC heap after
{Heap after GC invocations=8 (full 1):
 garbage-first heap   total 204800K, used 120717K [0x00000000c1600000, 0x0000000100000000)
  region size 1024K, 0 young (0K), 0 survivors (0K)
 Metaspace       used 9967K, capacity 10243K, committed 10368K, reserved 1058816K
  class space    used 1216K, capacity 1313K, committed 1408K, reserved 1048576K
}
Event: 3.908 GC heap before
{Heap before GC invocations=8 (full 1):
 garbage-first heap   total 204800K, used 121741K [0x00000000c1600000, 0x0000000100000000)
  region size 1024K, 2 young (2048K), 0 survivors (0K)
 Metaspace       used 10074K, capacity 10345K, committed 10624K, reserved 1058816K
  class space    used 1229K, capacity 1347K, committed 1408K, reserved 1048576K
}
Event: 3.910 GC heap after
{Heap after GC invocations=9 (full 1):
 garbage-first heap   total 204800K, used 120786K [0x00000000c1600000, 0x0000000100000000)
  region size 1024K, 1 young (1024K), 1 survivors (1024K)
 Metaspace       used 10074K, capacity 10345K, committed 10624K, reserved 1058816K
  class space    used 1229K, capacity 1347K, committed 1408K, reserved 1048576K
}
Event: 4.456 GC heap before
{Heap before GC invocations=10 (full 1):
 garbage-first heap   total 217088K, used 126930K [0x00000000c1600000, 0x0000000100000000)
  region size 1024K, 4 young (4096K), 1 survivors (1024K)
 Metaspace       used 10463K, capacity 10730K, committed 11008K, reserved 1058816K
  class space    used 1283K, capacity 1411K, committed 1536K, reserved 1048576K
}
Event: 4.461 GC heap after
{Heap after GC invocations=11 (full 1):
 garbage-first heap   total 217088K, used 125012K [0x00000000c1600000, 0x0000000100000000)
  region size 1024K, 1 young (1024K), 1 survivors (1024K)
 Metaspace       used 10463K, capacity 10730K, committed 11008K, reserved 1058816K
  class space    used 1283K, capacity 1411K, committed 1536K, reserved 1048576K
}

