# JRE version: Java(TM) SE Runtime Environment (13.0.2+8) (build 13.0.2+8)
# Java VM: Java HotSpot(TM) 64-Bit Server VM (13.0.2+8, mixed mode, sharing, tiered, compressed oops, g1 gc, windows-amd64)
Heap:
 garbage-first heap   total 214016K, used 126327K [0x00000000c1600000, 0x0000000100000000)
  region size 1024K, 2 young (2048K), 1 survivors (1024K)
 Metaspace       used 21928K, capacity 22402K, committed 22656K, reserved 1069056K
  class space    used 2652K, capacity 2881K, committed 2944K, reserved 1048576K
GC Heap History (10 events):
Event: 54.732 GC heap before
{Heap before GC invocations=0 (full 0):
 garbage-first heap   total 65536K, used 14336K [0x00000000c1600000, 0x0000000100000000)
  region size 1024K, 14 young (14336K), 0 survivors (0K)
 Metaspace       used 7459K, capacity 7697K, committed 7936K, reserved 1056768K
  class space    used 800K, capacity 898K, committed 1024K, reserved 1048576K
}
Event: 54.741 GC heap after
{Heap after GC invocations=1 (full 0):
 garbage-first heap   total 65536K, used 3973K [0x00000000c1600000, 0x0000000100000000)
  region size 1024K, 2 young (2048K), 2 survivors (2048K)
 Metaspace       used 7459K, capacity 7697K, committed 7936K, reserved 1056768K
  class space    used 800K, capacity 898K, committed 1024K, reserved 1048576K
}
Event: 58.089 GC heap before
{Heap before GC invocations=1 (full 0):
 garbage-first heap   total 65536K, used 40837K [0x00000000c1600000, 0x0000000100000000)
  region size 1024K, 38 young (38912K), 2 survivors (2048K)
 Metaspace       used 18947K, capacity 19410K, committed 19584K, reserved 1067008K
  class space    used 2206K, capacity 2417K, committed 2432K, reserved 1048576K
}
Event: 58.109 GC heap after
{Heap after GC invocations=2 (full 0):
 garbage-first heap   total 65536K, used 8529K [0x00000000c1600000, 0x0000000100000000)
  region size 1024K, 5 young (5120K), 5 survivors (5120K)
 Metaspace       used 18947K, capacity 19410K, committed 19584K, reserved 1067008K
  class space    used 2206K, capacity 2417K, committed 2432K, reserved 1048576K
}
Event: 58.234 GC heap before
{Heap before GC invocations=2 (full 0):
 garbage-first heap   total 65536K, used 10577K [0x00000000c1600000, 0x0000000100000000)
  region size 1024K, 7 young (7168K), 5 survivors (5120K)
 Metaspace       used 18994K, capacity 19413K, committed 19584K, reserved 1067008K
  class space    used 2207K, capacity 2417K, committed 2432K, reserved 1048576K
}
Event: 58.245 GC heap after
{Heap after GC invocations=3 (full 0):
 garbage-first heap   total 65536K, used 10043K [0x00000000c1600000, 0x0000000100000000)
  region size 1024K, 1 young (1024K), 1 survivors (1024K)
 Metaspace       used 18994K, capacity 19413K, committed 19584K, reserved 1067008K
  class space    used 2207K, capacity 2417K, committed 2432K, reserved 1048576K
}
Event: 58.987 GC heap before
{Heap before GC invocations=3 (full 0):
 garbage-first heap   total 65536K, used 13115K [0x00000000c1600000, 0x0000000100000000)
  region size 1024K, 6 young (6144K), 1 survivors (1024K)
 Metaspace       used 20693K, capacity 21119K, committed 21248K, reserved 1067008K
  class space    used 2488K, capacity 2708K, committed 2816K, reserved 1048576K
}
Event: 58.989 GC heap after
{Heap after GC invocations=4 (full 0):
 garbage-first heap   total 65536K, used 11162K [0x00000000c1600000, 0x0000000100000000)
  region size 1024K, 3 young (3072K), 3 survivors (3072K)
 Metaspace       used 20693K, capacity 21119K, committed 21248K, reserved 1067008K
  class space    used 2488K, capacity 2708K, committed 2816K, reserved 1048576K
}
Event: 60.030 GC heap before
{Heap before GC invocations=5 (full 0):
 garbage-first heap   total 45056K, used 12186K [0x00000000c1600000, 0x0000000100000000)
  region size 1024K, 6 young (6144K), 3 survivors (3072K)
 Metaspace       used 21927K, capacity 22402K, committed 22656K, reserved 1069056K
  class space    used 2652K, capacity 2881K, committed 2944K, reserved 1048576K
}
Event: 60.036 GC heap after
{Heap after GC invocations=6 (full 0):
 garbage-first heap   total 45056K, used 11639K [0x00000000c1600000, 0x0000000100000000)
  region size 1024K, 1 young (1024K), 1 survivors (1024K)
 Metaspace       used 21927K, capacity 22402K, committed 22656K, reserved 1069056K
  class space    used 2652K, capacity 2881K, committed 2944K, reserved 1048576K
}

