# JRE version: Java(TM) SE Runtime Environment (13.0.2+8) (build 13.0.2+8)
# Java VM: Java HotSpot(TM) 64-Bit Server VM (13.0.2+8, mixed mode, sharing, tiered, compressed oops, g1 gc, windows-amd64)
Heap:
 garbage-first heap   total 243712K, used 11967K [0x00000000c1600000, 0x0000000100000000)
  region size 1024K, 3 young (3072K), 3 survivors (3072K)
 Metaspace       used 19074K, capacity 19446K, committed 19584K, reserved 1067008K
  class space    used 2188K, capacity 2342K, committed 2432K, reserved 1048576K
GC Heap History (6 events):
Event: 0.969 GC heap before
{Heap before GC invocations=0 (full 0):
 garbage-first heap   total 65536K, used 13312K [0x00000000c1600000, 0x0000000100000000)
  region size 1024K, 14 young (14336K), 0 survivors (0K)
 Metaspace       used 6279K, capacity 7143K, committed 7424K, reserved 1056768K
  class space    used 590K, capacity 684K, committed 768K, reserved 1048576K
}
Event: 0.977 GC heap after
{Heap after GC invocations=1 (full 0):
 garbage-first heap   total 65536K, used 5547K [0x00000000c1600000, 0x0000000100000000)
  region size 1024K, 2 young (2048K), 2 survivors (2048K)
 Metaspace       used 6279K, capacity 7143K, committed 7424K, reserved 1056768K
  class space    used 590K, capacity 684K, committed 768K, reserved 1048576K
}
Event: 1.899 GC heap before
{Heap before GC invocations=1 (full 0):
 garbage-first heap   total 65536K, used 14763K [0x00000000c1600000, 0x0000000100000000)
  region size 1024K, 11 young (11264K), 2 survivors (2048K)
 Metaspace       used 11580K, capacity 11836K, committed 12160K, reserved 1060864K
  class space    used 1215K, capacity 1313K, committed 1408K, reserved 1048576K
}
Event: 1.905 GC heap after
{Heap after GC invocations=2 (full 0):
 garbage-first heap   total 65536K, used 7884K [0x00000000c1600000, 0x0000000100000000)
  region size 1024K, 2 young (2048K), 2 survivors (2048K)
 Metaspace       used 11580K, capacity 11836K, committed 12160K, reserved 1060864K
  class space    used 1215K, capacity 1313K, committed 1408K, reserved 1048576K
}
Event: 3.008 GC heap before
{Heap before GC invocations=2 (full 0):
 garbage-first heap   total 65536K, used 24268K [0x00000000c1600000, 0x0000000100000000)
  region size 1024K, 20 young (20480K), 2 survivors (2048K)
 Metaspace       used 19074K, capacity 19446K, committed 19584K, reserved 1067008K
  class space    used 2188K, capacity 2342K, committed 2432K, reserved 1048576K
}
Event: 3.019 GC heap after
{Heap after GC invocations=3 (full 0):
 garbage-first heap   total 65536K, used 11967K [0x00000000c1600000, 0x0000000100000000)
  region size 1024K, 3 young (3072K), 3 survivors (3072K)
 Metaspace       used 19074K, capacity 19446K, committed 19584K, reserved 1067008K
  class space    used 2188K, capacity 2342K, committed 2432K, reserved 1048576K
}

