# JRE version: Java(TM) SE Runtime Environment (13.0.2+8) (build 13.0.2+8)
# Java VM: Java HotSpot(TM) 64-Bit Server VM (13.0.2+8, mixed mode, sharing, tiered, compressed oops, g1 gc, windows-amd64)
Heap:
 garbage-first heap   total 222208K, used 131212K [0x00000000c1600000, 0x0000000100000000)
  region size 1024K, 3 young (3072K), 2 survivors (2048K)
 Metaspace       used 29549K, capacity 30074K, committed 30332K, reserved 1075200K
  class space    used 3466K, capacity 3667K, committed 3788K, reserved 1048576K
GC Heap History (12 events):
Event: 6.805 GC heap before
{Heap before GC invocations=0 (full 0):
 garbage-first heap   total 65536K, used 14336K [0x00000000c1600000, 0x0000000100000000)
  region size 1024K, 14 young (14336K), 0 survivors (0K)
 Metaspace       used 6164K, capacity 7079K, committed 7168K, reserved 1056768K
  class space    used 573K, capacity 684K, committed 768K, reserved 1048576K
}
Event: 6.813 GC heap after
{Heap after GC invocations=1 (full 0):
 garbage-first heap   total 65536K, used 5702K [0x00000000c1600000, 0x0000000100000000)
  region size 1024K, 2 young (2048K), 2 survivors (2048K)
 Metaspace       used 6164K, capacity 7079K, committed 7168K, reserved 1056768K
  class space    used 573K, capacity 684K, committed 768K, reserved 1048576K
}
Event: 10.124 GC heap before
{Heap before GC invocations=1 (full 0):
 garbage-first heap   total 65536K, used 7750K [0x00000000c1600000, 0x0000000100000000)
  region size 1024K, 4 young (4096K), 2 survivors (2048K)
 Metaspace       used 7566K, capacity 7744K, committed 8064K, reserved 1056768K
  class space    used 719K, capacity 795K, committed 896K, reserved 1048576K
}
Event: 10.133 GC heap after
{Heap after GC invocations=2 (full 0):
 garbage-first heap   total 65536K, used 6405K [0x00000000c1600000, 0x0000000100000000)
  region size 1024K, 1 young (1024K), 1 survivors (1024K)
 Metaspace       used 7566K, capacity 7744K, committed 8064K, reserved 1056768K
  class space    used 719K, capacity 795K, committed 896K, reserved 1048576K
}
Event: 23.574 GC heap before
{Heap before GC invocations=2 (full 0):
 garbage-first heap   total 65536K, used 23813K [0x00000000c1600000, 0x0000000100000000)
  region size 1024K, 19 young (19456K), 1 survivors (1024K)
 Metaspace       used 14986K, capacity 15247K, committed 15616K, reserved 1062912K
  class space    used 1569K, capacity 1677K, committed 1792K, reserved 1048576K
}
Event: 23.584 GC heap after
{Heap after GC invocations=3 (full 0):
 garbage-first heap   total 65536K, used 8996K [0x00000000c1600000, 0x0000000100000000)
  region size 1024K, 3 young (3072K), 3 survivors (3072K)
 Metaspace       used 14986K, capacity 15247K, committed 15616K, reserved 1062912K
  class space    used 1569K, capacity 1677K, committed 1792K, reserved 1048576K
}
Event: 29.249 GC heap before
{Heap before GC invocations=3 (full 0):
 garbage-first heap   total 65536K, used 27428K [0x00000000c1600000, 0x0000000100000000)
  region size 1024K, 22 young (22528K), 3 survivors (3072K)
 Metaspace       used 20872K, capacity 21200K, committed 21296K, reserved 1069056K
  class space    used 2253K, capacity 2411K, committed 2432K, reserved 1048576K
}
Event: 29.258 GC heap after
{Heap after GC invocations=4 (full 0):
 garbage-first heap   total 65536K, used 10553K [0x00000000c1600000, 0x0000000100000000)
  region size 1024K, 2 young (2048K), 2 survivors (2048K)
 Metaspace       used 20872K, capacity 21200K, committed 21296K, reserved 1069056K
  class space    used 2253K, capacity 2411K, committed 2432K, reserved 1048576K
}
Event: 40.420 GC heap before
{Heap before GC invocations=5 (full 0):
 garbage-first heap   total 40960K, used 31033K [0x00000000c1600000, 0x0000000100000000)
  region size 1024K, 23 young (23552K), 2 survivors (2048K)
 Metaspace       used 26637K, capacity 27152K, committed 27260K, reserved 1073152K
  class space    used 3025K, capacity 3204K, committed 3276K, reserved 1048576K
}
Event: 40.441 GC heap after
{Heap after GC invocations=6 (full 0):
 garbage-first heap   total 40960K, used 14985K [0x00000000c1600000, 0x0000000100000000)
  region size 1024K, 3 young (3072K), 3 survivors (3072K)
 Metaspace       used 26637K, capacity 27152K, committed 27260K, reserved 1073152K
  class space    used 3025K, capacity 3204K, committed 3276K, reserved 1048576K
}
Event: 51.572 GC heap before
{Heap before GC invocations=6 (full 0):
 garbage-first heap   total 40960K, used 16009K [0x00000000c1600000, 0x0000000100000000)
  region size 1024K, 6 young (6144K), 3 survivors (3072K)
 Metaspace       used 29549K, capacity 30074K, committed 30332K, reserved 1075200K
  class space    used 3466K, capacity 3667K, committed 3788K, reserved 1048576K
}
Event: 51.583 GC heap after
{Heap after GC invocations=7 (full 0):
 garbage-first heap   total 40960K, used 16524K [0x00000000c1600000, 0x0000000100000000)
  region size 1024K, 2 young (2048K), 2 survivors (2048K)
 Metaspace       used 29549K, capacity 30074K, committed 30332K, reserved 1075200K
  class space    used 3466K, capacity 3667K, committed 3788K, reserved 1048576K
}

