# JRE version: Java(TM) SE Runtime Environment (13.0.2+8) (build 13.0.2+8)
# Java VM: Java HotSpot(TM) 64-Bit Server VM (13.0.2+8, mixed mode, sharing, tiered, compressed oops, g1 gc, windows-amd64)
Heap:
 garbage-first heap   total 222208K, used 147645K [0x00000000c1600000, 0x0000000100000000)
  region size 1024K, 23 young (23552K), 4 survivors (4096K)
 Metaspace       used 15665K, capacity 15960K, committed 16128K, reserved 1062912K
  class space    used 1586K, capacity 1703K, committed 1792K, reserved 1048576K
GC Heap History (20 events):
Event: 1.006 GC heap before
{Heap before GC invocations=2 (full 0):
 garbage-first heap   total 201728K, used 126120K [0x00000000c1600000, 0x0000000100000000)
  region size 1024K, 10 young (10240K), 2 survivors (2048K)
 Metaspace       used 9147K, capacity 9425K, committed 9600K, reserved 1056768K
  class space    used 1150K, capacity 1281K, committed 1408K, reserved 1048576K
}
Event: 1.010 GC heap after
{Heap after GC invocations=3 (full 0):
 garbage-first heap   total 201728K, used 119075K [0x00000000c1600000, 0x0000000100000000)
  region size 1024K, 1 young (1024K), 1 survivors (1024K)
 Metaspace       used 9147K, capacity 9425K, committed 9600K, reserved 1056768K
  class space    used 1150K, capacity 1281K, committed 1408K, reserved 1048576K
}
Event: 1.162 GC heap before
{Heap before GC invocations=3 (full 0):
 garbage-first heap   total 201728K, used 144675K [0x00000000c1600000, 0x0000000100000000)
  region size 1024K, 27 young (27648K), 1 survivors (1024K)
 Metaspace       used 9147K, capacity 9425K, committed 9600K, reserved 1056768K
  class space    used 1150K, capacity 1281K, committed 1408K, reserved 1048576K
}
Event: 1.162 GC heap after
{Heap after GC invocations=4 (full 0):
 garbage-first heap   total 201728K, used 119011K [0x00000000c1600000, 0x0000000100000000)
  region size 1024K, 1 young (1024K), 1 survivors (1024K)
 Metaspace       used 9147K, capacity 9425K, committed 9600K, reserved 1056768K
  class space    used 1150K, capacity 1281K, committed 1408K, reserved 1048576K
}
Event: 1.537 GC heap before
{Heap before GC invocations=5 (full 0):
 garbage-first heap   total 204800K, used 170211K [0x00000000c1600000, 0x0000000100000000)
  region size 1024K, 51 young (52224K), 1 survivors (1024K)
 Metaspace       used 9147K, capacity 9425K, committed 9600K, reserved 1056768K
  class space    used 1150K, capacity 1281K, committed 1408K, reserved 1048576K
}
Event: 1.538 GC heap after
{Heap after GC invocations=6 (full 0):
 garbage-first heap   total 204800K, used 118979K [0x00000000c1600000, 0x0000000100000000)
  region size 1024K, 1 young (1024K), 1 survivors (1024K)
 Metaspace       used 9147K, capacity 9425K, committed 9600K, reserved 1056768K
  class space    used 1150K, capacity 1281K, committed 1408K, reserved 1048576K
}
Event: 2.184 GC heap before
{Heap before GC invocations=6 (full 0):
 garbage-first heap   total 204800K, used 154819K [0x00000000c1600000, 0x0000000100000000)
  region size 1024K, 37 young (37888K), 1 survivors (1024K)
 Metaspace       used 9852K, capacity 10103K, committed 10368K, reserved 1058816K
  class space    used 1212K, capacity 1313K, committed 1408K, reserved 1048576K
}
Event: 2.195 GC heap after
{Heap after GC invocations=7 (full 1):
 garbage-first heap   total 204800K, used 118926K [0x00000000c1600000, 0x0000000100000000)
  region size 1024K, 0 young (0K), 0 survivors (0K)
 Metaspace       used 9852K, capacity 10103K, committed 10368K, reserved 1058816K
  class space    used 1212K, capacity 1313K, committed 1408K, reserved 1048576K
}
Event: 2.335 GC heap before
{Heap before GC invocations=7 (full 1):
 garbage-first heap   total 204800K, used 119950K [0x00000000c1600000, 0x0000000100000000)
  region size 1024K, 2 young (2048K), 0 survivors (0K)
 Metaspace       used 10090K, capacity 10359K, committed 10624K, reserved 1058816K
  class space    used 1247K, capacity 1377K, committed 1408K, reserved 1048576K
}
Event: 2.337 GC heap after
{Heap after GC invocations=8 (full 1):
 garbage-first heap   total 204800K, used 119019K [0x00000000c1600000, 0x0000000100000000)
  region size 1024K, 1 young (1024K), 1 survivors (1024K)
 Metaspace       used 10090K, capacity 10359K, committed 10624K, reserved 1058816K
  class space    used 1247K, capacity 1377K, committed 1408K, reserved 1048576K
}
Event: 4.926 GC heap before
{Heap before GC invocations=9 (full 1):
 garbage-first heap   total 211968K, used 180458K [0x00000000c1600000, 0x0000000100000000)
  region size 1024K, 57 young (58368K), 1 survivors (1024K)
 Metaspace       used 13411K, capacity 13755K, committed 13952K, reserved 1060864K
  class space    used 1459K, capacity 1568K, committed 1664K, reserved 1048576K
}
Event: 4.933 GC heap after
{Heap after GC invocations=10 (full 1):
 garbage-first heap   total 211968K, used 125442K [0x00000000c1600000, 0x0000000100000000)
  region size 1024K, 3 young (3072K), 3 survivors (3072K)
 Metaspace       used 13411K, capacity 13755K, committed 13952K, reserved 1060864K
  class space    used 1459K, capacity 1568K, committed 1664K, reserved 1048576K
}
Event: 6.625 GC heap before
{Heap before GC invocations=10 (full 1):
 garbage-first heap   total 211968K, used 180738K [0x00000000c1600000, 0x0000000100000000)
  region size 1024K, 57 young (58368K), 3 survivors (3072K)
 Metaspace       used 14294K, capacity 14623K, committed 14720K, reserved 1062912K
  class space    used 1492K, capacity 1601K, committed 1664K, reserved 1048576K
}
Event: 6.638 GC heap after
{Heap after GC invocations=11 (full 1):
 garbage-first heap   total 211968K, used 126519K [0x00000000c1600000, 0x0000000100000000)
  region size 1024K, 4 young (4096K), 4 survivors (4096K)
 Metaspace       used 14294K, capacity 14623K, committed 14720K, reserved 1062912K
  class space    used 1492K, capacity 1601K, committed 1664K, reserved 1048576K
}
Event: 7.691 GC heap before
{Heap before GC invocations=12 (full 1):
 garbage-first heap   total 217088K, used 179767K [0x00000000c1600000, 0x0000000100000000)
  region size 1024K, 57 young (58368K), 4 survivors (4096K)
 Metaspace       used 14929K, capacity 15273K, committed 15616K, reserved 1062912K
  class space    used 1543K, capacity 1667K, committed 1792K, reserved 1048576K
}
Event: 7.699 GC heap after
{Heap after GC invocations=13 (full 1):
 garbage-first heap   total 217088K, used 127640K [0x00000000c1600000, 0x0000000100000000)
  region size 1024K, 5 young (5120K), 5 survivors (5120K)
 Metaspace       used 14929K, capacity 15273K, committed 15616K, reserved 1062912K
  class space    used 1543K, capacity 1667K, committed 1792K, reserved 1048576K
}
Event: 9.611 GC heap before
{Heap before GC invocations=13 (full 1):
 garbage-first heap   total 217088K, used 183960K [0x00000000c1600000, 0x0000000100000000)
  region size 1024K, 61 young (62464K), 5 survivors (5120K)
 Metaspace       used 15388K, capacity 15694K, committed 15872K, reserved 1062912K
  class space    used 1581K, capacity 1700K, committed 1792K, reserved 1048576K
}
Event: 9.624 GC heap after
{Heap after GC invocations=14 (full 1):
 garbage-first heap   total 217088K, used 128497K [0x00000000c1600000, 0x0000000100000000)
  region size 1024K, 4 young (4096K), 4 survivors (4096K)
 Metaspace       used 15388K, capacity 15694K, committed 15872K, reserved 1062912K
  class space    used 1581K, capacity 1700K, committed 1792K, reserved 1048576K
}
Event: 11.483 GC heap before
{Heap before GC invocations=15 (full 1):
 garbage-first heap   total 222208K, used 184817K [0x00000000c1600000, 0x0000000100000000)
  region size 1024K, 60 young (61440K), 4 survivors (4096K)
 Metaspace       used 15625K, capacity 15960K, committed 16128K, reserved 1062912K
  class space    used 1586K, capacity 1703K, committed 1792K, reserved 1048576K
}
Event: 11.491 GC heap after
{Heap after GC invocations=16 (full 1):
 garbage-first heap   total 222208K, used 129213K [0x00000000c1600000, 0x0000000100000000)
  region size 1024K, 4 young (4096K), 4 survivors (4096K)
 Metaspace       used 15625K, capacity 15960K, committed 16128K, reserved 1062912K
  class space    used 1586K, capacity 1703K, committed 1792K, reserved 1048576K
}

