# JRE version: Java(TM) SE Runtime Environment (13.0.2+8) (build 13.0.2+8)
# Java VM: Java HotSpot(TM) 64-Bit Server VM (13.0.2+8, mixed mode, sharing, tiered, compressed oops, g1 gc, windows-amd64)
Heap:
 garbage-first heap   total 37888K, used 16804K [0x00000000c1600000, 0x0000000100000000)
  region size 1024K, 6 young (6144K), 0 survivors (0K)
 Metaspace       used 22648K, capacity 23108K, committed 23424K, reserved 1073152K
  class space    used 2449K, capacity 2611K, committed 2688K, reserved 1048576K
GC Heap History (10 events):
Event: 1.325 GC heap before
{Heap before GC invocations=0 (full 0):
 garbage-first heap   total 65536K, used 13312K [0x00000000c1600000, 0x0000000100000000)
  region size 1024K, 14 young (14336K), 0 survivors (0K)
 Metaspace       used 6390K, capacity 7151K, committed 7424K, reserved 1056768K
  class space    used 596K, capacity 680K, committed 768K, reserved 1048576K
}
Event: 1.340 GC heap after
{Heap after GC invocations=1 (full 0):
 garbage-first heap   total 65536K, used 5464K [0x00000000c1600000, 0x0000000100000000)
  region size 1024K, 2 young (2048K), 2 survivors (2048K)
 Metaspace       used 6390K, capacity 7151K, committed 7424K, reserved 1056768K
  class space    used 596K, capacity 680K, committed 768K, reserved 1048576K
}
Event: 2.662 GC heap before
{Heap before GC invocations=1 (full 0):
 garbage-first heap   total 65536K, used 13656K [0x00000000c1600000, 0x0000000100000000)
  region size 1024K, 10 young (10240K), 2 survivors (2048K)
 Metaspace       used 11414K, capacity 11665K, committed 11904K, reserved 1060864K
  class space    used 1195K, capacity 1308K, committed 1408K, reserved 1048576K
}
Event: 2.669 GC heap after
{Heap after GC invocations=2 (full 0):
 garbage-first heap   total 65536K, used 7477K [0x00000000c1600000, 0x0000000100000000)
  region size 1024K, 2 young (2048K), 2 survivors (2048K)
 Metaspace       used 11414K, capacity 11665K, committed 11904K, reserved 1060864K
  class space    used 1195K, capacity 1308K, committed 1408K, reserved 1048576K
}
Event: 8.985 GC heap before
{Heap before GC invocations=2 (full 0):
 garbage-first heap   total 65536K, used 27957K [0x00000000c1600000, 0x0000000100000000)
  region size 1024K, 23 young (23552K), 2 survivors (2048K)
 Metaspace       used 19688K, capacity 20110K, committed 20352K, reserved 1067008K
  class space    used 2157K, capacity 2339K, committed 2432K, reserved 1048576K
}
Event: 9.010 GC heap after
{Heap after GC invocations=3 (full 0):
 garbage-first heap   total 65536K, used 10361K [0x00000000c1600000, 0x0000000100000000)
  region size 1024K, 3 young (3072K), 3 survivors (3072K)
 Metaspace       used 19688K, capacity 20110K, committed 20352K, reserved 1067008K
  class space    used 2157K, capacity 2339K, committed 2432K, reserved 1048576K
}
Event: 10.198 GC heap before
{Heap before GC invocations=3 (full 0):
 garbage-first heap   total 65536K, used 11385K [0x00000000c1600000, 0x0000000100000000)
  region size 1024K, 5 young (5120K), 3 survivors (3072K)
 Metaspace       used 20699K, capacity 21137K, committed 21296K, reserved 1069056K
  class space    used 2260K, capacity 2448K, committed 2560K, reserved 1048576K
}
Event: 10.214 GC heap after
{Heap after GC invocations=4 (full 0):
 garbage-first heap   total 65536K, used 10892K [0x00000000c1600000, 0x0000000100000000)
  region size 1024K, 1 young (1024K), 1 survivors (1024K)
 Metaspace       used 20699K, capacity 21137K, committed 21296K, reserved 1069056K
  class space    used 2260K, capacity 2448K, committed 2560K, reserved 1048576K
}
Event: 11.162 GC heap before
{Heap before GC invocations=5 (full 0):
 garbage-first heap   total 40960K, used 11916K [0x00000000c1600000, 0x0000000100000000)
  region size 1024K, 3 young (3072K), 1 survivors (1024K)
 Metaspace       used 21099K, capacity 21555K, committed 21808K, reserved 1069056K
  class space    used 2308K, capacity 2480K, committed 2560K, reserved 1048576K
}
Event: 11.212 GC heap after
{Heap after GC invocations=6 (full 1):
 garbage-first heap   total 37888K, used 9636K [0x00000000c1600000, 0x0000000100000000)
  region size 1024K, 0 young (0K), 0 survivors (0K)
 Metaspace       used 21099K, capacity 21555K, committed 21808K, reserved 1069056K
  class space    used 2308K, capacity 2480K, committed 2560K, reserved 1048576K
}

