# JRE version: Java(TM) SE Runtime Environment (13.0.2+8) (build 13.0.2+8)
# Java VM: Java HotSpot(TM) 64-Bit Server VM (13.0.2+8, mixed mode, sharing, tiered, compressed oops, g1 gc, windows-amd64)
Heap:
 garbage-first heap   total 439296K, used 192756K [0x00000000c1600000, 0x0000000100000000)
  region size 1024K, 3 young (3072K), 3 survivors (3072K)
 Metaspace       used 22395K, capacity 22848K, committed 22912K, reserved 1069056K
  class space    used 2514K, capacity 2686K, committed 2688K, reserved 1048576K
GC Heap History (14 events):
Event: 1.107 GC heap before
{Heap before GC invocations=0 (full 0):
 garbage-first heap   total 65536K, used 13312K [0x00000000c1600000, 0x0000000100000000)
  region size 1024K, 14 young (14336K), 0 survivors (0K)
 Metaspace       used 6199K, capacity 7137K, committed 7424K, reserved 1056768K
  class space    used 585K, capacity 682K, committed 768K, reserved 1048576K
}
Event: 1.115 GC heap after
{Heap after GC invocations=1 (full 0):
 garbage-first heap   total 65536K, used 5488K [0x00000000c1600000, 0x0000000100000000)
  region size 1024K, 2 young (2048K), 2 survivors (2048K)
 Metaspace       used 6199K, capacity 7137K, committed 7424K, reserved 1056768K
  class space    used 585K, capacity 682K, committed 768K, reserved 1048576K
}
Event: 2.196 GC heap before
{Heap before GC invocations=1 (full 0):
 garbage-first heap   total 65536K, used 13680K [0x00000000c1600000, 0x0000000100000000)
  region size 1024K, 10 young (10240K), 2 survivors (2048K)
 Metaspace       used 9922K, capacity 10116K, committed 10368K, reserved 1058816K
  class space    used 990K, capacity 1079K, committed 1152K, reserved 1048576K
}
Event: 2.205 GC heap after
{Heap after GC invocations=2 (full 0):
 garbage-first heap   total 65536K, used 7288K [0x00000000c1600000, 0x0000000100000000)
  region size 1024K, 2 young (2048K), 2 survivors (2048K)
 Metaspace       used 9922K, capacity 10116K, committed 10368K, reserved 1058816K
  class space    used 990K, capacity 1079K, committed 1152K, reserved 1048576K
}
Event: 7.646 GC heap before
{Heap before GC invocations=2 (full 0):
 garbage-first heap   total 65536K, used 25720K [0x00000000c1600000, 0x0000000100000000)
  region size 1024K, 22 young (22528K), 2 survivors (2048K)
 Metaspace       used 18945K, capacity 19385K, committed 19584K, reserved 1067008K
  class space    used 2157K, capacity 2342K, committed 2432K, reserved 1048576K
}
Event: 7.661 GC heap after
{Heap after GC invocations=3 (full 0):
 garbage-first heap   total 65536K, used 11588K [0x00000000c1600000, 0x0000000100000000)
  region size 1024K, 3 young (3072K), 3 survivors (3072K)
 Metaspace       used 18945K, capacity 19385K, committed 19584K, reserved 1067008K
  class space    used 2157K, capacity 2342K, committed 2432K, reserved 1048576K
}
Event: 9.580 GC heap before
{Heap before GC invocations=4 (full 0):
 garbage-first heap   total 317440K, used 209220K [0x00000000c1600000, 0x0000000100000000)
  region size 1024K, 23 young (23552K), 3 survivors (3072K)
 Metaspace       used 18947K, capacity 19385K, committed 19584K, reserved 1067008K
  class space    used 2157K, capacity 2342K, committed 2432K, reserved 1048576K
}
Event: 9.585 GC heap after
{Heap after GC invocations=5 (full 0):
 garbage-first heap   total 317440K, used 190127K [0x00000000c1600000, 0x0000000100000000)
  region size 1024K, 1 young (1024K), 1 survivors (1024K)
 Metaspace       used 18947K, capacity 19385K, committed 19584K, reserved 1067008K
  class space    used 2157K, capacity 2342K, committed 2432K, reserved 1048576K
}
Event: 10.275 GC heap before
{Heap before GC invocations=5 (full 0):
 garbage-first heap   total 317440K, used 231087K [0x00000000c1600000, 0x0000000100000000)
  region size 1024K, 42 young (43008K), 1 survivors (1024K)
 Metaspace       used 18947K, capacity 19385K, committed 19584K, reserved 1067008K
  class space    used 2157K, capacity 2342K, committed 2432K, reserved 1048576K
}
Event: 10.276 GC heap after
{Heap after GC invocations=6 (full 0):
 garbage-first heap   total 317440K, used 190085K [0x00000000c1600000, 0x0000000100000000)
  region size 1024K, 1 young (1024K), 1 survivors (1024K)
 Metaspace       used 18947K, capacity 19385K, committed 19584K, reserved 1067008K
  class space    used 2157K, capacity 2342K, committed 2432K, reserved 1048576K
}
Event: 12.385 GC heap before
{Heap before GC invocations=7 (full 0):
 garbage-first heap   total 324608K, used 270981K [0x00000000c1600000, 0x0000000100000000)
  region size 1024K, 81 young (82944K), 1 survivors (1024K)
 Metaspace       used 18947K, capacity 19385K, committed 19584K, reserved 1067008K
  class space    used 2157K, capacity 2342K, committed 2432K, reserved 1048576K
}
Event: 12.386 GC heap after
{Heap after GC invocations=8 (full 0):
 garbage-first heap   total 324608K, used 190058K [0x00000000c1600000, 0x0000000100000000)
  region size 1024K, 1 young (1024K), 1 survivors (1024K)
 Metaspace       used 18947K, capacity 19385K, committed 19584K, reserved 1067008K
  class space    used 2157K, capacity 2342K, committed 2432K, reserved 1048576K
}
Event: 21.243 GC heap before
{Heap before GC invocations=8 (full 0):
 garbage-first heap   total 324608K, used 239210K [0x00000000c1600000, 0x0000000100000000)
  region size 1024K, 51 young (52224K), 1 survivors (1024K)
 Metaspace       used 22395K, capacity 22848K, committed 22912K, reserved 1069056K
  class space    used 2514K, capacity 2686K, committed 2688K, reserved 1048576K
}
Event: 21.252 GC heap after
{Heap after GC invocations=9 (full 0):
 garbage-first heap   total 324608K, used 192756K [0x00000000c1600000, 0x0000000100000000)
  region size 1024K, 3 young (3072K), 3 survivors (3072K)
 Metaspace       used 22395K, capacity 22848K, committed 22912K, reserved 1069056K
  class space    used 2514K, capacity 2686K, committed 2688K, reserved 1048576K
}

