# JRE version: Java(TM) SE Runtime Environment (13.0.2+8) (build 13.0.2+8)
# Java VM: Java HotSpot(TM) 64-Bit Server VM (13.0.2+8, mixed mode, sharing, tiered, compressed oops, g1 gc, windows-amd64)
Heap:
 garbage-first heap   total 219136K, used 148311K [0x00000000c1600000, 0x0000000100000000)
  region size 1024K, 24 young (24576K), 3 survivors (3072K)
 Metaspace       used 15301K, capacity 15618K, committed 15744K, reserved 1062912K
  class space    used 1476K, capacity 1631K, committed 1664K, reserved 1048576K
GC Heap History (20 events):
Event: 18.061 GC heap before
{Heap before GC invocations=24 (full 0):
 garbage-first heap   total 215040K, used 185073K [0x00000000c1600000, 0x0000000100000000)
  region size 1024K, 63 young (64512K), 4 survivors (4096K)
 Metaspace       used 14543K, capacity 14850K, committed 14976K, reserved 1062912K
  class space    used 1458K, capacity 1591K, committed 1664K, reserved 1048576K
}
Event: 18.069 GC heap after
{Heap after GC invocations=25 (full 0):
 garbage-first heap   total 215040K, used 127084K [0x00000000c1600000, 0x0000000100000000)
  region size 1024K, 4 young (4096K), 4 survivors (4096K)
 Metaspace       used 14543K, capacity 14850K, committed 14976K, reserved 1062912K
  class space    used 1458K, capacity 1591K, committed 1664K, reserved 1048576K
}
Event: 20.075 GC heap before
{Heap before GC invocations=26 (full 0):
 garbage-first heap   total 215040K, used 187500K [0x00000000c1600000, 0x0000000100000000)
  region size 1024K, 63 young (64512K), 4 survivors (4096K)
 Metaspace       used 14565K, capacity 14850K, committed 14976K, reserved 1062912K
  class space    used 1459K, capacity 1591K, committed 1664K, reserved 1048576K
}
Event: 20.082 GC heap after
{Heap after GC invocations=27 (full 0):
 garbage-first heap   total 215040K, used 127050K [0x00000000c1600000, 0x0000000100000000)
  region size 1024K, 4 young (4096K), 4 survivors (4096K)
 Metaspace       used 14565K, capacity 14850K, committed 14976K, reserved 1062912K
  class space    used 1459K, capacity 1591K, committed 1664K, reserved 1048576K
}
Event: 22.410 GC heap before
{Heap before GC invocations=27 (full 0):
 garbage-first heap   total 215040K, used 188490K [0x00000000c1600000, 0x0000000100000000)
  region size 1024K, 65 young (66560K), 4 survivors (4096K)
 Metaspace       used 14584K, capacity 14914K, committed 15232K, reserved 1062912K
  class space    used 1459K, capacity 1591K, committed 1664K, reserved 1048576K
}
Event: 22.421 GC heap after
{Heap after GC invocations=28 (full 0):
 garbage-first heap   total 215040K, used 127310K [0x00000000c1600000, 0x0000000100000000)
  region size 1024K, 4 young (4096K), 4 survivors (4096K)
 Metaspace       used 14584K, capacity 14914K, committed 15232K, reserved 1062912K
  class space    used 1459K, capacity 1591K, committed 1664K, reserved 1048576K
}
Event: 24.312 GC heap before
{Heap before GC invocations=29 (full 0):
 garbage-first heap   total 215040K, used 187726K [0x00000000c1600000, 0x0000000100000000)
  region size 1024K, 64 young (65536K), 4 survivors (4096K)
 Metaspace       used 14659K, capacity 14978K, committed 15232K, reserved 1062912K
  class space    used 1459K, capacity 1591K, committed 1664K, reserved 1048576K
}
Event: 24.318 GC heap after
{Heap after GC invocations=30 (full 0):
 garbage-first heap   total 215040K, used 127206K [0x00000000c1600000, 0x0000000100000000)
  region size 1024K, 4 young (4096K), 4 survivors (4096K)
 Metaspace       used 14659K, capacity 14978K, committed 15232K, reserved 1062912K
  class space    used 1459K, capacity 1591K, committed 1664K, reserved 1048576K
}
Event: 26.170 GC heap before
{Heap before GC invocations=30 (full 0):
 garbage-first heap   total 215040K, used 188646K [0x00000000c1600000, 0x0000000100000000)
  region size 1024K, 65 young (66560K), 4 survivors (4096K)
 Metaspace       used 14672K, capacity 14978K, committed 15232K, reserved 1062912K
  class space    used 1459K, capacity 1591K, committed 1664K, reserved 1048576K
}
Event: 26.177 GC heap after
{Heap after GC invocations=31 (full 0):
 garbage-first heap   total 215040K, used 127300K [0x00000000c1600000, 0x0000000100000000)
  region size 1024K, 3 young (3072K), 3 survivors (3072K)
 Metaspace       used 14672K, capacity 14978K, committed 15232K, reserved 1062912K
  class space    used 1459K, capacity 1591K, committed 1664K, reserved 1048576K
}
Event: 28.068 GC heap before
{Heap before GC invocations=32 (full 0):
 garbage-first heap   total 217088K, used 188740K [0x00000000c1600000, 0x0000000100000000)
  region size 1024K, 64 young (65536K), 3 survivors (3072K)
 Metaspace       used 14742K, capacity 15042K, committed 15232K, reserved 1062912K
  class space    used 1463K, capacity 1591K, committed 1664K, reserved 1048576K
}
Event: 28.072 GC heap after
{Heap after GC invocations=33 (full 0):
 garbage-first heap   total 217088K, used 127235K [0x00000000c1600000, 0x0000000100000000)
  region size 1024K, 3 young (3072K), 3 survivors (3072K)
 Metaspace       used 14742K, capacity 15042K, committed 15232K, reserved 1062912K
  class space    used 1463K, capacity 1591K, committed 1664K, reserved 1048576K
}
Event: 29.745 GC heap before
{Heap before GC invocations=33 (full 0):
 garbage-first heap   total 217088K, used 189699K [0x00000000c1600000, 0x0000000100000000)
  region size 1024K, 64 young (65536K), 3 survivors (3072K)
 Metaspace       used 14784K, capacity 15106K, committed 15232K, reserved 1062912K
  class space    used 1463K, capacity 1591K, committed 1664K, reserved 1048576K
}
Event: 29.749 GC heap after
{Heap after GC invocations=34 (full 0):
 garbage-first heap   total 217088K, used 127159K [0x00000000c1600000, 0x0000000100000000)
  region size 1024K, 3 young (3072K), 3 survivors (3072K)
 Metaspace       used 14784K, capacity 15106K, committed 15232K, reserved 1062912K
  class space    used 1463K, capacity 1591K, committed 1664K, reserved 1048576K
}
Event: 31.592 GC heap before
{Heap before GC invocations=35 (full 0):
 garbage-first heap   total 219136K, used 189623K [0x00000000c1600000, 0x0000000100000000)
  region size 1024K, 64 young (65536K), 3 survivors (3072K)
 Metaspace       used 14938K, capacity 15289K, committed 15488K, reserved 1062912K
  class space    used 1476K, capacity 1631K, committed 1664K, reserved 1048576K
}
Event: 31.597 GC heap after
{Heap after GC invocations=36 (full 0):
 garbage-first heap   total 219136K, used 127694K [0x00000000c1600000, 0x0000000100000000)
  region size 1024K, 3 young (3072K), 3 survivors (3072K)
 Metaspace       used 14938K, capacity 15289K, committed 15488K, reserved 1062912K
  class space    used 1476K, capacity 1631K, committed 1664K, reserved 1048576K
}
Event: 32.821 GC heap before
{Heap before GC invocations=36 (full 0):
 garbage-first heap   total 219136K, used 191182K [0x00000000c1600000, 0x0000000100000000)
  region size 1024K, 65 young (66560K), 3 survivors (3072K)
 Metaspace       used 15301K, capacity 15618K, committed 15744K, reserved 1062912K
  class space    used 1476K, capacity 1631K, committed 1664K, reserved 1048576K
}
Event: 32.829 GC heap after
{Heap after GC invocations=37 (full 0):
 garbage-first heap   total 219136K, used 127870K [0x00000000c1600000, 0x0000000100000000)
  region size 1024K, 3 young (3072K), 3 survivors (3072K)
 Metaspace       used 15301K, capacity 15618K, committed 15744K, reserved 1062912K
  class space    used 1476K, capacity 1631K, committed 1664K, reserved 1048576K
}
Event: 33.769 GC heap before
{Heap before GC invocations=38 (full 0):
 garbage-first heap   total 219136K, used 191358K [0x00000000c1600000, 0x0000000100000000)
  region size 1024K, 65 young (66560K), 3 survivors (3072K)
 Metaspace       used 15301K, capacity 15618K, committed 15744K, reserved 1062912K
  class space    used 1476K, capacity 1631K, committed 1664K, reserved 1048576K
}
Event: 33.775 GC heap after
{Heap after GC invocations=39 (full 0):
 garbage-first heap   total 219136K, used 127831K [0x00000000c1600000, 0x0000000100000000)
  region size 1024K, 3 young (3072K), 3 survivors (3072K)
 Metaspace       used 15301K, capacity 15618K, committed 15744K, reserved 1062912K
  class space    used 1476K, capacity 1631K, committed 1664K, reserved 1048576K
}

