# JRE version: Java(TM) SE Runtime Environment (13.0.2+8) (build 13.0.2+8)
# Java VM: Java HotSpot(TM) 64-Bit Server VM (13.0.2+8, mixed mode, sharing, tiered, compressed oops, g1 gc, windows-amd64)
Heap:
 garbage-first heap   total 219136K, used 133690K [0x00000000c1600000, 0x0000000100000000)
  region size 1024K, 7 young (7168K), 2 survivors (2048K)
 Metaspace       used 14140K, capacity 14528K, committed 14720K, reserved 1062912K
  class space    used 1496K, capacity 1631K, committed 1664K, reserved 1048576K
GC Heap History (18 events):
Event: 0.669 GC heap before
{Heap before GC invocations=0 (full 0):
 garbage-first heap   total 65536K, used 14336K [0x00000000c1600000, 0x0000000100000000)
  region size 1024K, 14 young (14336K), 0 survivors (0K)
 Metaspace       used 8439K, capacity 8757K, committed 8960K, reserved 1056768K
  class space    used 1043K, capacity 1182K, committed 1280K, reserved 1048576K
}
Event: 0.675 GC heap after
{Heap after GC invocations=1 (full 0):
 garbage-first heap   total 65536K, used 3997K [0x00000000c1600000, 0x0000000100000000)
  region size 1024K, 2 young (2048K), 2 survivors (2048K)
 Metaspace       used 8439K, capacity 8757K, committed 8960K, reserved 1056768K
  class space    used 1043K, capacity 1182K, committed 1280K, reserved 1048576K
}
Event: 0.983 GC heap before
{Heap before GC invocations=1 (full 0):
 garbage-first heap   total 65536K, used 17309K [0x00000000c1600000, 0x0000000100000000)
  region size 1024K, 15 young (15360K), 2 survivors (2048K)
 Metaspace       used 8775K, capacity 9101K, committed 9216K, reserved 1056768K
  class space    used 1056K, capacity 1190K, committed 1280K, reserved 1048576K
}
Event: 0.987 GC heap after
{Heap after GC invocations=2 (full 0):
 garbage-first heap   total 65536K, used 4858K [0x00000000c1600000, 0x0000000100000000)
  region size 1024K, 1 young (1024K), 1 survivors (1024K)
 Metaspace       used 8775K, capacity 9101K, committed 9216K, reserved 1056768K
  class space    used 1056K, capacity 1190K, committed 1280K, reserved 1048576K
}
Event: 1.642 GC heap before
{Heap before GC invocations=2 (full 0):
 garbage-first heap   total 65536K, used 30458K [0x00000000c1600000, 0x0000000100000000)
  region size 1024K, 26 young (26624K), 1 survivors (1024K)
 Metaspace       used 10603K, capacity 10938K, committed 11136K, reserved 1058816K
  class space    used 1229K, capacity 1351K, committed 1408K, reserved 1048576K
}
Event: 1.646 GC heap after
{Heap after GC invocations=3 (full 0):
 garbage-first heap   total 65536K, used 6020K [0x00000000c1600000, 0x0000000100000000)
  region size 1024K, 2 young (2048K), 2 survivors (2048K)
 Metaspace       used 10603K, capacity 10938K, committed 11136K, reserved 1058816K
  class space    used 1229K, capacity 1351K, committed 1408K, reserved 1048576K
}
Event: 2.165 GC heap before
{Heap before GC invocations=3 (full 0):
 garbage-first heap   total 65536K, used 33668K [0x00000000c1600000, 0x0000000100000000)
  region size 1024K, 30 young (30720K), 2 survivors (2048K)
 Metaspace       used 11862K, capacity 12190K, committed 12544K, reserved 1060864K
  class space    used 1306K, capacity 1426K, committed 1536K, reserved 1048576K
}
Event: 2.171 GC heap after
{Heap after GC invocations=4 (full 0):
 garbage-first heap   total 65536K, used 6635K [0x00000000c1600000, 0x0000000100000000)
  region size 1024K, 3 young (3072K), 3 survivors (3072K)
 Metaspace       used 11862K, capacity 12190K, committed 12544K, reserved 1060864K
  class space    used 1306K, capacity 1426K, committed 1536K, reserved 1048576K
}
Event: 2.339 GC heap before
{Heap before GC invocations=4 (full 0):
 garbage-first heap   total 65536K, used 20971K [0x00000000c1600000, 0x0000000100000000)
  region size 1024K, 19 young (19456K), 3 survivors (3072K)
 Metaspace       used 12544K, capacity 12861K, committed 13056K, reserved 1060864K
  class space    used 1386K, capacity 1502K, committed 1536K, reserved 1048576K
}
Event: 2.344 GC heap after
{Heap after GC invocations=5 (full 0):
 garbage-first heap   total 78848K, used 7240K [0x00000000c1600000, 0x0000000100000000)
  region size 1024K, 4 young (4096K), 4 survivors (4096K)
 Metaspace       used 12544K, capacity 12861K, committed 13056K, reserved 1060864K
  class space    used 1386K, capacity 1502K, committed 1536K, reserved 1048576K
}
Event: 2.617 GC heap before
{Heap before GC invocations=6 (full 0):
 garbage-first heap   total 204800K, used 154696K [0x00000000c1600000, 0x0000000100000000)
  region size 1024K, 37 young (37888K), 4 survivors (4096K)
 Metaspace       used 12547K, capacity 12861K, committed 13056K, reserved 1060864K
  class space    used 1386K, capacity 1502K, committed 1536K, reserved 1048576K
}
Event: 2.621 GC heap after
{Heap after GC invocations=7 (full 0):
 garbage-first heap   total 204800K, used 121928K [0x00000000c1600000, 0x0000000100000000)
  region size 1024K, 3 young (3072K), 3 survivors (3072K)
 Metaspace       used 12547K, capacity 12861K, committed 13056K, reserved 1060864K
  class space    used 1386K, capacity 1502K, committed 1536K, reserved 1048576K
}
Event: 2.915 GC heap before
{Heap before GC invocations=7 (full 0):
 garbage-first heap   total 204800K, used 171080K [0x00000000c1600000, 0x0000000100000000)
  region size 1024K, 52 young (53248K), 3 survivors (3072K)
 Metaspace       used 12547K, capacity 12861K, committed 13056K, reserved 1060864K
  class space    used 1386K, capacity 1502K, committed 1536K, reserved 1048576K
}
Event: 2.919 GC heap after
{Heap after GC invocations=8 (full 0):
 garbage-first heap   total 204800K, used 121931K [0x00000000c1600000, 0x0000000100000000)
  region size 1024K, 3 young (3072K), 3 survivors (3072K)
 Metaspace       used 12547K, capacity 12861K, committed 13056K, reserved 1060864K
  class space    used 1386K, capacity 1502K, committed 1536K, reserved 1048576K
}
Event: 3.815 GC heap before
{Heap before GC invocations=9 (full 0):
 garbage-first heap   total 209920K, used 154699K [0x00000000c1600000, 0x0000000100000000)
  region size 1024K, 36 young (36864K), 3 survivors (3072K)
 Metaspace       used 12859K, capacity 13245K, committed 13440K, reserved 1060864K
  class space    used 1428K, capacity 1566K, committed 1664K, reserved 1048576K
}
Event: 3.829 GC heap after
{Heap after GC invocations=10 (full 0):
 garbage-first heap   total 209920K, used 121515K [0x00000000c1600000, 0x0000000100000000)
  region size 1024K, 3 young (3072K), 3 survivors (3072K)
 Metaspace       used 12859K, capacity 13245K, committed 13440K, reserved 1060864K
  class space    used 1428K, capacity 1566K, committed 1664K, reserved 1048576K
}
Event: 6.192 GC heap before
{Heap before GC invocations=11 (full 0):
 garbage-first heap   total 214016K, used 126635K [0x00000000c1600000, 0x0000000100000000)
  region size 1024K, 5 young (5120K), 3 survivors (3072K)
 Metaspace       used 13516K, capacity 13856K, committed 13952K, reserved 1060864K
  class space    used 1488K, capacity 1599K, committed 1664K, reserved 1048576K
}
Event: 6.198 GC heap after
{Heap after GC invocations=12 (full 0):
 garbage-first heap   total 214016K, used 125498K [0x00000000c1600000, 0x0000000100000000)
  region size 1024K, 2 young (2048K), 2 survivors (2048K)
 Metaspace       used 13516K, capacity 13856K, committed 13952K, reserved 1060864K
  class space    used 1488K, capacity 1599K, committed 1664K, reserved 1048576K
}

