# JRE version: Java(TM) SE Runtime Environment (13.0.2+8) (build 13.0.2+8)
# Java VM: Java HotSpot(TM) 64-Bit Server VM (13.0.2+8, mixed mode, sharing, tiered, compressed oops, g1 gc, windows-amd64)
Heap:
 garbage-first heap   total 129024K, used 4304K [0x00000000c1600000, 0x0000000100000000)
  region size 1024K, 1 young (1024K), 1 survivors (1024K)
 Metaspace       used 9152K, capacity 9433K, committed 9600K, reserved 1056768K
  class space    used 1149K, capacity 1281K, committed 1408K, reserved 1048576K
GC Heap History (6 events):
Event: 5.195 GC heap before
{Heap before GC invocations=0 (full 0):
 garbage-first heap   total 65536K, used 4096K [0x00000000c1600000, 0x0000000100000000)
  region size 1024K, 5 young (5120K), 0 survivors (0K)
 Metaspace       used 2540K, capacity 4700K, committed 4864K, reserved 1056768K
  class space    used 252K, capacity 465K, committed 512K, reserved 1048576K
}
Event: 5.237 GC heap after
{Heap after GC invocations=1 (full 1):
 garbage-first heap   total 14336K, used 2609K [0x00000000c1600000, 0x0000000100000000)
  region size 1024K, 0 young (0K), 0 survivors (0K)
 Metaspace       used 2540K, capacity 4700K, committed 4864K, reserved 1056768K
  class space    used 252K, capacity 465K, committed 512K, reserved 1048576K
}
Event: 11.103 GC heap before
{Heap before GC invocations=1 (full 1):
 garbage-first heap   total 14336K, used 6705K [0x00000000c1600000, 0x0000000100000000)
  region size 1024K, 4 young (4096K), 0 survivors (0K)
 Metaspace       used 9135K, capacity 9422K, committed 9472K, reserved 1056768K
  class space    used 1147K, capacity 1277K, committed 1280K, reserved 1048576K
}
Event: 11.113 GC heap after
{Heap after GC invocations=2 (full 1):
 garbage-first heap   total 14336K, used 3834K [0x00000000c1600000, 0x0000000100000000)
  region size 1024K, 1 young (1024K), 1 survivors (1024K)
 Metaspace       used 9135K, capacity 9422K, committed 9472K, reserved 1056768K
  class space    used 1147K, capacity 1277K, committed 1280K, reserved 1048576K
}
Event: 11.290 GC heap before
{Heap before GC invocations=2 (full 1):
 garbage-first heap   total 14336K, used 3834K [0x00000000c1600000, 0x0000000100000000)
  region size 1024K, 2 young (2048K), 1 survivors (1024K)
 Metaspace       used 9152K, capacity 9433K, committed 9600K, reserved 1056768K
  class space    used 1149K, capacity 1281K, committed 1408K, reserved 1048576K
}
Event: 11.299 GC heap after
{Heap after GC invocations=3 (full 1):
 garbage-first heap   total 14336K, used 4304K [0x00000000c1600000, 0x0000000100000000)
  region size 1024K, 1 young (1024K), 1 survivors (1024K)
 Metaspace       used 9152K, capacity 9433K, committed 9600K, reserved 1056768K
  class space    used 1149K, capacity 1281K, committed 1408K, reserved 1048576K
}

