# JRE version: Java(TM) SE Runtime Environment (13.0.2+8) (build 13.0.2+8)
# Java VM: Java HotSpot(TM) 64-Bit Server VM (13.0.2+8, mixed mode, sharing, tiered, compressed oops, g1 gc, windows-amd64)
Heap:
 garbage-first heap   total 215040K, used 128342K [0x00000000c1600000, 0x0000000100000000)
  region size 1024K, 3 young (3072K), 1 survivors (1024K)
 Metaspace       used 11404K, capacity 11763K, committed 11904K, reserved 1060864K
  class space    used 1177K, capacity 1309K, committed 1408K, reserved 1048576K
GC Heap History (14 events):
Event: 1.398 GC heap before
{Heap before GC invocations=0 (full 0):
 garbage-first heap   total 65536K, used 14336K [0x00000000c1600000, 0x0000000100000000)
  region size 1024K, 14 young (14336K), 0 survivors (0K)
 Metaspace       used 8924K, capacity 9160K, committed 9344K, reserved 1056768K
  class space    used 954K, capacity 1059K, committed 1152K, reserved 1048576K
}
Event: 1.408 GC heap after
{Heap after GC invocations=1 (full 0):
 garbage-first heap   total 65536K, used 3769K [0x00000000c1600000, 0x0000000100000000)
  region size 1024K, 2 young (2048K), 2 survivors (2048K)
 Metaspace       used 8924K, capacity 9160K, committed 9344K, reserved 1056768K
  class space    used 954K, capacity 1059K, committed 1152K, reserved 1048576K
}
Event: 1.638 GC heap before
{Heap before GC invocations=1 (full 0):
 garbage-first heap   total 65536K, used 9913K [0x00000000c1600000, 0x0000000100000000)
  region size 1024K, 8 young (8192K), 2 survivors (2048K)
 Metaspace       used 9224K, capacity 9512K, committed 9600K, reserved 1058816K
  class space    used 971K, capacity 1091K, committed 1152K, reserved 1048576K
}
Event: 1.646 GC heap after
{Heap after GC invocations=2 (full 0):
 garbage-first heap   total 65536K, used 4051K [0x00000000c1600000, 0x0000000100000000)
  region size 1024K, 1 young (1024K), 1 survivors (1024K)
 Metaspace       used 9224K, capacity 9512K, committed 9600K, reserved 1058816K
  class space    used 971K, capacity 1091K, committed 1152K, reserved 1048576K
}
Event: 2.067 GC heap before
{Heap before GC invocations=2 (full 0):
 garbage-first heap   total 65536K, used 16339K [0x00000000c1600000, 0x0000000100000000)
  region size 1024K, 14 young (14336K), 1 survivors (1024K)
 Metaspace       used 10212K, capacity 10576K, committed 10752K, reserved 1058816K
  class space    used 1067K, capacity 1212K, committed 1280K, reserved 1048576K
}
Event: 2.070 GC heap after
{Heap after GC invocations=3 (full 0):
 garbage-first heap   total 65536K, used 4706K [0x00000000c1600000, 0x0000000100000000)
  region size 1024K, 1 young (1024K), 1 survivors (1024K)
 Metaspace       used 10212K, capacity 10576K, committed 10752K, reserved 1058816K
  class space    used 1067K, capacity 1212K, committed 1280K, reserved 1048576K
}
Event: 2.495 GC heap before
{Heap before GC invocations=4 (full 0):
 garbage-first heap   total 201728K, used 146018K [0x00000000c1600000, 0x0000000100000000)
  region size 1024K, 28 young (28672K), 1 survivors (1024K)
 Metaspace       used 10217K, capacity 10576K, committed 10752K, reserved 1058816K
  class space    used 1067K, capacity 1212K, committed 1280K, reserved 1048576K
}
Event: 2.497 GC heap after
{Heap after GC invocations=5 (full 0):
 garbage-first heap   total 201728K, used 119386K [0x00000000c1600000, 0x0000000100000000)
  region size 1024K, 1 young (1024K), 1 survivors (1024K)
 Metaspace       used 10217K, capacity 10576K, committed 10752K, reserved 1058816K
  class space    used 1067K, capacity 1212K, committed 1280K, reserved 1048576K
}
Event: 3.023 GC heap before
{Heap before GC invocations=5 (full 0):
 garbage-first heap   total 201728K, used 167514K [0x00000000c1600000, 0x0000000100000000)
  region size 1024K, 49 young (50176K), 1 survivors (1024K)
 Metaspace       used 10218K, capacity 10576K, committed 10752K, reserved 1058816K
  class space    used 1067K, capacity 1212K, committed 1280K, reserved 1048576K
}
Event: 3.027 GC heap after
{Heap after GC invocations=6 (full 0):
 garbage-first heap   total 201728K, used 119355K [0x00000000c1600000, 0x0000000100000000)
  region size 1024K, 1 young (1024K), 1 survivors (1024K)
 Metaspace       used 10218K, capacity 10576K, committed 10752K, reserved 1058816K
  class space    used 1067K, capacity 1212K, committed 1280K, reserved 1048576K
}
Event: 3.815 GC heap before
{Heap before GC invocations=7 (full 0):
 garbage-first heap   total 204800K, used 159291K [0x00000000c1600000, 0x0000000100000000)
  region size 1024K, 41 young (41984K), 1 survivors (1024K)
 Metaspace       used 10525K, capacity 10864K, committed 11008K, reserved 1058816K
  class space    used 1108K, capacity 1244K, committed 1280K, reserved 1048576K
}
Event: 3.822 GC heap after
{Heap after GC invocations=8 (full 0):
 garbage-first heap   total 204800K, used 119016K [0x00000000c1600000, 0x0000000100000000)
  region size 1024K, 1 young (1024K), 1 survivors (1024K)
 Metaspace       used 10525K, capacity 10864K, committed 11008K, reserved 1058816K
  class space    used 1108K, capacity 1244K, committed 1280K, reserved 1048576K
}
Event: 4.688 GC heap before
{Heap before GC invocations=9 (full 0):
 garbage-first heap   total 208896K, used 123112K [0x00000000c1600000, 0x0000000100000000)
  region size 1024K, 2 young (2048K), 1 survivors (1024K)
 Metaspace       used 10665K, capacity 10992K, committed 11264K, reserved 1058816K
  class space    used 1124K, capacity 1244K, committed 1280K, reserved 1048576K
}
Event: 4.698 GC heap after
{Heap after GC invocations=10 (full 0):
 garbage-first heap   total 208896K, used 123222K [0x00000000c1600000, 0x0000000100000000)
  region size 1024K, 1 young (1024K), 1 survivors (1024K)
 Metaspace       used 10665K, capacity 10992K, committed 11264K, reserved 1058816K
  class space    used 1124K, capacity 1244K, committed 1280K, reserved 1048576K
}

