# JRE version: Java(TM) SE Runtime Environment (13.0.2+8) (build 13.0.2+8)
# Java VM: Java HotSpot(TM) 64-Bit Server VM (13.0.2+8, mixed mode, sharing, tiered, compressed oops, g1 gc, windows-amd64)
Heap:
 garbage-first heap   total 225280K, used 132740K [0x00000000c1600000, 0x0000000100000000)
  region size 1024K, 4 young (4096K), 3 survivors (3072K)
 Metaspace       used 20847K, capacity 21263K, committed 21504K, reserved 1069056K
  class space    used 2370K, capacity 2540K, committed 2560K, reserved 1048576K
GC Heap History (18 events):
Event: 14.099 GC heap before
{Heap before GC invocations=0 (full 0):
 garbage-first heap   total 65536K, used 14336K [0x00000000c1600000, 0x0000000100000000)
  region size 1024K, 14 young (14336K), 0 survivors (0K)
 Metaspace       used 9912K, capacity 10198K, committed 10240K, reserved 1058816K
  class space    used 1121K, capacity 1255K, committed 1280K, reserved 1048576K
}
Event: 14.109 GC heap after
{Heap after GC invocations=1 (full 0):
 garbage-first heap   total 65536K, used 6206K [0x00000000c1600000, 0x0000000100000000)
  region size 1024K, 2 young (2048K), 2 survivors (2048K)
 Metaspace       used 9912K, capacity 10198K, committed 10240K, reserved 1058816K
  class space    used 1121K, capacity 1255K, committed 1280K, reserved 1048576K
}
Event: 14.184 GC heap before
{Heap before GC invocations=1 (full 0):
 garbage-first heap   total 65536K, used 8254K [0x00000000c1600000, 0x0000000100000000)
  region size 1024K, 4 young (4096K), 2 survivors (2048K)
 Metaspace       used 9987K, capacity 10262K, committed 10496K, reserved 1058816K
  class space    used 1124K, capacity 1255K, committed 1280K, reserved 1048576K
}
Event: 14.189 GC heap after
{Heap after GC invocations=2 (full 0):
 garbage-first heap   total 65536K, used 6727K [0x00000000c1600000, 0x0000000100000000)
  region size 1024K, 1 young (1024K), 1 survivors (1024K)
 Metaspace       used 9987K, capacity 10262K, committed 10496K, reserved 1058816K
  class space    used 1124K, capacity 1255K, committed 1280K, reserved 1048576K
}
Event: 27.472 GC heap before
{Heap before GC invocations=2 (full 0):
 garbage-first heap   total 65536K, used 11847K [0x00000000c1600000, 0x0000000100000000)
  region size 1024K, 7 young (7168K), 1 survivors (1024K)
 Metaspace       used 11800K, capacity 12102K, committed 12288K, reserved 1060864K
  class space    used 1324K, capacity 1442K, committed 1536K, reserved 1048576K
}
Event: 27.477 GC heap after
{Heap after GC invocations=3 (full 0):
 garbage-first heap   total 65536K, used 9281K [0x00000000c1600000, 0x0000000100000000)
  region size 1024K, 3 young (3072K), 3 survivors (3072K)
 Metaspace       used 11800K, capacity 12102K, committed 12288K, reserved 1060864K
  class space    used 1324K, capacity 1442K, committed 1536K, reserved 1048576K
}
Event: 27.769 GC heap before
{Heap before GC invocations=4 (full 0):
 garbage-first heap   total 209920K, used 140353K [0x00000000c1600000, 0x0000000100000000)
  region size 1024K, 21 young (21504K), 3 survivors (3072K)
 Metaspace       used 11802K, capacity 12102K, committed 12288K, reserved 1060864K
  class space    used 1324K, capacity 1442K, committed 1536K, reserved 1048576K
}
Event: 27.771 GC heap after
{Heap after GC invocations=5 (full 0):
 garbage-first heap   total 209920K, used 123146K [0x00000000c1600000, 0x0000000100000000)
  region size 1024K, 1 young (1024K), 1 survivors (1024K)
 Metaspace       used 11802K, capacity 12102K, committed 12288K, reserved 1060864K
  class space    used 1324K, capacity 1442K, committed 1536K, reserved 1048576K
}
Event: 28.040 GC heap before
{Heap before GC invocations=5 (full 0):
 garbage-first heap   total 209920K, used 170250K [0x00000000c1600000, 0x0000000100000000)
  region size 1024K, 48 young (49152K), 1 survivors (1024K)
 Metaspace       used 11802K, capacity 12102K, committed 12288K, reserved 1060864K
  class space    used 1324K, capacity 1442K, committed 1536K, reserved 1048576K
}
Event: 28.041 GC heap after
{Heap after GC invocations=6 (full 0):
 garbage-first heap   total 209920K, used 123198K [0x00000000c1600000, 0x0000000100000000)
  region size 1024K, 1 young (1024K), 1 survivors (1024K)
 Metaspace       used 11802K, capacity 12102K, committed 12288K, reserved 1060864K
  class space    used 1324K, capacity 1442K, committed 1536K, reserved 1048576K
}
Event: 28.331 GC heap before
{Heap before GC invocations=7 (full 0):
 garbage-first heap   total 214016K, used 174398K [0x00000000c1600000, 0x0000000100000000)
  region size 1024K, 51 young (52224K), 1 survivors (1024K)
 Metaspace       used 11805K, capacity 12102K, committed 12288K, reserved 1060864K
  class space    used 1325K, capacity 1442K, committed 1536K, reserved 1048576K
}
Event: 28.332 GC heap after
{Heap after GC invocations=8 (full 0):
 garbage-first heap   total 214016K, used 123180K [0x00000000c1600000, 0x0000000100000000)
  region size 1024K, 1 young (1024K), 1 survivors (1024K)
 Metaspace       used 11805K, capacity 12102K, committed 12288K, reserved 1060864K
  class space    used 1325K, capacity 1442K, committed 1536K, reserved 1048576K
}
Event: 28.339 GC heap before
{Heap before GC invocations=8 (full 0):
 garbage-first heap   total 214016K, used 123180K [0x00000000c1600000, 0x0000000100000000)
  region size 1024K, 2 young (2048K), 1 survivors (1024K)
 Metaspace       used 11806K, capacity 12102K, committed 12288K, reserved 1060864K
  class space    used 1325K, capacity 1442K, committed 1536K, reserved 1048576K
}
Event: 28.340 GC heap after
{Heap after GC invocations=9 (full 0):
 garbage-first heap   total 214016K, used 123209K [0x00000000c1600000, 0x0000000100000000)
  region size 1024K, 1 young (1024K), 1 survivors (1024K)
 Metaspace       used 11806K, capacity 12102K, committed 12288K, reserved 1060864K
  class space    used 1325K, capacity 1442K, committed 1536K, reserved 1048576K
}
Event: 28.390 GC heap before
{Heap before GC invocations=10 (full 0):
 garbage-first heap   total 217088K, used 127305K [0x00000000c1600000, 0x0000000100000000)
  region size 1024K, 2 young (2048K), 1 survivors (1024K)
 Metaspace       used 11814K, capacity 12102K, committed 12288K, reserved 1060864K
  class space    used 1325K, capacity 1442K, committed 1536K, reserved 1048576K
}
Event: 28.391 GC heap after
{Heap after GC invocations=11 (full 0):
 garbage-first heap   total 217088K, used 127326K [0x00000000c1600000, 0x0000000100000000)
  region size 1024K, 1 young (1024K), 1 survivors (1024K)
 Metaspace       used 11814K, capacity 12102K, committed 12288K, reserved 1060864K
  class space    used 1325K, capacity 1442K, committed 1536K, reserved 1048576K
}
Event: 38.735 GC heap before
{Heap before GC invocations=12 (full 0):
 garbage-first heap   total 222208K, used 160094K [0x00000000c1600000, 0x0000000100000000)
  region size 1024K, 32 young (32768K), 1 survivors (1024K)
 Metaspace       used 20778K, capacity 21199K, committed 21248K, reserved 1069056K
  class space    used 2353K, capacity 2540K, committed 2560K, reserved 1048576K
}
Event: 38.754 GC heap after
{Heap after GC invocations=13 (full 0):
 garbage-first heap   total 222208K, used 132740K [0x00000000c1600000, 0x0000000100000000)
  region size 1024K, 3 young (3072K), 3 survivors (3072K)
 Metaspace       used 20778K, capacity 21199K, committed 21248K, reserved 1069056K
  class space    used 2353K, capacity 2540K, committed 2560K, reserved 1048576K
}

