# JRE version: Java(TM) SE Runtime Environment (13.0.2+8) (build 13.0.2+8)
# Java VM: Java HotSpot(TM) 64-Bit Server VM (13.0.2+8, mixed mode, sharing, tiered, compressed oops, g1 gc, windows-amd64)
Heap:
 garbage-first heap   total 206848K, used 121225K [0x00000000c1600000, 0x0000000100000000)
  region size 1024K, 3 young (3072K), 2 survivors (2048K)
 Metaspace       used 12247K, capacity 12535K, committed 12800K, reserved 1060864K
  class space    used 1382K, capacity 1521K, committed 1536K, reserved 1048576K
GC Heap History (10 events):
Event: 7.886 GC heap before
{Heap before GC invocations=0 (full 0):
 garbage-first heap   total 65536K, used 14336K [0x00000000c1600000, 0x0000000100000000)
  region size 1024K, 14 young (14336K), 0 survivors (0K)
 Metaspace       used 10494K, capacity 10725K, committed 10880K, reserved 1058816K
  class space    used 1251K, capacity 1344K, committed 1408K, reserved 1048576K
}
Event: 7.910 GC heap after
{Heap after GC invocations=1 (full 0):
 garbage-first heap   total 65536K, used 5080K [0x00000000c1600000, 0x0000000100000000)
  region size 1024K, 2 young (2048K), 2 survivors (2048K)
 Metaspace       used 10494K, capacity 10725K, committed 10880K, reserved 1058816K
  class space    used 1251K, capacity 1344K, committed 1408K, reserved 1048576K
}
Event: 8.068 GC heap before
{Heap before GC invocations=1 (full 0):
 garbage-first heap   total 65536K, used 6104K [0x00000000c1600000, 0x0000000100000000)
  region size 1024K, 4 young (4096K), 2 survivors (2048K)
 Metaspace       used 10674K, capacity 10885K, committed 11136K, reserved 1058816K
  class space    used 1258K, capacity 1376K, committed 1408K, reserved 1048576K
}
Event: 8.082 GC heap after
{Heap after GC invocations=2 (full 0):
 garbage-first heap   total 65536K, used 5521K [0x00000000c1600000, 0x0000000100000000)
  region size 1024K, 1 young (1024K), 1 survivors (1024K)
 Metaspace       used 10674K, capacity 10885K, committed 11136K, reserved 1058816K
  class space    used 1258K, capacity 1376K, committed 1408K, reserved 1048576K
}
Event: 8.628 GC heap before
{Heap before GC invocations=2 (full 0):
 garbage-first heap   total 65536K, used 19857K [0x00000000c1600000, 0x0000000100000000)
  region size 1024K, 15 young (15360K), 1 survivors (1024K)
 Metaspace       used 11085K, capacity 11341K, committed 11392K, reserved 1058816K
  class space    used 1273K, capacity 1377K, committed 1408K, reserved 1048576K
}
Event: 8.630 GC heap after
{Heap after GC invocations=3 (full 0):
 garbage-first heap   total 65536K, used 5698K [0x00000000c1600000, 0x0000000100000000)
  region size 1024K, 1 young (1024K), 1 survivors (1024K)
 Metaspace       used 11085K, capacity 11341K, committed 11392K, reserved 1058816K
  class space    used 1273K, capacity 1377K, committed 1408K, reserved 1048576K
}
Event: 9.555 GC heap before
{Heap before GC invocations=3 (full 0):
 garbage-first heap   total 65536K, used 30274K [0x00000000c1600000, 0x0000000100000000)
  region size 1024K, 25 young (25600K), 1 survivors (1024K)
 Metaspace       used 11651K, capacity 11926K, committed 12032K, reserved 1060864K
  class space    used 1306K, capacity 1444K, committed 1536K, reserved 1048576K
}
Event: 9.557 GC heap after
{Heap after GC invocations=4 (full 0):
 garbage-first heap   total 65536K, used 6057K [0x00000000c1600000, 0x0000000100000000)
  region size 1024K, 1 young (1024K), 1 survivors (1024K)
 Metaspace       used 11651K, capacity 11926K, committed 12032K, reserved 1060864K
  class space    used 1306K, capacity 1444K, committed 1536K, reserved 1048576K
}
Event: 9.965 GC heap before
{Heap before GC invocations=4 (full 0):
 garbage-first heap   total 65536K, used 8105K [0x00000000c1600000, 0x0000000100000000)
  region size 1024K, 4 young (4096K), 1 survivors (1024K)
 Metaspace       used 12246K, capacity 12535K, committed 12800K, reserved 1060864K
  class space    used 1382K, capacity 1521K, committed 1536K, reserved 1048576K
}
Event: 9.969 GC heap after
{Heap after GC invocations=5 (full 0):
 garbage-first heap   total 65536K, used 6537K [0x00000000c1600000, 0x0000000100000000)
  region size 1024K, 2 young (2048K), 2 survivors (2048K)
 Metaspace       used 12246K, capacity 12535K, committed 12800K, reserved 1060864K
  class space    used 1382K, capacity 1521K, committed 1536K, reserved 1048576K
}

