# JRE version: Java(TM) SE Runtime Environment (13.0.2+8) (build 13.0.2+8)
# Java VM: Java HotSpot(TM) 64-Bit Server VM (13.0.2+8, mixed mode, sharing, tiered, compressed oops, g1 gc, windows-amd64)
Heap:
 garbage-first heap   total 180224K, used 4543K [0x00000000c1600000, 0x0000000100000000)
  region size 1024K, 1 young (1024K), 1 survivors (1024K)
 Metaspace       used 10134K, capacity 10451K, committed 10752K, reserved 1058816K
  class space    used 1066K, capacity 1216K, committed 1280K, reserved 1048576K
GC Heap History (6 events):
Event: 1.192 GC heap before
{Heap before GC invocations=0 (full 0):
 garbage-first heap   total 65536K, used 14336K [0x00000000c1600000, 0x0000000100000000)
  region size 1024K, 14 young (14336K), 0 survivors (0K)
 Metaspace       used 8886K, capacity 9160K, committed 9344K, reserved 1056768K
  class space    used 950K, capacity 1063K, committed 1152K, reserved 1048576K
}
Event: 1.199 GC heap after
{Heap after GC invocations=1 (full 0):
 garbage-first heap   total 65536K, used 3499K [0x00000000c1600000, 0x0000000100000000)
  region size 1024K, 2 young (2048K), 2 survivors (2048K)
 Metaspace       used 8886K, capacity 9160K, committed 9344K, reserved 1056768K
  class space    used 950K, capacity 1063K, committed 1152K, reserved 1048576K
}
Event: 1.376 GC heap before
{Heap before GC invocations=1 (full 0):
 garbage-first heap   total 65536K, used 10667K [0x00000000c1600000, 0x0000000100000000)
  region size 1024K, 9 young (9216K), 2 survivors (2048K)
 Metaspace       used 9172K, capacity 9388K, committed 9600K, reserved 1058816K
  class space    used 969K, capacity 1095K, committed 1152K, reserved 1048576K
}
Event: 1.382 GC heap after
{Heap after GC invocations=2 (full 0):
 garbage-first heap   total 65536K, used 4004K [0x00000000c1600000, 0x0000000100000000)
  region size 1024K, 1 young (1024K), 1 survivors (1024K)
 Metaspace       used 9172K, capacity 9388K, committed 9600K, reserved 1058816K
  class space    used 969K, capacity 1095K, committed 1152K, reserved 1048576K
}
Event: 1.564 GC heap before
{Heap before GC invocations=2 (full 0):
 garbage-first heap   total 65536K, used 15268K [0x00000000c1600000, 0x0000000100000000)
  region size 1024K, 13 young (13312K), 1 survivors (1024K)
 Metaspace       used 10134K, capacity 10451K, committed 10752K, reserved 1058816K
  class space    used 1066K, capacity 1216K, committed 1280K, reserved 1048576K
}
Event: 1.567 GC heap after
{Heap after GC invocations=3 (full 0):
 garbage-first heap   total 65536K, used 4543K [0x00000000c1600000, 0x0000000100000000)
  region size 1024K, 1 young (1024K), 1 survivors (1024K)
 Metaspace       used 10134K, capacity 10451K, committed 10752K, reserved 1058816K
  class space    used 1066K, capacity 1216K, committed 1280K, reserved 1048576K
}

