# JRE version: Java(TM) SE Runtime Environment (13.0.2+8) (build 13.0.2+8)
# Java VM: Java HotSpot(TM) 64-Bit Server VM (13.0.2+8, mixed mode, sharing, tiered, compressed oops, g1 gc, windows-amd64)
Heap:
 garbage-first heap   total 215040K, used 127586K [0x00000000c1600000, 0x0000000100000000)
  region size 1024K, 3 young (3072K), 3 survivors (3072K)
 Metaspace       used 20087K, capacity 20467K, committed 20736K, reserved 1067008K
  class space    used 2296K, capacity 2444K, committed 2560K, reserved 1048576K
GC Heap History (8 events):
Event: 2.206 GC heap before
{Heap before GC invocations=0 (full 0):
 garbage-first heap   total 65536K, used 13312K [0x00000000c1600000, 0x0000000100000000)
  region size 1024K, 14 young (14336K), 0 survivors (0K)
 Metaspace       used 6646K, capacity 7242K, committed 7424K, reserved 1056768K
  class space    used 638K, capacity 717K, committed 768K, reserved 1048576K
}
Event: 2.214 GC heap after
{Heap after GC invocations=1 (full 0):
 garbage-first heap   total 65536K, used 5583K [0x00000000c1600000, 0x0000000100000000)
  region size 1024K, 2 young (2048K), 2 survivors (2048K)
 Metaspace       used 6646K, capacity 7242K, committed 7424K, reserved 1056768K
  class space    used 638K, capacity 717K, committed 768K, reserved 1048576K
}
Event: 2.412 GC heap before
{Heap before GC invocations=1 (full 0):
 garbage-first heap   total 65536K, used 9679K [0x00000000c1600000, 0x0000000100000000)
  region size 1024K, 7 young (7168K), 2 survivors (2048K)
 Metaspace       used 8585K, capacity 8826K, committed 8960K, reserved 1056768K
  class space    used 844K, capacity 945K, committed 1024K, reserved 1048576K
}
Event: 2.419 GC heap after
{Heap after GC invocations=2 (full 0):
 garbage-first heap   total 65536K, used 6918K [0x00000000c1600000, 0x0000000100000000)
  region size 1024K, 1 young (1024K), 1 survivors (1024K)
 Metaspace       used 8585K, capacity 8826K, committed 8960K, reserved 1056768K
  class space    used 844K, capacity 945K, committed 1024K, reserved 1048576K
}
Event: 5.498 GC heap before
{Heap before GC invocations=2 (full 0):
 garbage-first heap   total 65536K, used 24326K [0x00000000c1600000, 0x0000000100000000)
  region size 1024K, 19 young (19456K), 1 survivors (1024K)
 Metaspace       used 17080K, capacity 17445K, committed 17664K, reserved 1064960K
  class space    used 1842K, capacity 2012K, committed 2048K, reserved 1048576K
}
Event: 5.504 GC heap after
{Heap after GC invocations=3 (full 0):
 garbage-first heap   total 65536K, used 10828K [0x00000000c1600000, 0x0000000100000000)
  region size 1024K, 3 young (3072K), 3 survivors (3072K)
 Metaspace       used 17080K, capacity 17445K, committed 17664K, reserved 1064960K
  class space    used 1842K, capacity 2012K, committed 2048K, reserved 1048576K
}
Event: 80.842 GC heap before
{Heap before GC invocations=3 (full 0):
 garbage-first heap   total 65536K, used 15948K [0x00000000c1600000, 0x0000000100000000)
  region size 1024K, 9 young (9216K), 3 survivors (3072K)
 Metaspace       used 20087K, capacity 20467K, committed 20736K, reserved 1067008K
  class space    used 2296K, capacity 2444K, committed 2560K, reserved 1048576K
}
Event: 80.857 GC heap after
{Heap after GC invocations=4 (full 0):
 garbage-first heap   total 65536K, used 12898K [0x00000000c1600000, 0x0000000100000000)
  region size 1024K, 3 young (3072K), 3 survivors (3072K)
 Metaspace       used 20087K, capacity 20467K, committed 20736K, reserved 1067008K
  class space    used 2296K, capacity 2444K, committed 2560K, reserved 1048576K
}

