# JRE version: Java(TM) SE Runtime Environment (13.0.2+8) (build 13.0.2+8)
# Java VM: Java HotSpot(TM) 64-Bit Server VM (13.0.2+8, mixed mode, sharing, tiered, compressed oops, g1 gc, windows-amd64)
Heap:
 garbage-first heap   total 291840K, used 169554K [0x00000000c1600000, 0x0000000100000000)
  region size 1024K, 10 young (10240K), 6 survivors (6144K)
 Metaspace       used 25656K, capacity 26122K, committed 26240K, reserved 1073152K
  class space    used 2742K, capacity 2915K, committed 2944K, reserved 1048576K
GC Heap History (20 events):
Event: 4.109 GC heap before
{Heap before GC invocations=5 (full 0):
 garbage-first heap   total 214016K, used 143626K [0x00000000c1600000, 0x0000000100000000)
  region size 1024K, 20 young (20480K), 3 survivors (3072K)
 Metaspace       used 20052K, capacity 20404K, committed 20736K, reserved 1067008K
  class space    used 2295K, capacity 2443K, committed 2560K, reserved 1048576K
}
Event: 4.111 GC heap after
{Heap after GC invocations=6 (full 0):
 garbage-first heap   total 214016K, used 127364K [0x00000000c1600000, 0x0000000100000000)
  region size 1024K, 1 young (1024K), 1 survivors (1024K)
 Metaspace       used 20052K, capacity 20404K, committed 20736K, reserved 1067008K
  class space    used 2295K, capacity 2443K, committed 2560K, reserved 1048576K
}
Event: 4.226 GC heap before
{Heap before GC invocations=6 (full 0):
 garbage-first heap   total 214016K, used 152964K [0x00000000c1600000, 0x0000000100000000)
  region size 1024K, 26 young (26624K), 1 survivors (1024K)
 Metaspace       used 20052K, capacity 20404K, committed 20736K, reserved 1067008K
  class space    used 2295K, capacity 2443K, committed 2560K, reserved 1048576K
}
Event: 4.227 GC heap after
{Heap after GC invocations=7 (full 0):
 garbage-first heap   total 214016K, used 127195K [0x00000000c1600000, 0x0000000100000000)
  region size 1024K, 1 young (1024K), 1 survivors (1024K)
 Metaspace       used 20052K, capacity 20404K, committed 20736K, reserved 1067008K
  class space    used 2295K, capacity 2443K, committed 2560K, reserved 1048576K
}
Event: 4.485 GC heap before
{Heap before GC invocations=8 (full 0):
 garbage-first heap   total 220160K, used 175323K [0x00000000c1600000, 0x0000000100000000)
  region size 1024K, 48 young (49152K), 1 survivors (1024K)
 Metaspace       used 20052K, capacity 20404K, committed 20736K, reserved 1067008K
  class space    used 2295K, capacity 2443K, committed 2560K, reserved 1048576K
}
Event: 4.486 GC heap after
{Heap after GC invocations=9 (full 0):
 garbage-first heap   total 220160K, used 127145K [0x00000000c1600000, 0x0000000100000000)
  region size 1024K, 1 young (1024K), 1 survivors (1024K)
 Metaspace       used 20052K, capacity 20404K, committed 20736K, reserved 1067008K
  class space    used 2295K, capacity 2443K, committed 2560K, reserved 1048576K
}
Event: 9.367 GC heap before
{Heap before GC invocations=9 (full 0):
 garbage-first heap   total 220160K, used 155817K [0x00000000c1600000, 0x0000000100000000)
  region size 1024K, 30 young (30720K), 1 survivors (1024K)
 Metaspace       used 20921K, capacity 21277K, committed 21504K, reserved 1069056K
  class space    used 2379K, capacity 2539K, committed 2560K, reserved 1048576K
}
Event: 9.391 GC heap after
{Heap after GC invocations=10 (full 1):
 garbage-first heap   total 220160K, used 126105K [0x00000000c1600000, 0x0000000100000000)
  region size 1024K, 0 young (0K), 0 survivors (0K)
 Metaspace       used 20921K, capacity 21277K, committed 21504K, reserved 1069056K
  class space    used 2379K, capacity 2539K, committed 2560K, reserved 1048576K
}
Event: 12.864 GC heap before
{Heap before GC invocations=10 (full 1):
 garbage-first heap   total 220160K, used 127129K [0x00000000c1600000, 0x0000000100000000)
  region size 1024K, 2 young (2048K), 0 survivors (0K)
 Metaspace       used 21141K, capacity 21501K, committed 21632K, reserved 1069056K
  class space    used 2404K, capacity 2571K, committed 2688K, reserved 1048576K
}
Event: 12.867 GC heap after
{Heap after GC invocations=11 (full 1):
 garbage-first heap   total 220160K, used 126161K [0x00000000c1600000, 0x0000000100000000)
  region size 1024K, 1 young (1024K), 1 survivors (1024K)
 Metaspace       used 21141K, capacity 21501K, committed 21632K, reserved 1069056K
  class space    used 2404K, capacity 2571K, committed 2688K, reserved 1048576K
}
Event: 13.519 GC heap before
{Heap before GC invocations=12 (full 1):
 garbage-first heap   total 225280K, used 131281K [0x00000000c1600000, 0x0000000100000000)
  region size 1024K, 3 young (3072K), 1 survivors (1024K)
 Metaspace       used 21940K, capacity 22332K, committed 22400K, reserved 1069056K
  class space    used 2505K, capacity 2678K, committed 2688K, reserved 1048576K
}
Event: 13.524 GC heap after
{Heap after GC invocations=13 (full 1):
 garbage-first heap   total 225280K, used 130546K [0x00000000c1600000, 0x0000000100000000)
  region size 1024K, 1 young (1024K), 1 survivors (1024K)
 Metaspace       used 21940K, capacity 22332K, committed 22400K, reserved 1069056K
  class space    used 2505K, capacity 2678K, committed 2688K, reserved 1048576K
}
Event: 45.640 GC heap before
{Heap before GC invocations=14 (full 1):
 garbage-first heap   total 232448K, used 164338K [0x00000000c1600000, 0x0000000100000000)
  region size 1024K, 32 young (32768K), 1 survivors (1024K)
 Metaspace       used 24155K, capacity 24592K, committed 24832K, reserved 1071104K
  class space    used 2662K, capacity 2811K, committed 2816K, reserved 1048576K
}
Event: 45.645 GC heap after
{Heap after GC invocations=15 (full 1):
 garbage-first heap   total 232448K, used 137740K [0x00000000c1600000, 0x0000000100000000)
  region size 1024K, 4 young (4096K), 4 survivors (4096K)
 Metaspace       used 24155K, capacity 24592K, committed 24832K, reserved 1071104K
  class space    used 2662K, capacity 2811K, committed 2816K, reserved 1048576K
}
Event: 46.357 GC heap before
{Heap before GC invocations=16 (full 1):
 garbage-first heap   total 245760K, used 144908K [0x00000000c1600000, 0x0000000100000000)
  region size 1024K, 8 young (8192K), 4 survivors (4096K)
 Metaspace       used 24674K, capacity 25153K, committed 25216K, reserved 1071104K
  class space    used 2718K, capacity 2914K, committed 2944K, reserved 1048576K
}
Event: 46.364 GC heap after
{Heap after GC invocations=17 (full 1):
 garbage-first heap   total 245760K, used 139007K [0x00000000c1600000, 0x0000000100000000)
  region size 1024K, 5 young (5120K), 5 survivors (5120K)
 Metaspace       used 24674K, capacity 25153K, committed 25216K, reserved 1071104K
  class space    used 2718K, capacity 2914K, committed 2944K, reserved 1048576K
}
Event: 48.148 GC heap before
{Heap before GC invocations=18 (full 1):
 garbage-first heap   total 247808K, used 193279K [0x00000000c1600000, 0x0000000100000000)
  region size 1024K, 55 young (56320K), 5 survivors (5120K)
 Metaspace       used 25635K, capacity 26121K, committed 26240K, reserved 1073152K
  class space    used 2742K, capacity 2915K, committed 2944K, reserved 1048576K
}
Event: 48.175 GC heap after
{Heap after GC invocations=19 (full 1):
 garbage-first heap   total 247808K, used 154733K [0x00000000c1600000, 0x0000000100000000)
  region size 1024K, 7 young (7168K), 7 survivors (7168K)
 Metaspace       used 25635K, capacity 26121K, committed 26240K, reserved 1073152K
  class space    used 2742K, capacity 2915K, committed 2944K, reserved 1048576K
}
Event: 48.967 GC heap before
{Heap before GC invocations=19 (full 1):
 garbage-first heap   total 247808K, used 192621K [0x00000000c1600000, 0x0000000100000000)
  region size 1024K, 45 young (46080K), 7 survivors (7168K)
 Metaspace       used 25656K, capacity 26122K, committed 26240K, reserved 1073152K
  class space    used 2742K, capacity 2915K, committed 2944K, reserved 1048576K
}
Event: 49.019 GC heap after
{Heap after GC invocations=20 (full 1):
 garbage-first heap   total 247808K, used 167506K [0x00000000c1600000, 0x0000000100000000)
  region size 1024K, 6 young (6144K), 6 survivors (6144K)
 Metaspace       used 25656K, capacity 26122K, committed 26240K, reserved 1073152K
  class space    used 2742K, capacity 2915K, committed 2944K, reserved 1048576K
}

