# JRE version: Java(TM) SE Runtime Environment (13.0.2+8) (build 13.0.2+8)
# Java VM: Java HotSpot(TM) 64-Bit Server VM (13.0.2+8, mixed mode, sharing, tiered, compressed oops, g1 gc, windows-amd64)
Heap:
 garbage-first heap   total 521216K, used 310581K [0x00000000c1600000, 0x0000000100000000)
  region size 1024K, 7 young (7168K), 3 survivors (3072K)
 Metaspace       used 22433K, capacity 22860K, committed 22912K, reserved 1069056K
  class space    used 2514K, capacity 2686K, committed 2688K, reserved 1048576K
GC Heap History (16 events):
Event: 0.721 GC heap before
{Heap before GC invocations=0 (full 0):
 garbage-first heap   total 65536K, used 13312K [0x00000000c1600000, 0x0000000100000000)
  region size 1024K, 14 young (14336K), 0 survivors (0K)
 Metaspace       used 6190K, capacity 7137K, committed 7424K, reserved 1056768K
  class space    used 585K, capacity 682K, committed 768K, reserved 1048576K
}
Event: 0.729 GC heap after
{Heap after GC invocations=1 (full 0):
 garbage-first heap   total 65536K, used 5457K [0x00000000c1600000, 0x0000000100000000)
  region size 1024K, 2 young (2048K), 2 survivors (2048K)
 Metaspace       used 6190K, capacity 7137K, committed 7424K, reserved 1056768K
  class space    used 585K, capacity 682K, committed 768K, reserved 1048576K
}
Event: 1.003 GC heap before
{Heap before GC invocations=1 (full 0):
 garbage-first heap   total 65536K, used 11601K [0x00000000c1600000, 0x0000000100000000)
  region size 1024K, 8 young (8192K), 2 survivors (2048K)
 Metaspace       used 8695K, capacity 8986K, committed 9216K, reserved 1056768K
  class space    used 852K, capacity 977K, committed 1024K, reserved 1048576K
}
Event: 1.008 GC heap after
{Heap after GC invocations=2 (full 0):
 garbage-first heap   total 65536K, used 6973K [0x00000000c1600000, 0x0000000100000000)
  region size 1024K, 1 young (1024K), 1 survivors (1024K)
 Metaspace       used 8695K, capacity 8986K, committed 9216K, reserved 1056768K
  class space    used 852K, capacity 977K, committed 1024K, reserved 1048576K
}
Event: 2.448 GC heap before
{Heap before GC invocations=2 (full 0):
 garbage-first heap   total 65536K, used 26429K [0x00000000c1600000, 0x0000000100000000)
  region size 1024K, 21 young (21504K), 1 survivors (1024K)
 Metaspace       used 18069K, capacity 18486K, committed 18560K, reserved 1064960K
  class space    used 1980K, capacity 2147K, committed 2176K, reserved 1048576K
}
Event: 2.457 GC heap after
{Heap after GC invocations=3 (full 0):
 garbage-first heap   total 65536K, used 11590K [0x00000000c1600000, 0x0000000100000000)
  region size 1024K, 3 young (3072K), 3 survivors (3072K)
 Metaspace       used 18069K, capacity 18486K, committed 18560K, reserved 1064960K
  class space    used 1980K, capacity 2147K, committed 2176K, reserved 1048576K
}
Event: 2.620 GC heap before
{Heap before GC invocations=3 (full 0):
 garbage-first heap   total 65536K, used 12614K [0x00000000c1600000, 0x0000000100000000)
  region size 1024K, 5 young (5120K), 3 survivors (3072K)
 Metaspace       used 18980K, capacity 19390K, committed 19584K, reserved 1067008K
  class space    used 2157K, capacity 2341K, committed 2432K, reserved 1048576K
}
Event: 2.627 GC heap after
{Heap after GC invocations=4 (full 0):
 garbage-first heap   total 65536K, used 12386K [0x00000000c1600000, 0x0000000100000000)
  region size 1024K, 1 young (1024K), 1 survivors (1024K)
 Metaspace       used 18980K, capacity 19390K, committed 19584K, reserved 1067008K
  class space    used 2157K, capacity 2341K, committed 2432K, reserved 1048576K
}
Event: 2.844 GC heap before
{Heap before GC invocations=5 (full 0):
 garbage-first heap   total 321536K, used 205922K [0x00000000c1600000, 0x0000000100000000)
  region size 1024K, 17 young (17408K), 1 survivors (1024K)
 Metaspace       used 18980K, capacity 19390K, committed 19584K, reserved 1067008K
  class space    used 2157K, capacity 2341K, committed 2432K, reserved 1048576K
}
Event: 2.845 GC heap after
{Heap after GC invocations=6 (full 0):
 garbage-first heap   total 321536K, used 190525K [0x00000000c1600000, 0x0000000100000000)
  region size 1024K, 1 young (1024K), 1 survivors (1024K)
 Metaspace       used 18980K, capacity 19390K, committed 19584K, reserved 1067008K
  class space    used 2157K, capacity 2341K, committed 2432K, reserved 1048576K
}
Event: 3.050 GC heap before
{Heap before GC invocations=6 (full 0):
 garbage-first heap   total 321536K, used 225341K [0x00000000c1600000, 0x0000000100000000)
  region size 1024K, 36 young (36864K), 1 survivors (1024K)
 Metaspace       used 18980K, capacity 19390K, committed 19584K, reserved 1067008K
  class space    used 2157K, capacity 2341K, committed 2432K, reserved 1048576K
}
Event: 3.052 GC heap after
{Heap after GC invocations=7 (full 0):
 garbage-first heap   total 321536K, used 190459K [0x00000000c1600000, 0x0000000100000000)
  region size 1024K, 1 young (1024K), 1 survivors (1024K)
 Metaspace       used 18980K, capacity 19390K, committed 19584K, reserved 1067008K
  class space    used 2157K, capacity 2341K, committed 2432K, reserved 1048576K
}
Event: 3.428 GC heap before
{Heap before GC invocations=8 (full 0):
 garbage-first heap   total 324608K, used 264187K [0x00000000c1600000, 0x0000000100000000)
  region size 1024K, 74 young (75776K), 1 survivors (1024K)
 Metaspace       used 18980K, capacity 19390K, committed 19584K, reserved 1067008K
  class space    used 2157K, capacity 2341K, committed 2432K, reserved 1048576K
}
Event: 3.429 GC heap after
{Heap after GC invocations=9 (full 0):
 garbage-first heap   total 324608K, used 190438K [0x00000000c1600000, 0x0000000100000000)
  region size 1024K, 1 young (1024K), 1 survivors (1024K)
 Metaspace       used 18980K, capacity 19390K, committed 19584K, reserved 1067008K
  class space    used 2157K, capacity 2341K, committed 2432K, reserved 1048576K
}
Event: 6.484 GC heap before
{Heap before GC invocations=9 (full 0):
 garbage-first heap   total 324608K, used 255974K [0x00000000c1600000, 0x0000000100000000)
  region size 1024K, 67 young (68608K), 1 survivors (1024K)
 Metaspace       used 22429K, capacity 22860K, committed 22912K, reserved 1069056K
  class space    used 2513K, capacity 2686K, committed 2688K, reserved 1048576K
}
Event: 6.489 GC heap after
{Heap after GC invocations=10 (full 0):
 garbage-first heap   total 324608K, used 192821K [0x00000000c1600000, 0x0000000100000000)
  region size 1024K, 3 young (3072K), 3 survivors (3072K)
 Metaspace       used 22429K, capacity 22860K, committed 22912K, reserved 1069056K
  class space    used 2513K, capacity 2686K, committed 2688K, reserved 1048576K
}

