# JRE version: Java(TM) SE Runtime Environment (13.0.2+8) (build 13.0.2+8)
# Java VM: Java HotSpot(TM) 64-Bit Server VM (13.0.2+8, mixed mode, sharing, tiered, compressed oops, g1 gc, windows-amd64)
Heap:
 garbage-first heap   total 219136K, used 127332K [0x00000000c1600000, 0x0000000100000000)
  region size 1024K, 2 young (2048K), 1 survivors (1024K)
 Metaspace       used 10395K, capacity 10664K, committed 11008K, reserved 1058816K
  class space    used 1277K, capacity 1412K, committed 1536K, reserved 1048576K
GC Heap History (14 events):
Event: 1.215 GC heap before
{Heap before GC invocations=0 (full 0):
 garbage-first heap   total 65536K, used 9216K [0x00000000c1600000, 0x0000000100000000)
  region size 1024K, 10 young (10240K), 0 survivors (0K)
 Metaspace       used 9166K, capacity 9433K, committed 9600K, reserved 1056768K
  class space    used 1150K, capacity 1281K, committed 1408K, reserved 1048576K
}
Event: 1.226 GC heap after
{Heap after GC invocations=1 (full 0):
 garbage-first heap   total 65536K, used 4362K [0x00000000c1600000, 0x0000000100000000)
  region size 1024K, 2 young (2048K), 2 survivors (2048K)
 Metaspace       used 9166K, capacity 9433K, committed 9600K, reserved 1056768K
  class space    used 1150K, capacity 1281K, committed 1408K, reserved 1048576K
}
Event: 1.608 GC heap before
{Heap before GC invocations=2 (full 0):
 garbage-first heap   total 201728K, used 124170K [0x00000000c1600000, 0x0000000100000000)
  region size 1024K, 8 young (8192K), 2 survivors (2048K)
 Metaspace       used 9167K, capacity 9433K, committed 9600K, reserved 1056768K
  class space    used 1150K, capacity 1281K, committed 1408K, reserved 1048576K
}
Event: 1.612 GC heap after
{Heap after GC invocations=3 (full 0):
 garbage-first heap   total 201728K, used 119153K [0x00000000c1600000, 0x0000000100000000)
  region size 1024K, 1 young (1024K), 1 survivors (1024K)
 Metaspace       used 9167K, capacity 9433K, committed 9600K, reserved 1056768K
  class space    used 1150K, capacity 1281K, committed 1408K, reserved 1048576K
}
Event: 1.931 GC heap before
{Heap before GC invocations=3 (full 0):
 garbage-first heap   total 201728K, used 142705K [0x00000000c1600000, 0x0000000100000000)
  region size 1024K, 25 young (25600K), 1 survivors (1024K)
 Metaspace       used 9167K, capacity 9433K, committed 9600K, reserved 1056768K
  class space    used 1150K, capacity 1281K, committed 1408K, reserved 1048576K
}
Event: 1.932 GC heap after
{Heap after GC invocations=4 (full 0):
 garbage-first heap   total 201728K, used 119120K [0x00000000c1600000, 0x0000000100000000)
  region size 1024K, 1 young (1024K), 1 survivors (1024K)
 Metaspace       used 9167K, capacity 9433K, committed 9600K, reserved 1056768K
  class space    used 1150K, capacity 1281K, committed 1408K, reserved 1048576K
}
Event: 2.707 GC heap before
{Heap before GC invocations=5 (full 0):
 garbage-first heap   total 203776K, used 168272K [0x00000000c1600000, 0x0000000100000000)
  region size 1024K, 50 young (51200K), 1 survivors (1024K)
 Metaspace       used 9167K, capacity 9433K, committed 9600K, reserved 1056768K
  class space    used 1150K, capacity 1281K, committed 1408K, reserved 1048576K
}
Event: 2.708 GC heap after
{Heap after GC invocations=6 (full 0):
 garbage-first heap   total 203776K, used 119107K [0x00000000c1600000, 0x0000000100000000)
  region size 1024K, 1 young (1024K), 1 survivors (1024K)
 Metaspace       used 9167K, capacity 9433K, committed 9600K, reserved 1056768K
  class space    used 1150K, capacity 1281K, committed 1408K, reserved 1048576K
}
Event: 3.691 GC heap before
{Heap before GC invocations=6 (full 0):
 garbage-first heap   total 203776K, used 159043K [0x00000000c1600000, 0x0000000100000000)
  region size 1024K, 41 young (41984K), 1 survivors (1024K)
 Metaspace       used 9866K, capacity 10111K, committed 10368K, reserved 1058816K
  class space    used 1208K, capacity 1313K, committed 1408K, reserved 1048576K
}
Event: 3.699 GC heap after
{Heap after GC invocations=7 (full 1):
 garbage-first heap   total 203776K, used 118899K [0x00000000c1600000, 0x0000000100000000)
  region size 1024K, 0 young (0K), 0 survivors (0K)
 Metaspace       used 9866K, capacity 10111K, committed 10368K, reserved 1058816K
  class space    used 1208K, capacity 1313K, committed 1408K, reserved 1048576K
}
Event: 3.722 GC heap before
{Heap before GC invocations=7 (full 1):
 garbage-first heap   total 203776K, used 118899K [0x00000000c1600000, 0x0000000100000000)
  region size 1024K, 2 young (2048K), 0 survivors (0K)
 Metaspace       used 9969K, capacity 10207K, committed 10368K, reserved 1058816K
  class space    used 1223K, capacity 1345K, committed 1408K, reserved 1048576K
}
Event: 3.723 GC heap after
{Heap after GC invocations=8 (full 1):
 garbage-first heap   total 203776K, used 118913K [0x00000000c1600000, 0x0000000100000000)
  region size 1024K, 1 young (1024K), 1 survivors (1024K)
 Metaspace       used 9969K, capacity 10207K, committed 10368K, reserved 1058816K
  class space    used 1223K, capacity 1345K, committed 1408K, reserved 1048576K
}
Event: 3.982 GC heap before
{Heap before GC invocations=9 (full 1):
 garbage-first heap   total 215040K, used 126081K [0x00000000c1600000, 0x0000000100000000)
  region size 1024K, 6 young (6144K), 1 survivors (1024K)
 Metaspace       used 10383K, capacity 10664K, committed 11008K, reserved 1058816K
  class space    used 1276K, capacity 1412K, committed 1536K, reserved 1048576K
}
Event: 3.984 GC heap after
{Heap after GC invocations=10 (full 1):
 garbage-first heap   total 215040K, used 123236K [0x00000000c1600000, 0x0000000100000000)
  region size 1024K, 1 young (1024K), 1 survivors (1024K)
 Metaspace       used 10383K, capacity 10664K, committed 11008K, reserved 1058816K
  class space    used 1276K, capacity 1412K, committed 1536K, reserved 1048576K
}

