# JRE version: Java(TM) SE Runtime Environment (13.0.2+8) (build 13.0.2+8)
# Java VM: Java HotSpot(TM) 64-Bit Server VM (13.0.2+8, mixed mode, sharing, tiered, compressed oops, g1 gc, windows-amd64)
Heap:
 garbage-first heap   total 232448K, used 144810K [0x00000000c1600000, 0x0000000100000000)
  region size 1024K, 13 young (13312K), 1 survivors (1024K)
 Metaspace       used 22787K, capacity 23238K, committed 23552K, reserved 1071104K
  class space    used 2550K, capacity 2744K, committed 2816K, reserved 1048576K
GC Heap History (20 events):
Event: 1.002 GC heap before
{Heap before GC invocations=0 (full 0):
 garbage-first heap   total 65536K, used 13312K [0x00000000c1600000, 0x0000000100000000)
  region size 1024K, 14 young (14336K), 0 survivors (0K)
 Metaspace       used 6709K, capacity 7312K, committed 7424K, reserved 1056768K
  class space    used 645K, capacity 723K, committed 768K, reserved 1048576K
}
Event: 1.010 GC heap after
{Heap after GC invocations=1 (full 0):
 garbage-first heap   total 65536K, used 5683K [0x00000000c1600000, 0x0000000100000000)
  region size 1024K, 2 young (2048K), 2 survivors (2048K)
 Metaspace       used 6709K, capacity 7312K, committed 7424K, reserved 1056768K
  class space    used 645K, capacity 723K, committed 768K, reserved 1048576K
}
Event: 2.029 GC heap before
{Heap before GC invocations=1 (full 0):
 garbage-first heap   total 65536K, used 12851K [0x00000000c1600000, 0x0000000100000000)
  region size 1024K, 9 young (9216K), 2 survivors (2048K)
 Metaspace       used 9738K, capacity 9993K, committed 10112K, reserved 1058816K
  class space    used 968K, capacity 1077K, committed 1152K, reserved 1048576K
}
Event: 2.036 GC heap after
{Heap after GC invocations=2 (full 0):
 garbage-first heap   total 65536K, used 7092K [0x00000000c1600000, 0x0000000100000000)
  region size 1024K, 2 young (2048K), 2 survivors (2048K)
 Metaspace       used 9738K, capacity 9993K, committed 10112K, reserved 1058816K
  class space    used 968K, capacity 1077K, committed 1152K, reserved 1048576K
}
Event: 9.127 GC heap before
{Heap before GC invocations=2 (full 0):
 garbage-first heap   total 65536K, used 26548K [0x00000000c1600000, 0x0000000100000000)
  region size 1024K, 22 young (22528K), 2 survivors (2048K)
 Metaspace       used 19042K, capacity 19380K, committed 19584K, reserved 1067008K
  class space    used 2171K, capacity 2335K, committed 2432K, reserved 1048576K
}
Event: 9.146 GC heap after
{Heap after GC invocations=3 (full 0):
 garbage-first heap   total 65536K, used 11493K [0x00000000c1600000, 0x0000000100000000)
  region size 1024K, 3 young (3072K), 3 survivors (3072K)
 Metaspace       used 19042K, capacity 19380K, committed 19584K, reserved 1067008K
  class space    used 2171K, capacity 2335K, committed 2432K, reserved 1048576K
}
Event: 9.836 GC heap before
{Heap before GC invocations=3 (full 0):
 garbage-first heap   total 65536K, used 12517K [0x00000000c1600000, 0x0000000100000000)
  region size 1024K, 5 young (5120K), 3 survivors (3072K)
 Metaspace       used 20080K, capacity 20468K, committed 20736K, reserved 1067008K
  class space    used 2295K, capacity 2443K, committed 2560K, reserved 1048576K
}
Event: 9.845 GC heap after
{Heap after GC invocations=4 (full 0):
 garbage-first heap   total 65536K, used 12391K [0x00000000c1600000, 0x0000000100000000)
  region size 1024K, 1 young (1024K), 1 survivors (1024K)
 Metaspace       used 20080K, capacity 20468K, committed 20736K, reserved 1067008K
  class space    used 2295K, capacity 2443K, committed 2560K, reserved 1048576K
}
Event: 10.195 GC heap before
{Heap before GC invocations=5 (full 0):
 garbage-first heap   total 215040K, used 143463K [0x00000000c1600000, 0x0000000100000000)
  region size 1024K, 18 young (18432K), 1 survivors (1024K)
 Metaspace       used 20080K, capacity 20468K, committed 20736K, reserved 1067008K
  class space    used 2295K, capacity 2443K, committed 2560K, reserved 1048576K
}
Event: 10.196 GC heap after
{Heap after GC invocations=6 (full 0):
 garbage-first heap   total 215040K, used 126920K [0x00000000c1600000, 0x0000000100000000)
  region size 1024K, 1 young (1024K), 1 survivors (1024K)
 Metaspace       used 20080K, capacity 20468K, committed 20736K, reserved 1067008K
  class space    used 2295K, capacity 2443K, committed 2560K, reserved 1048576K
}
Event: 10.349 GC heap before
{Heap before GC invocations=6 (full 0):
 garbage-first heap   total 215040K, used 155592K [0x00000000c1600000, 0x0000000100000000)
  region size 1024K, 30 young (30720K), 1 survivors (1024K)
 Metaspace       used 20080K, capacity 20468K, committed 20736K, reserved 1067008K
  class space    used 2295K, capacity 2443K, committed 2560K, reserved 1048576K
}
Event: 10.350 GC heap after
{Heap after GC invocations=7 (full 0):
 garbage-first heap   total 215040K, used 126874K [0x00000000c1600000, 0x0000000100000000)
  region size 1024K, 1 young (1024K), 1 survivors (1024K)
 Metaspace       used 20080K, capacity 20468K, committed 20736K, reserved 1067008K
  class space    used 2295K, capacity 2443K, committed 2560K, reserved 1048576K
}
Event: 10.530 GC heap before
{Heap before GC invocations=8 (full 0):
 garbage-first heap   total 217088K, used 159642K [0x00000000c1600000, 0x0000000100000000)
  region size 1024K, 34 young (34816K), 1 survivors (1024K)
 Metaspace       used 20080K, capacity 20468K, committed 20736K, reserved 1067008K
  class space    used 2295K, capacity 2443K, committed 2560K, reserved 1048576K
}
Event: 10.531 GC heap after
{Heap after GC invocations=9 (full 0):
 garbage-first heap   total 217088K, used 126880K [0x00000000c1600000, 0x0000000100000000)
  region size 1024K, 1 young (1024K), 1 survivors (1024K)
 Metaspace       used 20080K, capacity 20468K, committed 20736K, reserved 1067008K
  class space    used 2295K, capacity 2443K, committed 2560K, reserved 1048576K
}
Event: 19.899 GC heap before
{Heap before GC invocations=9 (full 0):
 garbage-first heap   total 217088K, used 164768K [0x00000000c1600000, 0x0000000100000000)
  region size 1024K, 39 young (39936K), 1 survivors (1024K)
 Metaspace       used 20682K, capacity 21049K, committed 21248K, reserved 1069056K
  class space    used 2347K, capacity 2507K, committed 2560K, reserved 1048576K
}
Event: 19.940 GC heap after
{Heap after GC invocations=10 (full 1):
 garbage-first heap   total 217088K, used 125964K [0x00000000c1600000, 0x0000000100000000)
  region size 1024K, 0 young (0K), 0 survivors (0K)
 Metaspace       used 20682K, capacity 21049K, committed 21248K, reserved 1069056K
  class space    used 2347K, capacity 2507K, committed 2560K, reserved 1048576K
}
Event: 21.276 GC heap before
{Heap before GC invocations=10 (full 1):
 garbage-first heap   total 217088K, used 125964K [0x00000000c1600000, 0x0000000100000000)
  region size 1024K, 1 young (1024K), 0 survivors (0K)
 Metaspace       used 20889K, capacity 21273K, committed 21504K, reserved 1069056K
  class space    used 2374K, capacity 2539K, committed 2560K, reserved 1048576K
}
Event: 21.280 GC heap after
{Heap after GC invocations=11 (full 1):
 garbage-first heap   total 217088K, used 126032K [0x00000000c1600000, 0x0000000100000000)
  region size 1024K, 1 young (1024K), 1 survivors (1024K)
 Metaspace       used 20889K, capacity 21273K, committed 21504K, reserved 1069056K
  class space    used 2374K, capacity 2539K, committed 2560K, reserved 1048576K
}
Event: 21.722 GC heap before
{Heap before GC invocations=12 (full 1):
 garbage-first heap   total 225280K, used 131152K [0x00000000c1600000, 0x0000000100000000)
  region size 1024K, 3 young (3072K), 1 survivors (1024K)
 Metaspace       used 21562K, capacity 21917K, committed 22144K, reserved 1069056K
  class space    used 2448K, capacity 2603K, committed 2688K, reserved 1048576K
}
Event: 21.728 GC heap after
{Heap after GC invocations=13 (full 1):
 garbage-first heap   total 225280K, used 130474K [0x00000000c1600000, 0x0000000100000000)
  region size 1024K, 1 young (1024K), 1 survivors (1024K)
 Metaspace       used 21562K, capacity 21917K, committed 22144K, reserved 1069056K
  class space    used 2448K, capacity 2603K, committed 2688K, reserved 1048576K
}

